2019-08-09T00:07:00+00:00 CRITICAL Uncaught Error: Call to undefined function get_field() in /opt/bitnami/apps/wordpress/asteriscos-wp/wp-content/themes/asteriscos/templates/template-volutario.php:9
Stack trace:
#0 /opt/bitnami/apps/wordpress/asteriscos-wp/wp-includes/template-loader.php(74): include()
#1 /opt/bitnami/apps/wordpress/asteriscos-wp/wp-blog-header.php(19): require_once('/opt/bitnami/ap...')
#2 /opt/bitnami/apps/wordpress/asteriscos-wp/index.php(17): require('/opt/bitnami/ap...')
#3 {main}
  thrown

2019-08-09T00:39:55+00:00 CRITICAL Uncaught Error: Call to undefined function get_field() in /opt/bitnami/apps/wordpress/asteriscos-wp/wp-content/themes/asteriscos/templates/template-home.php:9
Stack trace:
#0 /opt/bitnami/apps/wordpress/asteriscos-wp/wp-includes/template-loader.php(74): include()
#1 /opt/bitnami/apps/wordpress/asteriscos-wp/wp-blog-header.php(19): require_once('/opt/bitnami/ap...')
#2 /opt/bitnami/apps/wordpress/asteriscos-wp/index.php(17): require('/opt/bitnami/ap...')
#3 {main}
  thrown

2019-08-09T00:58:53+00:00 CRITICAL Uncaught Error: Call to undefined function get_field() in /opt/bitnami/apps/wordpress/asteriscos-wp/wp-content/themes/asteriscos/templates/template-index-grid.php:9
Stack trace:
#0 /opt/bitnami/apps/wordpress/asteriscos-wp/wp-includes/template-loader.php(74): include()
#1 /opt/bitnami/apps/wordpress/asteriscos-wp/wp-blog-header.php(19): require_once('/opt/bitnami/ap...')
#2 /opt/bitnami/apps/wordpress/asteriscos-wp/index.php(17): require('/opt/bitnami/ap...')
#3 {main}
  thrown

2019-08-09T01:13:17+00:00 CRITICAL Uncaught Error: Call to undefined function get_field() in /opt/bitnami/apps/wordpress/asteriscos-wp/wp-content/themes/asteriscos/templates/template-volutario.php:9
Stack trace:
#0 /opt/bitnami/apps/wordpress/asteriscos-wp/wp-includes/template-loader.php(74): include()
#1 /opt/bitnami/apps/wordpress/asteriscos-wp/wp-blog-header.php(19): require_once('/opt/bitnami/ap...')
#2 /opt/bitnami/apps/wordpress/asteriscos-wp/index.php(17): require('/opt/bitnami/ap...')
#3 {main}
  thrown

2019-08-09T02:50:05+00:00 CRITICAL Uncaught Error: Call to undefined function get_field() in /opt/bitnami/apps/wordpress/asteriscos-wp/wp-content/themes/asteriscos/templates/template-item.php:9
Stack trace:
#0 /opt/bitnami/apps/wordpress/asteriscos-wp/wp-includes/template-loader.php(74): include()
#1 /opt/bitnami/apps/wordpress/asteriscos-wp/wp-blog-header.php(19): require_once('/opt/bitnami/ap...')
#2 /opt/bitnami/apps/wordpress/asteriscos-wp/index.php(17): require('/opt/bitnami/ap...')
#3 {main}
  thrown

2019-08-09T02:52:25+00:00 CRITICAL Uncaught Error: Call to undefined function get_field() in /opt/bitnami/apps/wordpress/asteriscos-wp/wp-content/themes/asteriscos/templates/template-home.php:9
Stack trace:
#0 /opt/bitnami/apps/wordpress/asteriscos-wp/wp-includes/template-loader.php(74): include()
#1 /opt/bitnami/apps/wordpress/asteriscos-wp/wp-blog-header.php(19): require_once('/opt/bitnami/ap...')
#2 /opt/bitnami/apps/wordpress/asteriscos-wp/index.php(17): require('/opt/bitnami/ap...')
#3 {main}
  thrown

2019-08-09T03:27:41+00:00 CRITICAL Uncaught Error: Call to undefined function get_field() in /opt/bitnami/apps/wordpress/asteriscos-wp/wp-content/themes/asteriscos/templates/template-home.php:9
Stack trace:
#0 /opt/bitnami/apps/wordpress/asteriscos-wp/wp-includes/template-loader.php(74): include()
#1 /opt/bitnami/apps/wordpress/asteriscos-wp/wp-blog-header.php(19): require_once('/opt/bitnami/ap...')
#2 /opt/bitnami/apps/wordpress/asteriscos-wp/index.php(17): require('/opt/bitnami/ap...')
#3 {main}
  thrown

2019-08-09T03:27:55+00:00 CRITICAL Uncaught Error: Call to undefined function get_field() in /opt/bitnami/apps/wordpress/asteriscos-wp/wp-content/themes/asteriscos/templates/template-home.php:9
Stack trace:
#0 /opt/bitnami/apps/wordpress/asteriscos-wp/wp-includes/template-loader.php(74): include()
#1 /opt/bitnami/apps/wordpress/asteriscos-wp/wp-blog-header.php(19): require_once('/opt/bitnami/ap...')
#2 /opt/bitnami/apps/wordpress/asteriscos-wp/index.php(17): require('/opt/bitnami/ap...')
#3 {main}
  thrown

2019-08-09T03:48:01+00:00 CRITICAL Uncaught Error: Call to undefined function get_field() in /opt/bitnami/apps/wordpress/asteriscos-wp/wp-content/themes/asteriscos/templates/template-item.php:9
Stack trace:
#0 /opt/bitnami/apps/wordpress/asteriscos-wp/wp-includes/template-loader.php(74): include()
#1 /opt/bitnami/apps/wordpress/asteriscos-wp/wp-blog-header.php(19): require_once('/opt/bitnami/ap...')
#2 /opt/bitnami/apps/wordpress/asteriscos-wp/index.php(17): require('/opt/bitnami/ap...')
#3 {main}
  thrown

2019-08-09T03:50:32+00:00 CRITICAL Uncaught Error: Call to undefined function get_field() in /opt/bitnami/apps/wordpress/asteriscos-wp/wp-content/themes/asteriscos/templates/template-volutario.php:9
Stack trace:
#0 /opt/bitnami/apps/wordpress/asteriscos-wp/wp-includes/template-loader.php(74): include()
#1 /opt/bitnami/apps/wordpress/asteriscos-wp/wp-blog-header.php(19): require_once('/opt/bitnami/ap...')
#2 /opt/bitnami/apps/wordpress/asteriscos-wp/index.php(17): require('/opt/bitnami/ap...')
#3 {main}
  thrown

2019-08-09T04:30:02+00:00 CRITICAL Uncaught Error: Call to undefined function get_field() in /opt/bitnami/apps/wordpress/asteriscos-wp/wp-content/themes/asteriscos/templates/template-home.php:9
Stack trace:
#0 /opt/bitnami/apps/wordpress/asteriscos-wp/wp-includes/template-loader.php(74): include()
#1 /opt/bitnami/apps/wordpress/asteriscos-wp/wp-blog-header.php(19): require_once('/opt/bitnami/ap...')
#2 /opt/bitnami/apps/wordpress/asteriscos-wp/index.php(17): require('/opt/bitnami/ap...')
#3 {main}
  thrown

2019-08-09T04:56:03+00:00 CRITICAL Uncaught Error: Call to undefined function get_field() in /opt/bitnami/apps/wordpress/asteriscos-wp/wp-content/themes/asteriscos/templates/template-home.php:9
Stack trace:
#0 /opt/bitnami/apps/wordpress/asteriscos-wp/wp-includes/template-loader.php(74): include()
#1 /opt/bitnami/apps/wordpress/asteriscos-wp/wp-blog-header.php(19): require_once('/opt/bitnami/ap...')
#2 /opt/bitnami/apps/wordpress/asteriscos-wp/index.php(17): require('/opt/bitnami/ap...')
#3 {main}
  thrown

2019-08-09T05:11:12+00:00 CRITICAL Uncaught Error: Call to undefined function get_field() in /opt/bitnami/apps/wordpress/asteriscos-wp/wp-content/themes/asteriscos/templates/template-home.php:9
Stack trace:
#0 /opt/bitnami/apps/wordpress/asteriscos-wp/wp-includes/template-loader.php(74): include()
#1 /opt/bitnami/apps/wordpress/asteriscos-wp/wp-blog-header.php(19): require_once('/opt/bitnami/ap...')
#2 /opt/bitnami/apps/wordpress/asteriscos-wp/index.php(17): require('/opt/bitnami/ap...')
#3 {main}
  thrown

2019-08-09T06:23:39+00:00 CRITICAL Uncaught Error: Call to undefined function get_field() in /opt/bitnami/apps/wordpress/asteriscos-wp/wp-content/themes/asteriscos/templates/template-item.php:9
Stack trace:
#0 /opt/bitnami/apps/wordpress/asteriscos-wp/wp-includes/template-loader.php(74): include()
#1 /opt/bitnami/apps/wordpress/asteriscos-wp/wp-blog-header.php(19): require_once('/opt/bitnami/ap...')
#2 /opt/bitnami/apps/wordpress/asteriscos-wp/index.php(17): require('/opt/bitnami/ap...')
#3 {main}
  thrown

2019-08-09T06:26:53+00:00 CRITICAL Uncaught Error: Call to undefined function get_field() in /opt/bitnami/apps/wordpress/asteriscos-wp/wp-content/themes/asteriscos/templates/template-item.php:9
Stack trace:
#0 /opt/bitnami/apps/wordpress/asteriscos-wp/wp-includes/template-loader.php(74): include()
#1 /opt/bitnami/apps/wordpress/asteriscos-wp/wp-blog-header.php(19): require_once('/opt/bitnami/ap...')
#2 /opt/bitnami/apps/wordpress/asteriscos-wp/index.php(17): require('/opt/bitnami/ap...')
#3 {main}
  thrown

2019-08-09T06:56:12+00:00 CRITICAL Uncaught Error: Call to undefined function get_field() in /opt/bitnami/apps/wordpress/asteriscos-wp/wp-content/themes/asteriscos/templates/template-home.php:9
Stack trace:
#0 /opt/bitnami/apps/wordpress/asteriscos-wp/wp-includes/template-loader.php(74): include()
#1 /opt/bitnami/apps/wordpress/asteriscos-wp/wp-blog-header.php(19): require_once('/opt/bitnami/ap...')
#2 /opt/bitnami/apps/wordpress/asteriscos-wp/index.php(17): require('/opt/bitnami/ap...')
#3 {main}
  thrown

2019-08-09T07:57:30+00:00 CRITICAL Uncaught Error: Call to undefined function get_field() in /opt/bitnami/apps/wordpress/asteriscos-wp/wp-content/themes/asteriscos/templates/template-volutario.php:9
Stack trace:
#0 /opt/bitnami/apps/wordpress/asteriscos-wp/wp-includes/template-loader.php(74): include()
#1 /opt/bitnami/apps/wordpress/asteriscos-wp/wp-blog-header.php(19): require_once('/opt/bitnami/ap...')
#2 /opt/bitnami/apps/wordpress/asteriscos-wp/index.php(17): require('/opt/bitnami/ap...')
#3 {main}
  thrown

2019-08-09T08:12:57+00:00 CRITICAL Uncaught Error: Call to undefined function get_field() in /opt/bitnami/apps/wordpress/asteriscos-wp/wp-content/themes/asteriscos/templates/template-home.php:9
Stack trace:
#0 /opt/bitnami/apps/wordpress/asteriscos-wp/wp-includes/template-loader.php(74): include()
#1 /opt/bitnami/apps/wordpress/asteriscos-wp/wp-blog-header.php(19): require_once('/opt/bitnami/ap...')
#2 /opt/bitnami/apps/wordpress/asteriscos-wp/index.php(17): require('/opt/bitnami/ap...')
#3 {main}
  thrown

2019-08-09T08:12:58+00:00 CRITICAL Uncaught Error: Call to undefined function get_field() in /opt/bitnami/apps/wordpress/asteriscos-wp/wp-content/themes/asteriscos/templates/template-home.php:9
Stack trace:
#0 /opt/bitnami/apps/wordpress/asteriscos-wp/wp-includes/template-loader.php(74): include()
#1 /opt/bitnami/apps/wordpress/asteriscos-wp/wp-blog-header.php(19): require_once('/opt/bitnami/ap...')
#2 /opt/bitnami/apps/wordpress/asteriscos-wp/index.php(17): require('/opt/bitnami/ap...')
#3 {main}
  thrown

2019-08-09T08:13:10+00:00 CRITICAL Uncaught Error: Call to undefined function get_field() in /opt/bitnami/apps/wordpress/asteriscos-wp/wp-content/themes/asteriscos/templates/template-home.php:9
Stack trace:
#0 /opt/bitnami/apps/wordpress/asteriscos-wp/wp-includes/template-loader.php(74): include()
#1 /opt/bitnami/apps/wordpress/asteriscos-wp/wp-blog-header.php(19): require_once('/opt/bitnami/ap...')
#2 /opt/bitnami/apps/wordpress/asteriscos-wp/index.php(17): require('/opt/bitnami/ap...')
#3 {main}
  thrown

2019-08-09T08:13:14+00:00 CRITICAL Uncaught Error: Call to undefined function get_field() in /opt/bitnami/apps/wordpress/asteriscos-wp/wp-content/themes/asteriscos/templates/template-home.php:9
Stack trace:
#0 /opt/bitnami/apps/wordpress/asteriscos-wp/wp-includes/template-loader.php(74): include()
#1 /opt/bitnami/apps/wordpress/asteriscos-wp/wp-blog-header.php(19): require_once('/opt/bitnami/ap...')
#2 /opt/bitnami/apps/wordpress/asteriscos-wp/index.php(17): require('/opt/bitnami/ap...')
#3 {main}
  thrown

2019-08-09T08:13:16+00:00 CRITICAL Uncaught Error: Call to undefined function get_field() in /opt/bitnami/apps/wordpress/asteriscos-wp/wp-content/themes/asteriscos/templates/template-home.php:9
Stack trace:
#0 /opt/bitnami/apps/wordpress/asteriscos-wp/wp-includes/template-loader.php(74): include()
#1 /opt/bitnami/apps/wordpress/asteriscos-wp/wp-blog-header.php(19): require_once('/opt/bitnami/ap...')
#2 /opt/bitnami/apps/wordpress/asteriscos-wp/index.php(17): require('/opt/bitnami/ap...')
#3 {main}
  thrown

2019-08-09T08:13:38+00:00 CRITICAL Uncaught Error: Call to undefined function get_field() in /opt/bitnami/apps/wordpress/asteriscos-wp/wp-content/themes/asteriscos/templates/template-home.php:9
Stack trace:
#0 /opt/bitnami/apps/wordpress/asteriscos-wp/wp-includes/template-loader.php(74): include()
#1 /opt/bitnami/apps/wordpress/asteriscos-wp/wp-blog-header.php(19): require_once('/opt/bitnami/ap...')
#2 /opt/bitnami/apps/wordpress/asteriscos-wp/index.php(17): require('/opt/bitnami/ap...')
#3 {main}
  thrown

2019-08-09T08:16:49+00:00 CRITICAL Uncaught Error: Call to undefined function get_field() in /opt/bitnami/apps/wordpress/asteriscos-wp/wp-content/themes/asteriscos/templates/template-item.php:9
Stack trace:
#0 /opt/bitnami/apps/wordpress/asteriscos-wp/wp-includes/template-loader.php(74): include()
#1 /opt/bitnami/apps/wordpress/asteriscos-wp/wp-blog-header.php(19): require_once('/opt/bitnami/ap...')
#2 /opt/bitnami/apps/wordpress/asteriscos-wp/index.php(17): require('/opt/bitnami/ap...')
#3 {main}
  thrown

2019-08-09T08:24:18+00:00 CRITICAL Uncaught Error: Call to undefined function get_field() in /opt/bitnami/apps/wordpress/asteriscos-wp/wp-content/themes/asteriscos/templates/template-home.php:9
Stack trace:
#0 /opt/bitnami/apps/wordpress/asteriscos-wp/wp-includes/template-loader.php(74): include()
#1 /opt/bitnami/apps/wordpress/asteriscos-wp/wp-blog-header.php(19): require_once('/opt/bitnami/ap...')
#2 /opt/bitnami/apps/wordpress/asteriscos-wp/index.php(17): require('/opt/bitnami/ap...')
#3 {main}
  thrown

2019-08-09T08:24:30+00:00 CRITICAL Uncaught Error: Call to undefined function get_field() in /opt/bitnami/apps/wordpress/asteriscos-wp/wp-content/themes/asteriscos/templates/template-home.php:9
Stack trace:
#0 /opt/bitnami/apps/wordpress/asteriscos-wp/wp-includes/template-loader.php(74): include()
#1 /opt/bitnami/apps/wordpress/asteriscos-wp/wp-blog-header.php(19): require_once('/opt/bitnami/ap...')
#2 /opt/bitnami/apps/wordpress/asteriscos-wp/index.php(17): require('/opt/bitnami/ap...')
#3 {main}
  thrown

2019-08-09T08:24:30+00:00 CRITICAL Uncaught Error: Call to undefined function get_field() in /opt/bitnami/apps/wordpress/asteriscos-wp/wp-content/themes/asteriscos/templates/template-home.php:9
Stack trace:
#0 /opt/bitnami/apps/wordpress/asteriscos-wp/wp-includes/template-loader.php(74): include()
#1 /opt/bitnami/apps/wordpress/asteriscos-wp/wp-blog-header.php(19): require_once('/opt/bitnami/ap...')
#2 /opt/bitnami/apps/wordpress/asteriscos-wp/index.php(17): require('/opt/bitnami/ap...')
#3 {main}
  thrown

2019-08-09T08:28:15+00:00 CRITICAL Uncaught Error: Call to undefined function get_field() in /opt/bitnami/apps/wordpress/asteriscos-wp/wp-content/themes/asteriscos/templates/template-home.php:9
Stack trace:
#0 /opt/bitnami/apps/wordpress/asteriscos-wp/wp-includes/template-loader.php(74): include()
#1 /opt/bitnami/apps/wordpress/asteriscos-wp/wp-blog-header.php(19): require_once('/opt/bitnami/ap...')
#2 /opt/bitnami/apps/wordpress/asteriscos-wp/index.php(17): require('/opt/bitnami/ap...')
#3 {main}
  thrown

2019-08-09T08:31:31+00:00 CRITICAL Uncaught Error: Call to undefined function get_field() in /opt/bitnami/apps/wordpress/asteriscos-wp/wp-content/themes/asteriscos/templates/template-home.php:9
Stack trace:
#0 /opt/bitnami/apps/wordpress/asteriscos-wp/wp-includes/template-loader.php(74): include()
#1 /opt/bitnami/apps/wordpress/asteriscos-wp/wp-blog-header.php(19): require_once('/opt/bitnami/ap...')
#2 /opt/bitnami/apps/wordpress/asteriscos-wp/index.php(17): require('/opt/bitnami/ap...')
#3 {main}
  thrown

2019-08-09T08:45:41+00:00 CRITICAL Uncaught Error: Call to undefined function get_field() in /opt/bitnami/apps/wordpress/asteriscos-wp/wp-content/themes/asteriscos/templates/template-noticias.php:10
Stack trace:
#0 /opt/bitnami/apps/wordpress/asteriscos-wp/wp-includes/template-loader.php(74): include()
#1 /opt/bitnami/apps/wordpress/asteriscos-wp/wp-blog-header.php(19): require_once('/opt/bitnami/ap...')
#2 /opt/bitnami/apps/wordpress/asteriscos-wp/index.php(17): require('/opt/bitnami/ap...')
#3 {main}
  thrown

2019-08-09T09:07:41+00:00 CRITICAL Uncaught Error: Call to undefined function get_field() in /opt/bitnami/apps/wordpress/asteriscos-wp/wp-content/themes/asteriscos/templates/template-volutario.php:9
Stack trace:
#0 /opt/bitnami/apps/wordpress/asteriscos-wp/wp-includes/template-loader.php(74): include()
#1 /opt/bitnami/apps/wordpress/asteriscos-wp/wp-blog-header.php(19): require_once('/opt/bitnami/ap...')
#2 /opt/bitnami/apps/wordpress/asteriscos-wp/index.php(17): require('/opt/bitnami/ap...')
#3 {main}
  thrown

2019-08-09T09:59:47+00:00 CRITICAL Uncaught Error: Call to undefined function get_field() in /opt/bitnami/apps/wordpress/asteriscos-wp/wp-content/themes/asteriscos/templates/template-item.php:9
Stack trace:
#0 /opt/bitnami/apps/wordpress/asteriscos-wp/wp-includes/template-loader.php(74): include()
#1 /opt/bitnami/apps/wordpress/asteriscos-wp/wp-blog-header.php(19): require_once('/opt/bitnami/ap...')
#2 /opt/bitnami/apps/wordpress/asteriscos-wp/index.php(17): require('/opt/bitnami/ap...')
#3 {main}
  thrown

2019-08-09T10:06:19+00:00 CRITICAL Uncaught Error: Call to undefined function get_field() in /opt/bitnami/apps/wordpress/asteriscos-wp/wp-content/themes/asteriscos/templates/template-item.php:9
Stack trace:
#0 /opt/bitnami/apps/wordpress/asteriscos-wp/wp-includes/template-loader.php(74): include()
#1 /opt/bitnami/apps/wordpress/asteriscos-wp/wp-blog-header.php(19): require_once('/opt/bitnami/ap...')
#2 /opt/bitnami/apps/wordpress/asteriscos-wp/index.php(17): require('/opt/bitnami/ap...')
#3 {main}
  thrown

2019-08-09T10:26:51+00:00 CRITICAL Uncaught Error: Call to undefined function get_field() in /opt/bitnami/apps/wordpress/asteriscos-wp/wp-content/themes/asteriscos/templates/template-home.php:9
Stack trace:
#0 /opt/bitnami/apps/wordpress/asteriscos-wp/wp-includes/template-loader.php(74): include()
#1 /opt/bitnami/apps/wordpress/asteriscos-wp/wp-blog-header.php(19): require_once('/opt/bitnami/ap...')
#2 /opt/bitnami/apps/wordpress/asteriscos-wp/index.php(17): require('/opt/bitnami/ap...')
#3 {main}
  thrown

2019-08-09T10:44:07+00:00 CRITICAL Uncaught Error: Call to undefined function get_field() in /opt/bitnami/apps/wordpress/asteriscos-wp/wp-content/themes/asteriscos/templates/template-item.php:9
Stack trace:
#0 /opt/bitnami/apps/wordpress/asteriscos-wp/wp-includes/template-loader.php(74): include()
#1 /opt/bitnami/apps/wordpress/asteriscos-wp/wp-blog-header.php(19): require_once('/opt/bitnami/ap...')
#2 /opt/bitnami/apps/wordpress/asteriscos-wp/index.php(17): require('/opt/bitnami/ap...')
#3 {main}
  thrown

2019-08-09T11:20:08+00:00 CRITICAL Uncaught Error: Call to undefined function get_field() in /opt/bitnami/apps/wordpress/asteriscos-wp/wp-content/themes/asteriscos/templates/template-home.php:9
Stack trace:
#0 /opt/bitnami/apps/wordpress/asteriscos-wp/wp-includes/template-loader.php(74): include()
#1 /opt/bitnami/apps/wordpress/asteriscos-wp/wp-blog-header.php(19): require_once('/opt/bitnami/ap...')
#2 /opt/bitnami/apps/wordpress/asteriscos-wp/index.php(17): require('/opt/bitnami/ap...')
#3 {main}
  thrown

2019-08-09T11:22:50+00:00 CRITICAL Uncaught Error: Call to undefined function get_field() in /opt/bitnami/apps/wordpress/asteriscos-wp/wp-content/themes/asteriscos/templates/template-volutario.php:9
Stack trace:
#0 /opt/bitnami/apps/wordpress/asteriscos-wp/wp-includes/template-loader.php(74): include()
#1 /opt/bitnami/apps/wordpress/asteriscos-wp/wp-blog-header.php(19): require_once('/opt/bitnami/ap...')
#2 /opt/bitnami/apps/wordpress/asteriscos-wp/index.php(17): require('/opt/bitnami/ap...')
#3 {main}
  thrown

2019-08-09T11:23:48+00:00 CRITICAL Uncaught Error: Call to undefined function get_field() in /opt/bitnami/apps/wordpress/asteriscos-wp/wp-content/themes/asteriscos/templates/template-home.php:9
Stack trace:
#0 /opt/bitnami/apps/wordpress/asteriscos-wp/wp-includes/template-loader.php(74): include()
#1 /opt/bitnami/apps/wordpress/asteriscos-wp/wp-blog-header.php(19): require_once('/opt/bitnami/ap...')
#2 /opt/bitnami/apps/wordpress/asteriscos-wp/index.php(17): require('/opt/bitnami/ap...')
#3 {main}
  thrown

2019-08-09T11:54:08+00:00 CRITICAL Uncaught Error: Call to undefined function get_field() in /opt/bitnami/apps/wordpress/asteriscos-wp/wp-content/themes/asteriscos/templates/template-item.php:9
Stack trace:
#0 /opt/bitnami/apps/wordpress/asteriscos-wp/wp-includes/template-loader.php(74): include()
#1 /opt/bitnami/apps/wordpress/asteriscos-wp/wp-blog-header.php(19): require_once('/opt/bitnami/ap...')
#2 /opt/bitnami/apps/wordpress/asteriscos-wp/index.php(17): require('/opt/bitnami/ap...')
#3 {main}
  thrown

2019-08-09T12:04:10+00:00 CRITICAL Uncaught Error: Call to undefined function get_field() in /opt/bitnami/apps/wordpress/asteriscos-wp/wp-content/themes/asteriscos/templates/template-index-grid.php:9
Stack trace:
#0 /opt/bitnami/apps/wordpress/asteriscos-wp/wp-includes/template-loader.php(74): include()
#1 /opt/bitnami/apps/wordpress/asteriscos-wp/wp-blog-header.php(19): require_once('/opt/bitnami/ap...')
#2 /opt/bitnami/apps/wordpress/asteriscos-wp/index.php(17): require('/opt/bitnami/ap...')
#3 {main}
  thrown

2019-08-09T12:09:36+00:00 CRITICAL Uncaught Error: Call to undefined function get_field() in /opt/bitnami/apps/wordpress/asteriscos-wp/wp-content/themes/asteriscos/templates/template-item.php:9
Stack trace:
#0 /opt/bitnami/apps/wordpress/asteriscos-wp/wp-includes/template-loader.php(74): include()
#1 /opt/bitnami/apps/wordpress/asteriscos-wp/wp-blog-header.php(19): require_once('/opt/bitnami/ap...')
#2 /opt/bitnami/apps/wordpress/asteriscos-wp/index.php(17): require('/opt/bitnami/ap...')
#3 {main}
  thrown

2019-08-09T12:24:42+00:00 CRITICAL Uncaught Error: Call to undefined function get_field() in /opt/bitnami/apps/wordpress/asteriscos-wp/wp-content/themes/asteriscos/templates/template-item.php:9
Stack trace:
#0 /opt/bitnami/apps/wordpress/asteriscos-wp/wp-includes/template-loader.php(74): include()
#1 /opt/bitnami/apps/wordpress/asteriscos-wp/wp-blog-header.php(19): require_once('/opt/bitnami/ap...')
#2 /opt/bitnami/apps/wordpress/asteriscos-wp/index.php(17): require('/opt/bitnami/ap...')
#3 {main}
  thrown

2019-08-09T12:25:24+00:00 CRITICAL Uncaught Error: Call to undefined function get_field() in /opt/bitnami/apps/wordpress/asteriscos-wp/wp-content/themes/asteriscos/templates/template-index-grid.php:9
Stack trace:
#0 /opt/bitnami/apps/wordpress/asteriscos-wp/wp-includes/template-loader.php(74): include()
#1 /opt/bitnami/apps/wordpress/asteriscos-wp/wp-blog-header.php(19): require_once('/opt/bitnami/ap...')
#2 /opt/bitnami/apps/wordpress/asteriscos-wp/index.php(17): require('/opt/bitnami/ap...')
#3 {main}
  thrown

2019-08-09T13:00:54+00:00 CRITICAL Uncaught Error: Call to undefined function get_field() in /opt/bitnami/apps/wordpress/asteriscos-wp/wp-content/themes/asteriscos/templates/template-volutario.php:9
Stack trace:
#0 /opt/bitnami/apps/wordpress/asteriscos-wp/wp-includes/template-loader.php(74): include()
#1 /opt/bitnami/apps/wordpress/asteriscos-wp/wp-blog-header.php(19): require_once('/opt/bitnami/ap...')
#2 /opt/bitnami/apps/wordpress/asteriscos-wp/index.php(17): require('/opt/bitnami/ap...')
#3 {main}
  thrown

2019-08-09T13:05:12+00:00 CRITICAL Uncaught Error: Call to undefined function get_field() in /opt/bitnami/apps/wordpress/asteriscos-wp/wp-content/themes/asteriscos/templates/template-volutario.php:9
Stack trace:
#0 /opt/bitnami/apps/wordpress/asteriscos-wp/wp-includes/template-loader.php(74): include()
#1 /opt/bitnami/apps/wordpress/asteriscos-wp/wp-blog-header.php(19): require_once('/opt/bitnami/ap...')
#2 /opt/bitnami/apps/wordpress/asteriscos-wp/index.php(17): require('/opt/bitnami/ap...')
#3 {main}
  thrown

2019-08-09T13:11:43+00:00 CRITICAL Uncaught Error: Call to undefined function get_field() in /opt/bitnami/apps/wordpress/asteriscos-wp/wp-content/themes/asteriscos/templates/template-noticias.php:10
Stack trace:
#0 /opt/bitnami/apps/wordpress/asteriscos-wp/wp-includes/template-loader.php(74): include()
#1 /opt/bitnami/apps/wordpress/asteriscos-wp/wp-blog-header.php(19): require_once('/opt/bitnami/ap...')
#2 /opt/bitnami/apps/wordpress/asteriscos-wp/index.php(17): require('/opt/bitnami/ap...')
#3 {main}
  thrown

2019-08-09T13:21:31+00:00 CRITICAL Uncaught Error: Call to undefined function get_field() in /opt/bitnami/apps/wordpress/asteriscos-wp/wp-content/themes/asteriscos/templates/template-volutario.php:9
Stack trace:
#0 /opt/bitnami/apps/wordpress/asteriscos-wp/wp-includes/template-loader.php(74): include()
#1 /opt/bitnami/apps/wordpress/asteriscos-wp/wp-blog-header.php(19): require_once('/opt/bitnami/ap...')
#2 /opt/bitnami/apps/wordpress/asteriscos-wp/index.php(17): require('/opt/bitnami/ap...')
#3 {main}
  thrown

2019-08-09T13:36:24+00:00 CRITICAL Uncaught Error: Call to undefined function get_field() in /opt/bitnami/apps/wordpress/asteriscos-wp/wp-content/themes/asteriscos/templates/template-home.php:9
Stack trace:
#0 /opt/bitnami/apps/wordpress/asteriscos-wp/wp-includes/template-loader.php(74): include()
#1 /opt/bitnami/apps/wordpress/asteriscos-wp/wp-blog-header.php(19): require_once('/opt/bitnami/ap...')
#2 /opt/bitnami/apps/wordpress/asteriscos-wp/index.php(17): require('/opt/bitnami/ap...')
#3 {main}
  thrown

2019-08-09T15:01:21+00:00 CRITICAL Uncaught Error: Call to undefined function get_field() in /opt/bitnami/apps/wordpress/asteriscos-wp/wp-content/themes/asteriscos/templates/template-index-grid.php:9
Stack trace:
#0 /opt/bitnami/apps/wordpress/asteriscos-wp/wp-includes/template-loader.php(74): include()
#1 /opt/bitnami/apps/wordpress/asteriscos-wp/wp-blog-header.php(19): require_once('/opt/bitnami/ap...')
#2 /opt/bitnami/apps/wordpress/asteriscos-wp/index.php(17): require('/opt/bitnami/ap...')
#3 {main}
  thrown

2019-08-09T15:25:32+00:00 CRITICAL Uncaught Error: Call to undefined function get_field() in /opt/bitnami/apps/wordpress/asteriscos-wp/wp-content/themes/asteriscos/templates/template-home.php:9
Stack trace:
#0 /opt/bitnami/apps/wordpress/asteriscos-wp/wp-includes/template-loader.php(74): include()
#1 /opt/bitnami/apps/wordpress/asteriscos-wp/wp-blog-header.php(19): require_once('/opt/bitnami/ap...')
#2 /opt/bitnami/apps/wordpress/asteriscos-wp/index.php(17): require('/opt/bitnami/ap...')
#3 {main}
  thrown

2019-08-09T15:36:51+00:00 CRITICAL Uncaught Error: Call to undefined function get_field() in /opt/bitnami/apps/wordpress/asteriscos-wp/wp-content/themes/asteriscos/templates/template-item.php:9
Stack trace:
#0 /opt/bitnami/apps/wordpress/asteriscos-wp/wp-includes/template-loader.php(74): include()
#1 /opt/bitnami/apps/wordpress/asteriscos-wp/wp-blog-header.php(19): require_once('/opt/bitnami/ap...')
#2 /opt/bitnami/apps/wordpress/asteriscos-wp/index.php(17): require('/opt/bitnami/ap...')
#3 {main}
  thrown

2019-08-09T15:50:13+00:00 CRITICAL Uncaught Error: Call to undefined function get_field() in /opt/bitnami/apps/wordpress/asteriscos-wp/wp-content/themes/asteriscos/templates/template-volutario.php:9
Stack trace:
#0 /opt/bitnami/apps/wordpress/asteriscos-wp/wp-includes/template-loader.php(74): include()
#1 /opt/bitnami/apps/wordpress/asteriscos-wp/wp-blog-header.php(19): require_once('/opt/bitnami/ap...')
#2 /opt/bitnami/apps/wordpress/asteriscos-wp/index.php(17): require('/opt/bitnami/ap...')
#3 {main}
  thrown

2019-08-09T16:19:01+00:00 CRITICAL Uncaught Error: Call to undefined function get_field() in /opt/bitnami/apps/wordpress/asteriscos-wp/wp-content/themes/asteriscos/templates/template-home.php:9
Stack trace:
#0 /opt/bitnami/apps/wordpress/asteriscos-wp/wp-includes/template-loader.php(74): include()
#1 /opt/bitnami/apps/wordpress/asteriscos-wp/wp-blog-header.php(19): require_once('/opt/bitnami/ap...')
#2 /opt/bitnami/apps/wordpress/asteriscos-wp/index.php(17): require('/opt/bitnami/ap...')
#3 {main}
  thrown

2019-08-09T16:24:40+00:00 CRITICAL Uncaught Error: Call to undefined function get_field() in /opt/bitnami/apps/wordpress/asteriscos-wp/wp-content/themes/asteriscos/templates/template-volutario.php:9
Stack trace:
#0 /opt/bitnami/apps/wordpress/asteriscos-wp/wp-includes/template-loader.php(74): include()
#1 /opt/bitnami/apps/wordpress/asteriscos-wp/wp-blog-header.php(19): require_once('/opt/bitnami/ap...')
#2 /opt/bitnami/apps/wordpress/asteriscos-wp/index.php(17): require('/opt/bitnami/ap...')
#3 {main}
  thrown

2019-08-09T16:47:37+00:00 CRITICAL Uncaught Error: Call to undefined function get_field() in /opt/bitnami/apps/wordpress/asteriscos-wp/wp-content/themes/asteriscos/templates/template-noticias.php:10
Stack trace:
#0 /opt/bitnami/apps/wordpress/asteriscos-wp/wp-includes/template-loader.php(74): include()
#1 /opt/bitnami/apps/wordpress/asteriscos-wp/wp-blog-header.php(19): require_once('/opt/bitnami/ap...')
#2 /opt/bitnami/apps/wordpress/asteriscos-wp/index.php(17): require('/opt/bitnami/ap...')
#3 {main}
  thrown

2019-08-09T16:47:49+00:00 CRITICAL Uncaught Error: Call to undefined function get_field() in /opt/bitnami/apps/wordpress/asteriscos-wp/wp-content/themes/asteriscos/templates/template-noticias.php:10
Stack trace:
#0 /opt/bitnami/apps/wordpress/asteriscos-wp/wp-includes/template-loader.php(74): include()
#1 /opt/bitnami/apps/wordpress/asteriscos-wp/wp-blog-header.php(19): require_once('/opt/bitnami/ap...')
#2 /opt/bitnami/apps/wordpress/asteriscos-wp/index.php(17): require('/opt/bitnami/ap...')
#3 {main}
  thrown

2019-08-09T16:48:24+00:00 CRITICAL Uncaught Error: Call to undefined function get_field() in /opt/bitnami/apps/wordpress/asteriscos-wp/wp-content/themes/asteriscos/templates/template-index-grid.php:9
Stack trace:
#0 /opt/bitnami/apps/wordpress/asteriscos-wp/wp-includes/template-loader.php(74): include()
#1 /opt/bitnami/apps/wordpress/asteriscos-wp/wp-blog-header.php(19): require_once('/opt/bitnami/ap...')
#2 /opt/bitnami/apps/wordpress/asteriscos-wp/index.php(17): require('/opt/bitnami/ap...')
#3 {main}
  thrown

2019-08-09T16:48:37+00:00 CRITICAL Uncaught Error: Call to undefined function get_field() in /opt/bitnami/apps/wordpress/asteriscos-wp/wp-content/themes/asteriscos/templates/template-index-grid.php:9
Stack trace:
#0 /opt/bitnami/apps/wordpress/asteriscos-wp/wp-includes/template-loader.php(74): include()
#1 /opt/bitnami/apps/wordpress/asteriscos-wp/wp-blog-header.php(19): require_once('/opt/bitnami/ap...')
#2 /opt/bitnami/apps/wordpress/asteriscos-wp/index.php(17): require('/opt/bitnami/ap...')
#3 {main}
  thrown

2019-08-09T16:48:38+00:00 CRITICAL Uncaught Error: Call to undefined function get_field() in /opt/bitnami/apps/wordpress/asteriscos-wp/wp-content/themes/asteriscos/templates/template-home.php:9
Stack trace:
#0 /opt/bitnami/apps/wordpress/asteriscos-wp/wp-includes/template-loader.php(74): include()
#1 /opt/bitnami/apps/wordpress/asteriscos-wp/wp-blog-header.php(19): require_once('/opt/bitnami/ap...')
#2 /opt/bitnami/apps/wordpress/asteriscos-wp/index.php(17): require('/opt/bitnami/ap...')
#3 {main}
  thrown

2019-08-09T16:48:40+00:00 CRITICAL Uncaught Error: Call to undefined function get_field() in /opt/bitnami/apps/wordpress/asteriscos-wp/wp-content/themes/asteriscos/templates/template-home.php:9
Stack trace:
#0 /opt/bitnami/apps/wordpress/asteriscos-wp/wp-includes/template-loader.php(74): include()
#1 /opt/bitnami/apps/wordpress/asteriscos-wp/wp-blog-header.php(19): require_once('/opt/bitnami/ap...')
#2 /opt/bitnami/apps/wordpress/asteriscos-wp/index.php(17): require('/opt/bitnami/ap...')
#3 {main}
  thrown

2019-08-09T16:48:45+00:00 CRITICAL Uncaught Error: Call to undefined function get_field() in /opt/bitnami/apps/wordpress/asteriscos-wp/wp-content/themes/asteriscos/templates/template-index-grid.php:9
Stack trace:
#0 /opt/bitnami/apps/wordpress/asteriscos-wp/wp-includes/template-loader.php(74): include()
#1 /opt/bitnami/apps/wordpress/asteriscos-wp/wp-blog-header.php(19): require_once('/opt/bitnami/ap...')
#2 /opt/bitnami/apps/wordpress/asteriscos-wp/index.php(17): require('/opt/bitnami/ap...')
#3 {main}
  thrown

2019-08-09T16:48:47+00:00 CRITICAL Uncaught Error: Call to undefined function get_field() in /opt/bitnami/apps/wordpress/asteriscos-wp/wp-content/themes/asteriscos/templates/template-index-grid.php:9
Stack trace:
#0 /opt/bitnami/apps/wordpress/asteriscos-wp/wp-includes/template-loader.php(74): include()
#1 /opt/bitnami/apps/wordpress/asteriscos-wp/wp-blog-header.php(19): require_once('/opt/bitnami/ap...')
#2 /opt/bitnami/apps/wordpress/asteriscos-wp/index.php(17): require('/opt/bitnami/ap...')
#3 {main}
  thrown

2019-08-09T16:58:31+00:00 CRITICAL Uncaught Error: Call to undefined function get_field() in /opt/bitnami/apps/wordpress/asteriscos-wp/wp-content/themes/asteriscos/templates/template-volutario.php:9
Stack trace:
#0 /opt/bitnami/apps/wordpress/asteriscos-wp/wp-includes/template-loader.php(74): include()
#1 /opt/bitnami/apps/wordpress/asteriscos-wp/wp-blog-header.php(19): require_once('/opt/bitnami/ap...')
#2 /opt/bitnami/apps/wordpress/asteriscos-wp/index.php(17): require('/opt/bitnami/ap...')
#3 {main}
  thrown

2019-08-09T17:05:14+00:00 CRITICAL Uncaught Error: Call to undefined function get_field() in /opt/bitnami/apps/wordpress/asteriscos-wp/wp-content/themes/asteriscos/templates/template-volutario.php:9
Stack trace:
#0 /opt/bitnami/apps/wordpress/asteriscos-wp/wp-includes/template-loader.php(74): include()
#1 /opt/bitnami/apps/wordpress/asteriscos-wp/wp-blog-header.php(19): require_once('/opt/bitnami/ap...')
#2 /opt/bitnami/apps/wordpress/asteriscos-wp/index.php(17): require('/opt/bitnami/ap...')
#3 {main}
  thrown

2019-08-09T17:08:33+00:00 CRITICAL Uncaught Error: Call to undefined function get_field() in /opt/bitnami/apps/wordpress/asteriscos-wp/wp-content/themes/asteriscos/templates/template-noticias.php:10
Stack trace:
#0 /opt/bitnami/apps/wordpress/asteriscos-wp/wp-includes/template-loader.php(74): include()
#1 /opt/bitnami/apps/wordpress/asteriscos-wp/wp-blog-header.php(19): require_once('/opt/bitnami/ap...')
#2 /opt/bitnami/apps/wordpress/asteriscos-wp/index.php(17): require('/opt/bitnami/ap...')
#3 {main}
  thrown

2019-08-09T17:34:35+00:00 CRITICAL Uncaught Error: Call to undefined function get_field() in /opt/bitnami/apps/wordpress/asteriscos-wp/wp-content/themes/asteriscos/templates/template-home.php:9
Stack trace:
#0 /opt/bitnami/apps/wordpress/asteriscos-wp/wp-includes/template-loader.php(74): include()
#1 /opt/bitnami/apps/wordpress/asteriscos-wp/wp-blog-header.php(19): require_once('/opt/bitnami/ap...')
#2 /opt/bitnami/apps/wordpress/asteriscos-wp/index.php(17): require('/opt/bitnami/ap...')
#3 {main}
  thrown

2019-08-09T17:53:23+00:00 CRITICAL Uncaught Error: Call to undefined function get_field() in /opt/bitnami/apps/wordpress/asteriscos-wp/wp-content/themes/asteriscos/templates/template-volutario.php:9
Stack trace:
#0 /opt/bitnami/apps/wordpress/asteriscos-wp/wp-includes/template-loader.php(74): include()
#1 /opt/bitnami/apps/wordpress/asteriscos-wp/wp-blog-header.php(19): require_once('/opt/bitnami/ap...')
#2 /opt/bitnami/apps/wordpress/asteriscos-wp/index.php(17): require('/opt/bitnami/ap...')
#3 {main}
  thrown

2019-08-09T18:47:44+00:00 CRITICAL Uncaught Error: Call to undefined function get_field() in /opt/bitnami/apps/wordpress/asteriscos-wp/wp-content/themes/asteriscos/templates/template-item.php:9
Stack trace:
#0 /opt/bitnami/apps/wordpress/asteriscos-wp/wp-includes/template-loader.php(74): include()
#1 /opt/bitnami/apps/wordpress/asteriscos-wp/wp-blog-header.php(19): require_once('/opt/bitnami/ap...')
#2 /opt/bitnami/apps/wordpress/asteriscos-wp/index.php(17): require('/opt/bitnami/ap...')
#3 {main}
  thrown

2019-08-09T18:48:07+00:00 CRITICAL Uncaught Error: Call to undefined function get_field() in /opt/bitnami/apps/wordpress/asteriscos-wp/wp-content/themes/asteriscos/templates/template-item.php:9
Stack trace:
#0 /opt/bitnami/apps/wordpress/asteriscos-wp/wp-includes/template-loader.php(74): include()
#1 /opt/bitnami/apps/wordpress/asteriscos-wp/wp-blog-header.php(19): require_once('/opt/bitnami/ap...')
#2 /opt/bitnami/apps/wordpress/asteriscos-wp/index.php(17): require('/opt/bitnami/ap...')
#3 {main}
  thrown

2019-08-09T18:51:25+00:00 CRITICAL Uncaught Error: Call to undefined function get_field() in /opt/bitnami/apps/wordpress/asteriscos-wp/wp-content/themes/asteriscos/templates/template-home.php:9
Stack trace:
#0 /opt/bitnami/apps/wordpress/asteriscos-wp/wp-includes/template-loader.php(74): include()
#1 /opt/bitnami/apps/wordpress/asteriscos-wp/wp-blog-header.php(19): require_once('/opt/bitnami/ap...')
#2 /opt/bitnami/apps/wordpress/asteriscos-wp/index.php(17): require('/opt/bitnami/ap...')
#3 {main}
  thrown

2019-08-09T18:56:54+00:00 CRITICAL Uncaught Error: Call to undefined function get_field() in /opt/bitnami/apps/wordpress/asteriscos-wp/wp-content/themes/asteriscos/templates/template-index-grid.php:9
Stack trace:
#0 /opt/bitnami/apps/wordpress/asteriscos-wp/wp-includes/template-loader.php(74): include()
#1 /opt/bitnami/apps/wordpress/asteriscos-wp/wp-blog-header.php(19): require_once('/opt/bitnami/ap...')
#2 /opt/bitnami/apps/wordpress/asteriscos-wp/index.php(17): require('/opt/bitnami/ap...')
#3 {main}
  thrown

2019-08-09T19:11:06+00:00 CRITICAL Uncaught Error: Call to undefined function get_field() in /opt/bitnami/apps/wordpress/asteriscos-wp/wp-content/themes/asteriscos/templates/template-item.php:9
Stack trace:
#0 /opt/bitnami/apps/wordpress/asteriscos-wp/wp-includes/template-loader.php(74): include()
#1 /opt/bitnami/apps/wordpress/asteriscos-wp/wp-blog-header.php(19): require_once('/opt/bitnami/ap...')
#2 /opt/bitnami/apps/wordpress/asteriscos-wp/index.php(17): require('/opt/bitnami/ap...')
#3 {main}
  thrown

2019-08-09T19:27:02+00:00 CRITICAL Uncaught Error: Call to undefined function get_field() in /opt/bitnami/apps/wordpress/asteriscos-wp/wp-content/themes/asteriscos/templates/template-home.php:9
Stack trace:
#0 /opt/bitnami/apps/wordpress/asteriscos-wp/wp-includes/template-loader.php(74): include()
#1 /opt/bitnami/apps/wordpress/asteriscos-wp/wp-blog-header.php(19): require_once('/opt/bitnami/ap...')
#2 /opt/bitnami/apps/wordpress/asteriscos-wp/index.php(17): require('/opt/bitnami/ap...')
#3 {main}
  thrown

2019-08-09T19:44:44+00:00 CRITICAL Uncaught Error: Call to undefined function get_field() in /opt/bitnami/apps/wordpress/asteriscos-wp/wp-content/themes/asteriscos/templates/template-home.php:9
Stack trace:
#0 /opt/bitnami/apps/wordpress/asteriscos-wp/wp-includes/template-loader.php(74): include()
#1 /opt/bitnami/apps/wordpress/asteriscos-wp/wp-blog-header.php(19): require_once('/opt/bitnami/ap...')
#2 /opt/bitnami/apps/wordpress/asteriscos-wp/index.php(17): require('/opt/bitnami/ap...')
#3 {main}
  thrown

2019-08-09T20:19:15+00:00 CRITICAL Uncaught Error: Call to undefined function get_field() in /opt/bitnami/apps/wordpress/asteriscos-wp/wp-content/themes/asteriscos/templates/template-index-grid.php:9
Stack trace:
#0 /opt/bitnami/apps/wordpress/asteriscos-wp/wp-includes/template-loader.php(74): include()
#1 /opt/bitnami/apps/wordpress/asteriscos-wp/wp-blog-header.php(19): require_once('/opt/bitnami/ap...')
#2 /opt/bitnami/apps/wordpress/asteriscos-wp/index.php(17): require('/opt/bitnami/ap...')
#3 {main}
  thrown

2019-08-09T20:20:26+00:00 CRITICAL Uncaught Error: Call to undefined function get_field() in /opt/bitnami/apps/wordpress/asteriscos-wp/wp-content/themes/asteriscos/templates/template-item.php:9
Stack trace:
#0 /opt/bitnami/apps/wordpress/asteriscos-wp/wp-includes/template-loader.php(74): include()
#1 /opt/bitnami/apps/wordpress/asteriscos-wp/wp-blog-header.php(19): require_once('/opt/bitnami/ap...')
#2 /opt/bitnami/apps/wordpress/asteriscos-wp/index.php(17): require('/opt/bitnami/ap...')
#3 {main}
  thrown

2019-08-09T20:52:56+00:00 CRITICAL Uncaught Error: Call to undefined function get_field() in /opt/bitnami/apps/wordpress/asteriscos-wp/wp-content/themes/asteriscos/templates/template-item.php:9
Stack trace:
#0 /opt/bitnami/apps/wordpress/asteriscos-wp/wp-includes/template-loader.php(74): include()
#1 /opt/bitnami/apps/wordpress/asteriscos-wp/wp-blog-header.php(19): require_once('/opt/bitnami/ap...')
#2 /opt/bitnami/apps/wordpress/asteriscos-wp/index.php(17): require('/opt/bitnami/ap...')
#3 {main}
  thrown

2019-08-09T20:59:37+00:00 CRITICAL Uncaught Error: Call to undefined function get_field() in /opt/bitnami/apps/wordpress/asteriscos-wp/wp-content/themes/asteriscos/templates/template-volutario.php:9
Stack trace:
#0 /opt/bitnami/apps/wordpress/asteriscos-wp/wp-includes/template-loader.php(74): include()
#1 /opt/bitnami/apps/wordpress/asteriscos-wp/wp-blog-header.php(19): require_once('/opt/bitnami/ap...')
#2 /opt/bitnami/apps/wordpress/asteriscos-wp/index.php(17): require('/opt/bitnami/ap...')
#3 {main}
  thrown

2019-08-09T21:24:06+00:00 CRITICAL Uncaught Error: Call to undefined function get_field() in /opt/bitnami/apps/wordpress/asteriscos-wp/wp-content/themes/asteriscos/templates/template-item.php:9
Stack trace:
#0 /opt/bitnami/apps/wordpress/asteriscos-wp/wp-includes/template-loader.php(74): include()
#1 /opt/bitnami/apps/wordpress/asteriscos-wp/wp-blog-header.php(19): require_once('/opt/bitnami/ap...')
#2 /opt/bitnami/apps/wordpress/asteriscos-wp/index.php(17): require('/opt/bitnami/ap...')
#3 {main}
  thrown

2019-08-09T22:34:00+00:00 CRITICAL Uncaught Error: Call to undefined function get_field() in /opt/bitnami/apps/wordpress/asteriscos-wp/wp-content/themes/asteriscos/templates/template-item.php:9
Stack trace:
#0 /opt/bitnami/apps/wordpress/asteriscos-wp/wp-includes/template-loader.php(74): include()
#1 /opt/bitnami/apps/wordpress/asteriscos-wp/wp-blog-header.php(19): require_once('/opt/bitnami/ap...')
#2 /opt/bitnami/apps/wordpress/asteriscos-wp/index.php(17): require('/opt/bitnami/ap...')
#3 {main}
  thrown

2019-08-09T22:50:49+00:00 CRITICAL Uncaught Error: Call to undefined function get_field() in /opt/bitnami/apps/wordpress/asteriscos-wp/wp-content/themes/asteriscos/templates/template-item.php:9
Stack trace:
#0 /opt/bitnami/apps/wordpress/asteriscos-wp/wp-includes/template-loader.php(74): include()
#1 /opt/bitnami/apps/wordpress/asteriscos-wp/wp-blog-header.php(19): require_once('/opt/bitnami/ap...')
#2 /opt/bitnami/apps/wordpress/asteriscos-wp/index.php(17): require('/opt/bitnami/ap...')
#3 {main}
  thrown

2019-08-09T23:07:02+00:00 CRITICAL Uncaught Error: Call to undefined function get_field() in /opt/bitnami/apps/wordpress/asteriscos-wp/wp-content/themes/asteriscos/templates/template-home.php:9
Stack trace:
#0 /opt/bitnami/apps/wordpress/asteriscos-wp/wp-includes/template-loader.php(74): include()
#1 /opt/bitnami/apps/wordpress/asteriscos-wp/wp-blog-header.php(19): require_once('/opt/bitnami/ap...')
#2 /opt/bitnami/apps/wordpress/asteriscos-wp/index.php(17): require('/opt/bitnami/ap...')
#3 {main}
  thrown

2019-08-09T23:49:28+00:00 CRITICAL Uncaught Error: Call to undefined function get_field() in /opt/bitnami/apps/wordpress/asteriscos-wp/wp-content/themes/asteriscos/templates/template-index-grid.php:9
Stack trace:
#0 /opt/bitnami/apps/wordpress/asteriscos-wp/wp-includes/template-loader.php(74): include()
#1 /opt/bitnami/apps/wordpress/asteriscos-wp/wp-blog-header.php(19): require_once('/opt/bitnami/ap...')
#2 /opt/bitnami/apps/wordpress/asteriscos-wp/index.php(17): require('/opt/bitnami/ap...')
#3 {main}
  thrown

