2019-08-11T00:29:40+00:00 CRITICAL Uncaught Error: Call to undefined function get_field() in /opt/bitnami/apps/wordpress/asteriscos-wp/wp-content/themes/asteriscos/templates/template-home.php:9
Stack trace:
#0 /opt/bitnami/apps/wordpress/asteriscos-wp/wp-includes/template-loader.php(74): include()
#1 /opt/bitnami/apps/wordpress/asteriscos-wp/wp-blog-header.php(19): require_once('/opt/bitnami/ap...')
#2 /opt/bitnami/apps/wordpress/asteriscos-wp/index.php(17): require('/opt/bitnami/ap...')
#3 {main}
  thrown

2019-08-11T00:29:40+00:00 CRITICAL Uncaught Error: Call to undefined function get_field() in /opt/bitnami/apps/wordpress/asteriscos-wp/wp-content/themes/asteriscos/templates/template-home.php:9
Stack trace:
#0 /opt/bitnami/apps/wordpress/asteriscos-wp/wp-includes/template-loader.php(74): include()
#1 /opt/bitnami/apps/wordpress/asteriscos-wp/wp-blog-header.php(19): require_once('/opt/bitnami/ap...')
#2 /opt/bitnami/apps/wordpress/asteriscos-wp/index.php(17): require('/opt/bitnami/ap...')
#3 {main}
  thrown

2019-08-11T00:42:24+00:00 CRITICAL Uncaught Error: Call to undefined function get_field() in /opt/bitnami/apps/wordpress/asteriscos-wp/wp-content/themes/asteriscos/templates/template-item.php:9
Stack trace:
#0 /opt/bitnami/apps/wordpress/asteriscos-wp/wp-includes/template-loader.php(74): include()
#1 /opt/bitnami/apps/wordpress/asteriscos-wp/wp-blog-header.php(19): require_once('/opt/bitnami/ap...')
#2 /opt/bitnami/apps/wordpress/asteriscos-wp/index.php(17): require('/opt/bitnami/ap...')
#3 {main}
  thrown

2019-08-11T00:43:19+00:00 CRITICAL Uncaught Error: Call to undefined function get_field() in /opt/bitnami/apps/wordpress/asteriscos-wp/wp-content/themes/asteriscos/templates/template-home.php:9
Stack trace:
#0 /opt/bitnami/apps/wordpress/asteriscos-wp/wp-includes/template-loader.php(74): include()
#1 /opt/bitnami/apps/wordpress/asteriscos-wp/wp-blog-header.php(19): require_once('/opt/bitnami/ap...')
#2 /opt/bitnami/apps/wordpress/asteriscos-wp/index.php(17): require('/opt/bitnami/ap...')
#3 {main}
  thrown

2019-08-11T00:49:19+00:00 CRITICAL Uncaught Error: Call to undefined function get_field() in /opt/bitnami/apps/wordpress/asteriscos-wp/wp-content/themes/asteriscos/templates/template-item.php:9
Stack trace:
#0 /opt/bitnami/apps/wordpress/asteriscos-wp/wp-includes/template-loader.php(74): include()
#1 /opt/bitnami/apps/wordpress/asteriscos-wp/wp-blog-header.php(19): require_once('/opt/bitnami/ap...')
#2 /opt/bitnami/apps/wordpress/asteriscos-wp/index.php(17): require('/opt/bitnami/ap...')
#3 {main}
  thrown

2019-08-11T00:52:40+00:00 CRITICAL Uncaught Error: Call to undefined function get_field() in /opt/bitnami/apps/wordpress/asteriscos-wp/wp-content/themes/asteriscos/templates/template-item.php:9
Stack trace:
#0 /opt/bitnami/apps/wordpress/asteriscos-wp/wp-includes/template-loader.php(74): include()
#1 /opt/bitnami/apps/wordpress/asteriscos-wp/wp-blog-header.php(19): require_once('/opt/bitnami/ap...')
#2 /opt/bitnami/apps/wordpress/asteriscos-wp/index.php(17): require('/opt/bitnami/ap...')
#3 {main}
  thrown

2019-08-11T01:42:52+00:00 CRITICAL Uncaught Error: Call to undefined function get_field() in /opt/bitnami/apps/wordpress/asteriscos-wp/wp-content/themes/asteriscos/templates/template-index-grid.php:9
Stack trace:
#0 /opt/bitnami/apps/wordpress/asteriscos-wp/wp-includes/template-loader.php(74): include()
#1 /opt/bitnami/apps/wordpress/asteriscos-wp/wp-blog-header.php(19): require_once('/opt/bitnami/ap...')
#2 /opt/bitnami/apps/wordpress/asteriscos-wp/index.php(17): require('/opt/bitnami/ap...')
#3 {main}
  thrown

2019-08-11T01:52:57+00:00 CRITICAL Uncaught Error: Call to undefined function get_field() in /opt/bitnami/apps/wordpress/asteriscos-wp/wp-content/themes/asteriscos/templates/template-noticias.php:10
Stack trace:
#0 /opt/bitnami/apps/wordpress/asteriscos-wp/wp-includes/template-loader.php(74): include()
#1 /opt/bitnami/apps/wordpress/asteriscos-wp/wp-blog-header.php(19): require_once('/opt/bitnami/ap...')
#2 /opt/bitnami/apps/wordpress/asteriscos-wp/index.php(17): require('/opt/bitnami/ap...')
#3 {main}
  thrown

2019-08-11T02:04:27+00:00 CRITICAL Uncaught Error: Call to undefined function get_field() in /opt/bitnami/apps/wordpress/asteriscos-wp/wp-content/themes/asteriscos/templates/template-home.php:9
Stack trace:
#0 /opt/bitnami/apps/wordpress/asteriscos-wp/wp-includes/template-loader.php(74): include()
#1 /opt/bitnami/apps/wordpress/asteriscos-wp/wp-blog-header.php(19): require_once('/opt/bitnami/ap...')
#2 /opt/bitnami/apps/wordpress/asteriscos-wp/index.php(17): require('/opt/bitnami/ap...')
#3 {main}
  thrown

2019-08-11T02:22:21+00:00 CRITICAL Uncaught Error: Call to undefined function get_field() in /opt/bitnami/apps/wordpress/asteriscos-wp/wp-content/themes/asteriscos/templates/template-item.php:9
Stack trace:
#0 /opt/bitnami/apps/wordpress/asteriscos-wp/wp-includes/template-loader.php(74): include()
#1 /opt/bitnami/apps/wordpress/asteriscos-wp/wp-blog-header.php(19): require_once('/opt/bitnami/ap...')
#2 /opt/bitnami/apps/wordpress/asteriscos-wp/index.php(17): require('/opt/bitnami/ap...')
#3 {main}
  thrown

2019-08-11T02:34:51+00:00 CRITICAL Uncaught Error: Call to undefined function get_field() in /opt/bitnami/apps/wordpress/asteriscos-wp/wp-content/themes/asteriscos/templates/template-home.php:9
Stack trace:
#0 /opt/bitnami/apps/wordpress/asteriscos-wp/wp-includes/template-loader.php(74): include()
#1 /opt/bitnami/apps/wordpress/asteriscos-wp/wp-blog-header.php(19): require_once('/opt/bitnami/ap...')
#2 /opt/bitnami/apps/wordpress/asteriscos-wp/index.php(17): require('/opt/bitnami/ap...')
#3 {main}
  thrown

2019-08-11T02:34:59+00:00 CRITICAL Uncaught Error: Call to undefined function get_field() in /opt/bitnami/apps/wordpress/asteriscos-wp/wp-content/themes/asteriscos/templates/template-volutario.php:9
Stack trace:
#0 /opt/bitnami/apps/wordpress/asteriscos-wp/wp-includes/template-loader.php(74): include()
#1 /opt/bitnami/apps/wordpress/asteriscos-wp/wp-blog-header.php(19): require_once('/opt/bitnami/ap...')
#2 /opt/bitnami/apps/wordpress/asteriscos-wp/index.php(17): require('/opt/bitnami/ap...')
#3 {main}
  thrown

2019-08-11T03:14:14+00:00 CRITICAL Uncaught Error: Call to undefined function get_field() in /opt/bitnami/apps/wordpress/asteriscos-wp/wp-content/themes/asteriscos/templates/template-item.php:9
Stack trace:
#0 /opt/bitnami/apps/wordpress/asteriscos-wp/wp-includes/template-loader.php(74): include()
#1 /opt/bitnami/apps/wordpress/asteriscos-wp/wp-blog-header.php(19): require_once('/opt/bitnami/ap...')
#2 /opt/bitnami/apps/wordpress/asteriscos-wp/index.php(17): require('/opt/bitnami/ap...')
#3 {main}
  thrown

2019-08-11T03:43:16+00:00 CRITICAL Uncaught Error: Call to undefined function get_field() in /opt/bitnami/apps/wordpress/asteriscos-wp/wp-content/themes/asteriscos/templates/template-item.php:9
Stack trace:
#0 /opt/bitnami/apps/wordpress/asteriscos-wp/wp-includes/template-loader.php(74): include()
#1 /opt/bitnami/apps/wordpress/asteriscos-wp/wp-blog-header.php(19): require_once('/opt/bitnami/ap...')
#2 /opt/bitnami/apps/wordpress/asteriscos-wp/index.php(17): require('/opt/bitnami/ap...')
#3 {main}
  thrown

2019-08-11T03:53:21+00:00 CRITICAL Uncaught Error: Call to undefined function get_field() in /opt/bitnami/apps/wordpress/asteriscos-wp/wp-content/themes/asteriscos/templates/template-item.php:9
Stack trace:
#0 /opt/bitnami/apps/wordpress/asteriscos-wp/wp-includes/template-loader.php(74): include()
#1 /opt/bitnami/apps/wordpress/asteriscos-wp/wp-blog-header.php(19): require_once('/opt/bitnami/ap...')
#2 /opt/bitnami/apps/wordpress/asteriscos-wp/index.php(17): require('/opt/bitnami/ap...')
#3 {main}
  thrown

2019-08-11T04:47:16+00:00 CRITICAL Uncaught Error: Call to undefined function get_field() in /opt/bitnami/apps/wordpress/asteriscos-wp/wp-content/themes/asteriscos/templates/template-volutario.php:9
Stack trace:
#0 /opt/bitnami/apps/wordpress/asteriscos-wp/wp-includes/template-loader.php(74): include()
#1 /opt/bitnami/apps/wordpress/asteriscos-wp/wp-blog-header.php(19): require_once('/opt/bitnami/ap...')
#2 /opt/bitnami/apps/wordpress/asteriscos-wp/index.php(17): require('/opt/bitnami/ap...')
#3 {main}
  thrown

2019-08-11T05:35:35+00:00 CRITICAL Uncaught Error: Call to undefined function get_field() in /opt/bitnami/apps/wordpress/asteriscos-wp/wp-content/themes/asteriscos/templates/template-index-grid.php:9
Stack trace:
#0 /opt/bitnami/apps/wordpress/asteriscos-wp/wp-includes/template-loader.php(74): include()
#1 /opt/bitnami/apps/wordpress/asteriscos-wp/wp-blog-header.php(19): require_once('/opt/bitnami/ap...')
#2 /opt/bitnami/apps/wordpress/asteriscos-wp/index.php(17): require('/opt/bitnami/ap...')
#3 {main}
  thrown

2019-08-11T05:59:52+00:00 CRITICAL Uncaught Error: Call to undefined function get_field() in /opt/bitnami/apps/wordpress/asteriscos-wp/wp-content/themes/asteriscos/templates/template-item.php:9
Stack trace:
#0 /opt/bitnami/apps/wordpress/asteriscos-wp/wp-includes/template-loader.php(74): include()
#1 /opt/bitnami/apps/wordpress/asteriscos-wp/wp-blog-header.php(19): require_once('/opt/bitnami/ap...')
#2 /opt/bitnami/apps/wordpress/asteriscos-wp/index.php(17): require('/opt/bitnami/ap...')
#3 {main}
  thrown

2019-08-11T06:30:47+00:00 CRITICAL Uncaught Error: Call to undefined function get_field() in /opt/bitnami/apps/wordpress/asteriscos-wp/wp-content/themes/asteriscos/templates/template-item.php:9
Stack trace:
#0 /opt/bitnami/apps/wordpress/asteriscos-wp/wp-includes/template-loader.php(74): include()
#1 /opt/bitnami/apps/wordpress/asteriscos-wp/wp-blog-header.php(19): require_once('/opt/bitnami/ap...')
#2 /opt/bitnami/apps/wordpress/asteriscos-wp/index.php(17): require('/opt/bitnami/ap...')
#3 {main}
  thrown

2019-08-11T08:13:57+00:00 CRITICAL Uncaught Error: Call to undefined function get_field() in /opt/bitnami/apps/wordpress/asteriscos-wp/wp-content/themes/asteriscos/templates/template-index-grid.php:9
Stack trace:
#0 /opt/bitnami/apps/wordpress/asteriscos-wp/wp-includes/template-loader.php(74): include()
#1 /opt/bitnami/apps/wordpress/asteriscos-wp/wp-blog-header.php(19): require_once('/opt/bitnami/ap...')
#2 /opt/bitnami/apps/wordpress/asteriscos-wp/index.php(17): require('/opt/bitnami/ap...')
#3 {main}
  thrown

2019-08-11T08:24:27+00:00 CRITICAL Uncaught Error: Call to undefined function get_field() in /opt/bitnami/apps/wordpress/asteriscos-wp/wp-content/themes/asteriscos/templates/template-home.php:9
Stack trace:
#0 /opt/bitnami/apps/wordpress/asteriscos-wp/wp-includes/template-loader.php(74): include()
#1 /opt/bitnami/apps/wordpress/asteriscos-wp/wp-blog-header.php(19): require_once('/opt/bitnami/ap...')
#2 /opt/bitnami/apps/wordpress/asteriscos-wp/index.php(17): require('/opt/bitnami/ap...')
#3 {main}
  thrown

2019-08-11T08:24:27+00:00 CRITICAL Uncaught Error: Call to undefined function get_field() in /opt/bitnami/apps/wordpress/asteriscos-wp/wp-content/themes/asteriscos/templates/template-home.php:9
Stack trace:
#0 /opt/bitnami/apps/wordpress/asteriscos-wp/wp-includes/template-loader.php(74): include()
#1 /opt/bitnami/apps/wordpress/asteriscos-wp/wp-blog-header.php(19): require_once('/opt/bitnami/ap...')
#2 /opt/bitnami/apps/wordpress/asteriscos-wp/index.php(17): require('/opt/bitnami/ap...')
#3 {main}
  thrown

2019-08-11T08:44:13+00:00 CRITICAL Uncaught Error: Call to undefined function get_field() in /opt/bitnami/apps/wordpress/asteriscos-wp/wp-content/themes/asteriscos/templates/template-item.php:9
Stack trace:
#0 /opt/bitnami/apps/wordpress/asteriscos-wp/wp-includes/template-loader.php(74): include()
#1 /opt/bitnami/apps/wordpress/asteriscos-wp/wp-blog-header.php(19): require_once('/opt/bitnami/ap...')
#2 /opt/bitnami/apps/wordpress/asteriscos-wp/index.php(17): require('/opt/bitnami/ap...')
#3 {main}
  thrown

2019-08-11T09:06:28+00:00 CRITICAL Uncaught Error: Call to undefined function get_field() in /opt/bitnami/apps/wordpress/asteriscos-wp/wp-content/themes/asteriscos/templates/template-home.php:9
Stack trace:
#0 /opt/bitnami/apps/wordpress/asteriscos-wp/wp-includes/template-loader.php(74): include()
#1 /opt/bitnami/apps/wordpress/asteriscos-wp/wp-blog-header.php(19): require_once('/opt/bitnami/ap...')
#2 /opt/bitnami/apps/wordpress/asteriscos-wp/index.php(17): require('/opt/bitnami/ap...')
#3 {main}
  thrown

2019-08-11T09:19:31+00:00 CRITICAL Uncaught Error: Call to undefined function get_field() in /opt/bitnami/apps/wordpress/asteriscos-wp/wp-content/themes/asteriscos/templates/template-item.php:9
Stack trace:
#0 /opt/bitnami/apps/wordpress/asteriscos-wp/wp-includes/template-loader.php(74): include()
#1 /opt/bitnami/apps/wordpress/asteriscos-wp/wp-blog-header.php(19): require_once('/opt/bitnami/ap...')
#2 /opt/bitnami/apps/wordpress/asteriscos-wp/index.php(17): require('/opt/bitnami/ap...')
#3 {main}
  thrown

2019-08-11T09:54:29+00:00 CRITICAL Uncaught Error: Call to undefined function get_field() in /opt/bitnami/apps/wordpress/asteriscos-wp/wp-content/themes/asteriscos/templates/template-item.php:9
Stack trace:
#0 /opt/bitnami/apps/wordpress/asteriscos-wp/wp-includes/template-loader.php(74): include()
#1 /opt/bitnami/apps/wordpress/asteriscos-wp/wp-blog-header.php(19): require_once('/opt/bitnami/ap...')
#2 /opt/bitnami/apps/wordpress/asteriscos-wp/index.php(17): require('/opt/bitnami/ap...')
#3 {main}
  thrown

2019-08-11T10:08:14+00:00 CRITICAL Uncaught Error: Call to undefined function get_field() in /opt/bitnami/apps/wordpress/asteriscos-wp/wp-content/themes/asteriscos/templates/template-home.php:9
Stack trace:
#0 /opt/bitnami/apps/wordpress/asteriscos-wp/wp-includes/template-loader.php(74): include()
#1 /opt/bitnami/apps/wordpress/asteriscos-wp/wp-blog-header.php(19): require_once('/opt/bitnami/ap...')
#2 /opt/bitnami/apps/wordpress/asteriscos-wp/index.php(17): require('/opt/bitnami/ap...')
#3 {main}
  thrown

2019-08-11T10:40:07+00:00 CRITICAL Uncaught Error: Call to undefined function get_field() in /opt/bitnami/apps/wordpress/asteriscos-wp/wp-content/themes/asteriscos/templates/template-home.php:9
Stack trace:
#0 /opt/bitnami/apps/wordpress/asteriscos-wp/wp-includes/template-loader.php(74): include()
#1 /opt/bitnami/apps/wordpress/asteriscos-wp/wp-blog-header.php(19): require_once('/opt/bitnami/ap...')
#2 /opt/bitnami/apps/wordpress/asteriscos-wp/index.php(17): require('/opt/bitnami/ap...')
#3 {main}
  thrown

2019-08-11T10:41:16+00:00 CRITICAL Uncaught Error: Call to undefined function get_field() in /opt/bitnami/apps/wordpress/asteriscos-wp/wp-content/themes/asteriscos/templates/template-item.php:9
Stack trace:
#0 /opt/bitnami/apps/wordpress/asteriscos-wp/wp-includes/template-loader.php(74): include()
#1 /opt/bitnami/apps/wordpress/asteriscos-wp/wp-blog-header.php(19): require_once('/opt/bitnami/ap...')
#2 /opt/bitnami/apps/wordpress/asteriscos-wp/index.php(17): require('/opt/bitnami/ap...')
#3 {main}
  thrown

2019-08-11T11:25:33+00:00 CRITICAL Uncaught Error: Call to undefined function get_field() in /opt/bitnami/apps/wordpress/asteriscos-wp/wp-content/themes/asteriscos/templates/template-volutario.php:9
Stack trace:
#0 /opt/bitnami/apps/wordpress/asteriscos-wp/wp-includes/template-loader.php(74): include()
#1 /opt/bitnami/apps/wordpress/asteriscos-wp/wp-blog-header.php(19): require_once('/opt/bitnami/ap...')
#2 /opt/bitnami/apps/wordpress/asteriscos-wp/index.php(17): require('/opt/bitnami/ap...')
#3 {main}
  thrown

2019-08-11T11:58:20+00:00 CRITICAL Uncaught Error: Call to undefined function get_field() in /opt/bitnami/apps/wordpress/asteriscos-wp/wp-content/themes/asteriscos/templates/template-volutario.php:9
Stack trace:
#0 /opt/bitnami/apps/wordpress/asteriscos-wp/wp-includes/template-loader.php(74): include()
#1 /opt/bitnami/apps/wordpress/asteriscos-wp/wp-blog-header.php(19): require_once('/opt/bitnami/ap...')
#2 /opt/bitnami/apps/wordpress/asteriscos-wp/index.php(17): require('/opt/bitnami/ap...')
#3 {main}
  thrown

2019-08-11T11:58:29+00:00 CRITICAL Uncaught Error: Call to undefined function get_field() in /opt/bitnami/apps/wordpress/asteriscos-wp/wp-content/themes/asteriscos/templates/template-home.php:9
Stack trace:
#0 /opt/bitnami/apps/wordpress/asteriscos-wp/wp-includes/template-loader.php(74): include()
#1 /opt/bitnami/apps/wordpress/asteriscos-wp/wp-blog-header.php(19): require_once('/opt/bitnami/ap...')
#2 /opt/bitnami/apps/wordpress/asteriscos-wp/index.php(17): require('/opt/bitnami/ap...')
#3 {main}
  thrown

2019-08-11T12:29:21+00:00 CRITICAL Uncaught Error: Call to undefined function get_field() in /opt/bitnami/apps/wordpress/asteriscos-wp/wp-content/themes/asteriscos/templates/template-volutario.php:9
Stack trace:
#0 /opt/bitnami/apps/wordpress/asteriscos-wp/wp-includes/template-loader.php(74): include()
#1 /opt/bitnami/apps/wordpress/asteriscos-wp/wp-blog-header.php(19): require_once('/opt/bitnami/ap...')
#2 /opt/bitnami/apps/wordpress/asteriscos-wp/index.php(17): require('/opt/bitnami/ap...')
#3 {main}
  thrown

2019-08-11T13:05:32+00:00 CRITICAL Uncaught Error: Call to undefined function get_field() in /opt/bitnami/apps/wordpress/asteriscos-wp/wp-content/themes/asteriscos/templates/template-item.php:9
Stack trace:
#0 /opt/bitnami/apps/wordpress/asteriscos-wp/wp-includes/template-loader.php(74): include()
#1 /opt/bitnami/apps/wordpress/asteriscos-wp/wp-blog-header.php(19): require_once('/opt/bitnami/ap...')
#2 /opt/bitnami/apps/wordpress/asteriscos-wp/index.php(17): require('/opt/bitnami/ap...')
#3 {main}
  thrown

2019-08-11T13:07:06+00:00 CRITICAL Uncaught Error: Call to undefined function get_field() in /opt/bitnami/apps/wordpress/asteriscos-wp/wp-content/themes/asteriscos/templates/template-item.php:9
Stack trace:
#0 /opt/bitnami/apps/wordpress/asteriscos-wp/wp-includes/template-loader.php(74): include()
#1 /opt/bitnami/apps/wordpress/asteriscos-wp/wp-blog-header.php(19): require_once('/opt/bitnami/ap...')
#2 /opt/bitnami/apps/wordpress/asteriscos-wp/index.php(17): require('/opt/bitnami/ap...')
#3 {main}
  thrown

2019-08-11T13:38:42+00:00 CRITICAL Uncaught Error: Call to undefined function get_field() in /opt/bitnami/apps/wordpress/asteriscos-wp/wp-content/themes/asteriscos/templates/template-home.php:9
Stack trace:
#0 /opt/bitnami/apps/wordpress/asteriscos-wp/wp-includes/template-loader.php(74): include()
#1 /opt/bitnami/apps/wordpress/asteriscos-wp/wp-blog-header.php(19): require_once('/opt/bitnami/ap...')
#2 /opt/bitnami/apps/wordpress/asteriscos-wp/index.php(17): require('/opt/bitnami/ap...')
#3 {main}
  thrown

2019-08-11T13:39:11+00:00 CRITICAL Uncaught Error: Call to undefined function get_field() in /opt/bitnami/apps/wordpress/asteriscos-wp/wp-content/themes/asteriscos/templates/template-home.php:9
Stack trace:
#0 /opt/bitnami/apps/wordpress/asteriscos-wp/wp-includes/template-loader.php(74): include()
#1 /opt/bitnami/apps/wordpress/asteriscos-wp/wp-blog-header.php(19): require_once('/opt/bitnami/ap...')
#2 /opt/bitnami/apps/wordpress/asteriscos-wp/index.php(17): require('/opt/bitnami/ap...')
#3 {main}
  thrown

2019-08-11T13:41:42+00:00 CRITICAL Uncaught Error: Call to undefined function get_field() in /opt/bitnami/apps/wordpress/asteriscos-wp/wp-content/themes/asteriscos/templates/template-home.php:9
Stack trace:
#0 /opt/bitnami/apps/wordpress/asteriscos-wp/wp-includes/template-loader.php(74): include()
#1 /opt/bitnami/apps/wordpress/asteriscos-wp/wp-blog-header.php(19): require_once('/opt/bitnami/ap...')
#2 /opt/bitnami/apps/wordpress/asteriscos-wp/index.php(17): require('/opt/bitnami/ap...')
#3 {main}
  thrown

2019-08-11T13:55:50+00:00 CRITICAL Uncaught Error: Call to undefined function get_field() in /opt/bitnami/apps/wordpress/asteriscos-wp/wp-content/themes/asteriscos/templates/template-home.php:9
Stack trace:
#0 /opt/bitnami/apps/wordpress/asteriscos-wp/wp-includes/template-loader.php(74): include()
#1 /opt/bitnami/apps/wordpress/asteriscos-wp/wp-blog-header.php(19): require_once('/opt/bitnami/ap...')
#2 /opt/bitnami/apps/wordpress/asteriscos-wp/index.php(17): require('/opt/bitnami/ap...')
#3 {main}
  thrown

2019-08-11T14:10:47+00:00 CRITICAL Uncaught Error: Call to undefined function get_field() in /opt/bitnami/apps/wordpress/asteriscos-wp/wp-content/themes/asteriscos/templates/template-item.php:9
Stack trace:
#0 /opt/bitnami/apps/wordpress/asteriscos-wp/wp-includes/template-loader.php(74): include()
#1 /opt/bitnami/apps/wordpress/asteriscos-wp/wp-blog-header.php(19): require_once('/opt/bitnami/ap...')
#2 /opt/bitnami/apps/wordpress/asteriscos-wp/index.php(17): require('/opt/bitnami/ap...')
#3 {main}
  thrown

2019-08-11T14:17:47+00:00 CRITICAL Uncaught Error: Call to undefined function get_field() in /opt/bitnami/apps/wordpress/asteriscos-wp/wp-content/themes/asteriscos/templates/template-volutario.php:9
Stack trace:
#0 /opt/bitnami/apps/wordpress/asteriscos-wp/wp-includes/template-loader.php(74): include()
#1 /opt/bitnami/apps/wordpress/asteriscos-wp/wp-blog-header.php(19): require_once('/opt/bitnami/ap...')
#2 /opt/bitnami/apps/wordpress/asteriscos-wp/index.php(17): require('/opt/bitnami/ap...')
#3 {main}
  thrown

2019-08-11T14:36:14+00:00 CRITICAL Uncaught Error: Call to undefined function get_field() in /opt/bitnami/apps/wordpress/asteriscos-wp/wp-content/themes/asteriscos/templates/template-item.php:9
Stack trace:
#0 /opt/bitnami/apps/wordpress/asteriscos-wp/wp-includes/template-loader.php(74): include()
#1 /opt/bitnami/apps/wordpress/asteriscos-wp/wp-blog-header.php(19): require_once('/opt/bitnami/ap...')
#2 /opt/bitnami/apps/wordpress/asteriscos-wp/index.php(17): require('/opt/bitnami/ap...')
#3 {main}
  thrown

2019-08-11T14:57:45+00:00 CRITICAL Uncaught Error: Call to undefined function get_field() in /opt/bitnami/apps/wordpress/asteriscos-wp/wp-content/themes/asteriscos/templates/template-noticias.php:10
Stack trace:
#0 /opt/bitnami/apps/wordpress/asteriscos-wp/wp-includes/template-loader.php(74): include()
#1 /opt/bitnami/apps/wordpress/asteriscos-wp/wp-blog-header.php(19): require_once('/opt/bitnami/ap...')
#2 /opt/bitnami/apps/wordpress/asteriscos-wp/index.php(17): require('/opt/bitnami/ap...')
#3 {main}
  thrown

2019-08-11T14:59:47+00:00 CRITICAL Uncaught Error: Call to undefined function get_field() in /opt/bitnami/apps/wordpress/asteriscos-wp/wp-content/themes/asteriscos/templates/template-index-grid.php:9
Stack trace:
#0 /opt/bitnami/apps/wordpress/asteriscos-wp/wp-includes/template-loader.php(74): include()
#1 /opt/bitnami/apps/wordpress/asteriscos-wp/wp-blog-header.php(19): require_once('/opt/bitnami/ap...')
#2 /opt/bitnami/apps/wordpress/asteriscos-wp/index.php(17): require('/opt/bitnami/ap...')
#3 {main}
  thrown

2019-08-11T16:08:48+00:00 CRITICAL Uncaught Error: Call to undefined function get_field() in /opt/bitnami/apps/wordpress/asteriscos-wp/wp-content/themes/asteriscos/templates/template-home.php:9
Stack trace:
#0 /opt/bitnami/apps/wordpress/asteriscos-wp/wp-includes/template-loader.php(74): include()
#1 /opt/bitnami/apps/wordpress/asteriscos-wp/wp-blog-header.php(19): require_once('/opt/bitnami/ap...')
#2 /opt/bitnami/apps/wordpress/asteriscos-wp/index.php(17): require('/opt/bitnami/ap...')
#3 {main}
  thrown

2019-08-11T16:41:36+00:00 CRITICAL Uncaught Error: Call to undefined function get_field() in /opt/bitnami/apps/wordpress/asteriscos-wp/wp-content/themes/asteriscos/templates/template-volutario.php:9
Stack trace:
#0 /opt/bitnami/apps/wordpress/asteriscos-wp/wp-includes/template-loader.php(74): include()
#1 /opt/bitnami/apps/wordpress/asteriscos-wp/wp-blog-header.php(19): require_once('/opt/bitnami/ap...')
#2 /opt/bitnami/apps/wordpress/asteriscos-wp/index.php(17): require('/opt/bitnami/ap...')
#3 {main}
  thrown

2019-08-11T17:14:52+00:00 CRITICAL Uncaught Error: Call to undefined function get_field() in /opt/bitnami/apps/wordpress/asteriscos-wp/wp-content/themes/asteriscos/templates/template-home.php:9
Stack trace:
#0 /opt/bitnami/apps/wordpress/asteriscos-wp/wp-includes/template-loader.php(74): include()
#1 /opt/bitnami/apps/wordpress/asteriscos-wp/wp-blog-header.php(19): require_once('/opt/bitnami/ap...')
#2 /opt/bitnami/apps/wordpress/asteriscos-wp/index.php(17): require('/opt/bitnami/ap...')
#3 {main}
  thrown

2019-08-11T17:22:21+00:00 CRITICAL Uncaught Error: Call to undefined function get_field() in /opt/bitnami/apps/wordpress/asteriscos-wp/wp-content/themes/asteriscos/templates/template-noticias.php:10
Stack trace:
#0 /opt/bitnami/apps/wordpress/asteriscos-wp/wp-includes/template-loader.php(74): include()
#1 /opt/bitnami/apps/wordpress/asteriscos-wp/wp-blog-header.php(19): require_once('/opt/bitnami/ap...')
#2 /opt/bitnami/apps/wordpress/asteriscos-wp/index.php(17): require('/opt/bitnami/ap...')
#3 {main}
  thrown

2019-08-11T18:17:01+00:00 CRITICAL Uncaught Error: Call to undefined function get_field() in /opt/bitnami/apps/wordpress/asteriscos-wp/wp-content/themes/asteriscos/templates/template-item.php:9
Stack trace:
#0 /opt/bitnami/apps/wordpress/asteriscos-wp/wp-includes/template-loader.php(74): include()
#1 /opt/bitnami/apps/wordpress/asteriscos-wp/wp-blog-header.php(19): require_once('/opt/bitnami/ap...')
#2 /opt/bitnami/apps/wordpress/asteriscos-wp/index.php(17): require('/opt/bitnami/ap...')
#3 {main}
  thrown

2019-08-11T18:53:25+00:00 CRITICAL Uncaught Error: Call to undefined function get_field() in /opt/bitnami/apps/wordpress/asteriscos-wp/wp-content/themes/asteriscos/templates/template-volutario.php:9
Stack trace:
#0 /opt/bitnami/apps/wordpress/asteriscos-wp/wp-includes/template-loader.php(74): include()
#1 /opt/bitnami/apps/wordpress/asteriscos-wp/wp-blog-header.php(19): require_once('/opt/bitnami/ap...')
#2 /opt/bitnami/apps/wordpress/asteriscos-wp/index.php(17): require('/opt/bitnami/ap...')
#3 {main}
  thrown

2019-08-11T18:53:46+00:00 CRITICAL Uncaught Error: Call to undefined function get_field() in /opt/bitnami/apps/wordpress/asteriscos-wp/wp-content/themes/asteriscos/templates/template-volutario.php:9
Stack trace:
#0 /opt/bitnami/apps/wordpress/asteriscos-wp/wp-includes/template-loader.php(74): include()
#1 /opt/bitnami/apps/wordpress/asteriscos-wp/wp-blog-header.php(19): require_once('/opt/bitnami/ap...')
#2 /opt/bitnami/apps/wordpress/asteriscos-wp/index.php(17): require('/opt/bitnami/ap...')
#3 {main}
  thrown

2019-08-11T19:30:58+00:00 CRITICAL Uncaught Error: Call to undefined function get_field() in /opt/bitnami/apps/wordpress/asteriscos-wp/wp-content/themes/asteriscos/templates/template-volutario.php:9
Stack trace:
#0 /opt/bitnami/apps/wordpress/asteriscos-wp/wp-includes/template-loader.php(74): include()
#1 /opt/bitnami/apps/wordpress/asteriscos-wp/wp-blog-header.php(19): require_once('/opt/bitnami/ap...')
#2 /opt/bitnami/apps/wordpress/asteriscos-wp/index.php(17): require('/opt/bitnami/ap...')
#3 {main}
  thrown

2019-08-11T19:36:47+00:00 CRITICAL Uncaught Error: Call to undefined function get_field() in /opt/bitnami/apps/wordpress/asteriscos-wp/wp-content/themes/asteriscos/templates/template-volutario.php:9
Stack trace:
#0 /opt/bitnami/apps/wordpress/asteriscos-wp/wp-includes/template-loader.php(74): include()
#1 /opt/bitnami/apps/wordpress/asteriscos-wp/wp-blog-header.php(19): require_once('/opt/bitnami/ap...')
#2 /opt/bitnami/apps/wordpress/asteriscos-wp/index.php(17): require('/opt/bitnami/ap...')
#3 {main}
  thrown

2019-08-11T19:42:26+00:00 CRITICAL Uncaught Error: Call to undefined function get_field() in /opt/bitnami/apps/wordpress/asteriscos-wp/wp-content/themes/asteriscos/templates/template-noticias.php:10
Stack trace:
#0 /opt/bitnami/apps/wordpress/asteriscos-wp/wp-includes/template-loader.php(74): include()
#1 /opt/bitnami/apps/wordpress/asteriscos-wp/wp-blog-header.php(19): require_once('/opt/bitnami/ap...')
#2 /opt/bitnami/apps/wordpress/asteriscos-wp/index.php(17): require('/opt/bitnami/ap...')
#3 {main}
  thrown

2019-08-11T20:03:20+00:00 CRITICAL Uncaught Error: Call to undefined function get_field() in /opt/bitnami/apps/wordpress/asteriscos-wp/wp-content/themes/asteriscos/templates/template-volutario.php:9
Stack trace:
#0 /opt/bitnami/apps/wordpress/asteriscos-wp/wp-includes/template-loader.php(74): include()
#1 /opt/bitnami/apps/wordpress/asteriscos-wp/wp-blog-header.php(19): require_once('/opt/bitnami/ap...')
#2 /opt/bitnami/apps/wordpress/asteriscos-wp/index.php(17): require('/opt/bitnami/ap...')
#3 {main}
  thrown

2019-08-11T20:05:16+00:00 CRITICAL Uncaught Error: Call to undefined function get_field() in /opt/bitnami/apps/wordpress/asteriscos-wp/wp-content/themes/asteriscos/templates/template-home.php:9
Stack trace:
#0 /opt/bitnami/apps/wordpress/asteriscos-wp/wp-includes/template-loader.php(74): include()
#1 /opt/bitnami/apps/wordpress/asteriscos-wp/wp-blog-header.php(19): require_once('/opt/bitnami/ap...')
#2 /opt/bitnami/apps/wordpress/asteriscos-wp/index.php(17): require('/opt/bitnami/ap...')
#3 {main}
  thrown

2019-08-11T20:05:21+00:00 CRITICAL Uncaught Error: Call to undefined function get_field() in /opt/bitnami/apps/wordpress/asteriscos-wp/wp-content/themes/asteriscos/templates/template-index-grid.php:9
Stack trace:
#0 /opt/bitnami/apps/wordpress/asteriscos-wp/wp-includes/template-loader.php(74): include()
#1 /opt/bitnami/apps/wordpress/asteriscos-wp/wp-blog-header.php(19): require_once('/opt/bitnami/ap...')
#2 /opt/bitnami/apps/wordpress/asteriscos-wp/index.php(17): require('/opt/bitnami/ap...')
#3 {main}
  thrown

2019-08-11T20:07:09+00:00 CRITICAL Uncaught Error: Call to undefined function get_field() in /opt/bitnami/apps/wordpress/asteriscos-wp/wp-content/themes/asteriscos/templates/template-item.php:9
Stack trace:
#0 /opt/bitnami/apps/wordpress/asteriscos-wp/wp-includes/template-loader.php(74): include()
#1 /opt/bitnami/apps/wordpress/asteriscos-wp/wp-blog-header.php(19): require_once('/opt/bitnami/ap...')
#2 /opt/bitnami/apps/wordpress/asteriscos-wp/index.php(17): require('/opt/bitnami/ap...')
#3 {main}
  thrown

2019-08-11T20:17:33+00:00 CRITICAL Uncaught Error: Call to undefined function get_field() in /opt/bitnami/apps/wordpress/asteriscos-wp/wp-content/themes/asteriscos/templates/template-item.php:9
Stack trace:
#0 /opt/bitnami/apps/wordpress/asteriscos-wp/wp-includes/template-loader.php(74): include()
#1 /opt/bitnami/apps/wordpress/asteriscos-wp/wp-blog-header.php(19): require_once('/opt/bitnami/ap...')
#2 /opt/bitnami/apps/wordpress/asteriscos-wp/index.php(17): require('/opt/bitnami/ap...')
#3 {main}
  thrown

2019-08-11T20:23:20+00:00 CRITICAL Uncaught Error: Call to undefined function get_field() in /opt/bitnami/apps/wordpress/asteriscos-wp/wp-content/themes/asteriscos/templates/template-volutario.php:9
Stack trace:
#0 /opt/bitnami/apps/wordpress/asteriscos-wp/wp-includes/template-loader.php(74): include()
#1 /opt/bitnami/apps/wordpress/asteriscos-wp/wp-blog-header.php(19): require_once('/opt/bitnami/ap...')
#2 /opt/bitnami/apps/wordpress/asteriscos-wp/index.php(17): require('/opt/bitnami/ap...')
#3 {main}
  thrown

2019-08-11T20:28:54+00:00 CRITICAL Uncaught Error: Call to undefined function get_field() in /opt/bitnami/apps/wordpress/asteriscos-wp/wp-content/themes/asteriscos/templates/template-home.php:9
Stack trace:
#0 /opt/bitnami/apps/wordpress/asteriscos-wp/wp-includes/template-loader.php(74): include()
#1 /opt/bitnami/apps/wordpress/asteriscos-wp/wp-blog-header.php(19): require_once('/opt/bitnami/ap...')
#2 /opt/bitnami/apps/wordpress/asteriscos-wp/index.php(17): require('/opt/bitnami/ap...')
#3 {main}
  thrown

2019-08-11T20:39:48+00:00 CRITICAL Uncaught Error: Call to undefined function get_field() in /opt/bitnami/apps/wordpress/asteriscos-wp/wp-content/themes/asteriscos/templates/template-volutario.php:9
Stack trace:
#0 /opt/bitnami/apps/wordpress/asteriscos-wp/wp-includes/template-loader.php(74): include()
#1 /opt/bitnami/apps/wordpress/asteriscos-wp/wp-blog-header.php(19): require_once('/opt/bitnami/ap...')
#2 /opt/bitnami/apps/wordpress/asteriscos-wp/index.php(17): require('/opt/bitnami/ap...')
#3 {main}
  thrown

2019-08-11T20:49:23+00:00 CRITICAL Uncaught Error: Call to undefined function get_field() in /opt/bitnami/apps/wordpress/asteriscos-wp/wp-content/themes/asteriscos/templates/template-home.php:9
Stack trace:
#0 /opt/bitnami/apps/wordpress/asteriscos-wp/wp-includes/template-loader.php(74): include()
#1 /opt/bitnami/apps/wordpress/asteriscos-wp/wp-blog-header.php(19): require_once('/opt/bitnami/ap...')
#2 /opt/bitnami/apps/wordpress/asteriscos-wp/index.php(17): require('/opt/bitnami/ap...')
#3 {main}
  thrown

2019-08-11T21:25:31+00:00 CRITICAL Uncaught Error: Call to undefined function get_field() in /opt/bitnami/apps/wordpress/asteriscos-wp/wp-content/themes/asteriscos/templates/template-home.php:9
Stack trace:
#0 /opt/bitnami/apps/wordpress/asteriscos-wp/wp-includes/template-loader.php(74): include()
#1 /opt/bitnami/apps/wordpress/asteriscos-wp/wp-blog-header.php(19): require_once('/opt/bitnami/ap...')
#2 /opt/bitnami/apps/wordpress/asteriscos-wp/index.php(17): require('/opt/bitnami/ap...')
#3 {main}
  thrown

2019-08-11T22:27:20+00:00 CRITICAL Uncaught Error: Call to undefined function get_field() in /opt/bitnami/apps/wordpress/asteriscos-wp/wp-content/themes/asteriscos/templates/template-volutario.php:9
Stack trace:
#0 /opt/bitnami/apps/wordpress/asteriscos-wp/wp-includes/template-loader.php(74): include()
#1 /opt/bitnami/apps/wordpress/asteriscos-wp/wp-blog-header.php(19): require_once('/opt/bitnami/ap...')
#2 /opt/bitnami/apps/wordpress/asteriscos-wp/index.php(17): require('/opt/bitnami/ap...')
#3 {main}
  thrown

2019-08-11T22:50:19+00:00 CRITICAL Uncaught Error: Call to undefined function get_field() in /opt/bitnami/apps/wordpress/asteriscos-wp/wp-content/themes/asteriscos/templates/template-noticias.php:10
Stack trace:
#0 /opt/bitnami/apps/wordpress/asteriscos-wp/wp-includes/template-loader.php(74): include()
#1 /opt/bitnami/apps/wordpress/asteriscos-wp/wp-blog-header.php(19): require_once('/opt/bitnami/ap...')
#2 /opt/bitnami/apps/wordpress/asteriscos-wp/index.php(17): require('/opt/bitnami/ap...')
#3 {main}
  thrown

2019-08-11T22:58:34+00:00 CRITICAL Uncaught Error: Call to undefined function get_field() in /opt/bitnami/apps/wordpress/asteriscos-wp/wp-content/themes/asteriscos/templates/template-index-grid.php:9
Stack trace:
#0 /opt/bitnami/apps/wordpress/asteriscos-wp/wp-includes/template-loader.php(74): include()
#1 /opt/bitnami/apps/wordpress/asteriscos-wp/wp-blog-header.php(19): require_once('/opt/bitnami/ap...')
#2 /opt/bitnami/apps/wordpress/asteriscos-wp/index.php(17): require('/opt/bitnami/ap...')
#3 {main}
  thrown

