2019-08-01T00:19:50+00:00 CRITICAL Uncaught Error: Call to undefined function get_field() in /opt/bitnami/apps/wordpress/asteriscos-wp/wp-content/themes/asteriscos/templates/template-volutario.php:9
Stack trace:
#0 /opt/bitnami/apps/wordpress/asteriscos-wp/wp-includes/template-loader.php(74): include()
#1 /opt/bitnami/apps/wordpress/asteriscos-wp/wp-blog-header.php(19): require_once('/opt/bitnami/ap...')
#2 /opt/bitnami/apps/wordpress/asteriscos-wp/index.php(17): require('/opt/bitnami/ap...')
#3 {main}
  thrown

2019-08-01T00:43:24+00:00 CRITICAL Uncaught Error: Call to undefined function get_field() in /opt/bitnami/apps/wordpress/asteriscos-wp/wp-content/themes/asteriscos/templates/template-home.php:9
Stack trace:
#0 /opt/bitnami/apps/wordpress/asteriscos-wp/wp-includes/template-loader.php(74): include()
#1 /opt/bitnami/apps/wordpress/asteriscos-wp/wp-blog-header.php(19): require_once('/opt/bitnami/ap...')
#2 /opt/bitnami/apps/wordpress/asteriscos-wp/index.php(17): require('/opt/bitnami/ap...')
#3 {main}
  thrown

2019-08-01T00:53:23+00:00 CRITICAL Uncaught Error: Call to undefined function get_field() in /opt/bitnami/apps/wordpress/asteriscos-wp/wp-content/themes/asteriscos/templates/template-noticias.php:10
Stack trace:
#0 /opt/bitnami/apps/wordpress/asteriscos-wp/wp-includes/template-loader.php(74): include()
#1 /opt/bitnami/apps/wordpress/asteriscos-wp/wp-blog-header.php(19): require_once('/opt/bitnami/ap...')
#2 /opt/bitnami/apps/wordpress/asteriscos-wp/index.php(17): require('/opt/bitnami/ap...')
#3 {main}
  thrown

2019-08-01T00:59:33+00:00 CRITICAL Uncaught Error: Call to undefined function get_field() in /opt/bitnami/apps/wordpress/asteriscos-wp/wp-content/themes/asteriscos/templates/template-noticias.php:10
Stack trace:
#0 /opt/bitnami/apps/wordpress/asteriscos-wp/wp-includes/template-loader.php(74): include()
#1 /opt/bitnami/apps/wordpress/asteriscos-wp/wp-blog-header.php(19): require_once('/opt/bitnami/ap...')
#2 /opt/bitnami/apps/wordpress/asteriscos-wp/index.php(17): require('/opt/bitnami/ap...')
#3 {main}
  thrown

2019-08-01T01:01:41+00:00 CRITICAL Uncaught Error: Call to undefined function get_field() in /opt/bitnami/apps/wordpress/asteriscos-wp/wp-content/themes/asteriscos/templates/template-home.php:9
Stack trace:
#0 /opt/bitnami/apps/wordpress/asteriscos-wp/wp-includes/template-loader.php(74): include()
#1 /opt/bitnami/apps/wordpress/asteriscos-wp/wp-blog-header.php(19): require_once('/opt/bitnami/ap...')
#2 /opt/bitnami/apps/wordpress/asteriscos-wp/index.php(17): require('/opt/bitnami/ap...')
#3 {main}
  thrown

2019-08-01T02:54:28+00:00 CRITICAL Uncaught Error: Call to undefined function get_field() in /opt/bitnami/apps/wordpress/asteriscos-wp/wp-content/themes/asteriscos/templates/template-volutario.php:9
Stack trace:
#0 /opt/bitnami/apps/wordpress/asteriscos-wp/wp-includes/template-loader.php(74): include()
#1 /opt/bitnami/apps/wordpress/asteriscos-wp/wp-blog-header.php(19): require_once('/opt/bitnami/ap...')
#2 /opt/bitnami/apps/wordpress/asteriscos-wp/index.php(17): require('/opt/bitnami/ap...')
#3 {main}
  thrown

2019-08-01T03:15:03+00:00 CRITICAL Uncaught Error: Call to undefined function get_field() in /opt/bitnami/apps/wordpress/asteriscos-wp/wp-content/themes/asteriscos/templates/template-volutario.php:9
Stack trace:
#0 /opt/bitnami/apps/wordpress/asteriscos-wp/wp-includes/template-loader.php(74): include()
#1 /opt/bitnami/apps/wordpress/asteriscos-wp/wp-blog-header.php(19): require_once('/opt/bitnami/ap...')
#2 /opt/bitnami/apps/wordpress/asteriscos-wp/index.php(17): require('/opt/bitnami/ap...')
#3 {main}
  thrown

2019-08-01T03:24:32+00:00 CRITICAL Uncaught Error: Call to undefined function get_field() in /opt/bitnami/apps/wordpress/asteriscos-wp/wp-content/themes/asteriscos/templates/template-noticias.php:10
Stack trace:
#0 /opt/bitnami/apps/wordpress/asteriscos-wp/wp-includes/template-loader.php(74): include()
#1 /opt/bitnami/apps/wordpress/asteriscos-wp/wp-blog-header.php(19): require_once('/opt/bitnami/ap...')
#2 /opt/bitnami/apps/wordpress/asteriscos-wp/index.php(17): require('/opt/bitnami/ap...')
#3 {main}
  thrown

2019-08-01T03:54:08+00:00 CRITICAL Uncaught Error: Call to undefined function get_field() in /opt/bitnami/apps/wordpress/asteriscos-wp/wp-content/themes/asteriscos/templates/template-item.php:9
Stack trace:
#0 /opt/bitnami/apps/wordpress/asteriscos-wp/wp-includes/template-loader.php(74): include()
#1 /opt/bitnami/apps/wordpress/asteriscos-wp/wp-blog-header.php(19): require_once('/opt/bitnami/ap...')
#2 /opt/bitnami/apps/wordpress/asteriscos-wp/index.php(17): require('/opt/bitnami/ap...')
#3 {main}
  thrown

2019-08-01T04:35:15+00:00 CRITICAL Uncaught Error: Call to undefined function get_field() in /opt/bitnami/apps/wordpress/asteriscos-wp/wp-content/themes/asteriscos/templates/template-volutario.php:9
Stack trace:
#0 /opt/bitnami/apps/wordpress/asteriscos-wp/wp-includes/template-loader.php(74): include()
#1 /opt/bitnami/apps/wordpress/asteriscos-wp/wp-blog-header.php(19): require_once('/opt/bitnami/ap...')
#2 /opt/bitnami/apps/wordpress/asteriscos-wp/index.php(17): require('/opt/bitnami/ap...')
#3 {main}
  thrown

2019-08-01T05:05:21+00:00 CRITICAL Uncaught Error: Call to undefined function get_field() in /opt/bitnami/apps/wordpress/asteriscos-wp/wp-content/themes/asteriscos/templates/template-volutario.php:9
Stack trace:
#0 /opt/bitnami/apps/wordpress/asteriscos-wp/wp-includes/template-loader.php(74): include()
#1 /opt/bitnami/apps/wordpress/asteriscos-wp/wp-blog-header.php(19): require_once('/opt/bitnami/ap...')
#2 /opt/bitnami/apps/wordpress/asteriscos-wp/index.php(17): require('/opt/bitnami/ap...')
#3 {main}
  thrown

2019-08-01T05:16:43+00:00 CRITICAL Uncaught Error: Call to undefined function get_field() in /opt/bitnami/apps/wordpress/asteriscos-wp/wp-content/themes/asteriscos/templates/template-volutario.php:9
Stack trace:
#0 /opt/bitnami/apps/wordpress/asteriscos-wp/wp-includes/template-loader.php(74): include()
#1 /opt/bitnami/apps/wordpress/asteriscos-wp/wp-blog-header.php(19): require_once('/opt/bitnami/ap...')
#2 /opt/bitnami/apps/wordpress/asteriscos-wp/index.php(17): require('/opt/bitnami/ap...')
#3 {main}
  thrown

2019-08-01T05:27:41+00:00 CRITICAL Uncaught Error: Call to undefined function get_field() in /opt/bitnami/apps/wordpress/asteriscos-wp/wp-content/themes/asteriscos/templates/template-home.php:9
Stack trace:
#0 /opt/bitnami/apps/wordpress/asteriscos-wp/wp-includes/template-loader.php(74): include()
#1 /opt/bitnami/apps/wordpress/asteriscos-wp/wp-blog-header.php(19): require_once('/opt/bitnami/ap...')
#2 /opt/bitnami/apps/wordpress/asteriscos-wp/index.php(17): require('/opt/bitnami/ap...')
#3 {main}
  thrown

2019-08-01T06:05:48+00:00 CRITICAL Uncaught Error: Call to undefined function get_field() in /opt/bitnami/apps/wordpress/asteriscos-wp/wp-content/themes/asteriscos/templates/template-item.php:9
Stack trace:
#0 /opt/bitnami/apps/wordpress/asteriscos-wp/wp-includes/template-loader.php(74): include()
#1 /opt/bitnami/apps/wordpress/asteriscos-wp/wp-blog-header.php(19): require_once('/opt/bitnami/ap...')
#2 /opt/bitnami/apps/wordpress/asteriscos-wp/index.php(17): require('/opt/bitnami/ap...')
#3 {main}
  thrown

2019-08-01T06:15:43+00:00 CRITICAL Uncaught Error: Call to undefined function get_field() in /opt/bitnami/apps/wordpress/asteriscos-wp/wp-content/themes/asteriscos/templates/template-noticias.php:10
Stack trace:
#0 /opt/bitnami/apps/wordpress/asteriscos-wp/wp-includes/template-loader.php(74): include()
#1 /opt/bitnami/apps/wordpress/asteriscos-wp/wp-blog-header.php(19): require_once('/opt/bitnami/ap...')
#2 /opt/bitnami/apps/wordpress/asteriscos-wp/index.php(17): require('/opt/bitnami/ap...')
#3 {main}
  thrown

2019-08-01T07:13:16+00:00 CRITICAL Uncaught Error: Call to undefined function get_field() in /opt/bitnami/apps/wordpress/asteriscos-wp/wp-content/themes/asteriscos/templates/template-volutario.php:9
Stack trace:
#0 /opt/bitnami/apps/wordpress/asteriscos-wp/wp-includes/template-loader.php(74): include()
#1 /opt/bitnami/apps/wordpress/asteriscos-wp/wp-blog-header.php(19): require_once('/opt/bitnami/ap...')
#2 /opt/bitnami/apps/wordpress/asteriscos-wp/index.php(17): require('/opt/bitnami/ap...')
#3 {main}
  thrown

2019-08-01T07:30:35+00:00 CRITICAL Uncaught Error: Call to undefined function get_field() in /opt/bitnami/apps/wordpress/asteriscos-wp/wp-content/themes/asteriscos/templates/template-home.php:9
Stack trace:
#0 /opt/bitnami/apps/wordpress/asteriscos-wp/wp-includes/template-loader.php(74): include()
#1 /opt/bitnami/apps/wordpress/asteriscos-wp/wp-blog-header.php(19): require_once('/opt/bitnami/ap...')
#2 /opt/bitnami/apps/wordpress/asteriscos-wp/index.php(17): require('/opt/bitnami/ap...')
#3 {main}
  thrown

2019-08-01T07:46:02+00:00 CRITICAL Uncaught Error: Call to undefined function get_field() in /opt/bitnami/apps/wordpress/asteriscos-wp/wp-content/themes/asteriscos/templates/template-volutario.php:9
Stack trace:
#0 /opt/bitnami/apps/wordpress/asteriscos-wp/wp-includes/template-loader.php(74): include()
#1 /opt/bitnami/apps/wordpress/asteriscos-wp/wp-blog-header.php(19): require_once('/opt/bitnami/ap...')
#2 /opt/bitnami/apps/wordpress/asteriscos-wp/index.php(17): require('/opt/bitnami/ap...')
#3 {main}
  thrown

2019-08-01T08:14:24+00:00 CRITICAL Uncaught Error: Call to undefined function get_field() in /opt/bitnami/apps/wordpress/asteriscos-wp/wp-content/themes/asteriscos/templates/template-home.php:9
Stack trace:
#0 /opt/bitnami/apps/wordpress/asteriscos-wp/wp-includes/template-loader.php(74): include()
#1 /opt/bitnami/apps/wordpress/asteriscos-wp/wp-blog-header.php(19): require_once('/opt/bitnami/ap...')
#2 /opt/bitnami/apps/wordpress/asteriscos-wp/index.php(17): require('/opt/bitnami/ap...')
#3 {main}
  thrown

2019-08-01T08:23:39+00:00 CRITICAL Uncaught Error: Call to undefined function get_field() in /opt/bitnami/apps/wordpress/asteriscos-wp/wp-content/themes/asteriscos/templates/template-home.php:9
Stack trace:
#0 /opt/bitnami/apps/wordpress/asteriscos-wp/wp-includes/template-loader.php(74): include()
#1 /opt/bitnami/apps/wordpress/asteriscos-wp/wp-blog-header.php(19): require_once('/opt/bitnami/ap...')
#2 /opt/bitnami/apps/wordpress/asteriscos-wp/index.php(17): require('/opt/bitnami/ap...')
#3 {main}
  thrown

2019-08-01T08:23:39+00:00 CRITICAL Uncaught Error: Call to undefined function get_field() in /opt/bitnami/apps/wordpress/asteriscos-wp/wp-content/themes/asteriscos/templates/template-home.php:9
Stack trace:
#0 /opt/bitnami/apps/wordpress/asteriscos-wp/wp-includes/template-loader.php(74): include()
#1 /opt/bitnami/apps/wordpress/asteriscos-wp/wp-blog-header.php(19): require_once('/opt/bitnami/ap...')
#2 /opt/bitnami/apps/wordpress/asteriscos-wp/index.php(17): require('/opt/bitnami/ap...')
#3 {main}
  thrown

2019-08-01T08:35:15+00:00 CRITICAL Uncaught Error: Call to undefined function get_field() in /opt/bitnami/apps/wordpress/asteriscos-wp/wp-content/themes/asteriscos/templates/template-home.php:9
Stack trace:
#0 /opt/bitnami/apps/wordpress/asteriscos-wp/wp-includes/template-loader.php(74): include()
#1 /opt/bitnami/apps/wordpress/asteriscos-wp/wp-blog-header.php(19): require_once('/opt/bitnami/ap...')
#2 /opt/bitnami/apps/wordpress/asteriscos-wp/index.php(17): require('/opt/bitnami/ap...')
#3 {main}
  thrown

2019-08-01T09:13:58+00:00 CRITICAL Uncaught Error: Call to undefined function get_field() in /opt/bitnami/apps/wordpress/asteriscos-wp/wp-content/themes/asteriscos/templates/template-home.php:9
Stack trace:
#0 /opt/bitnami/apps/wordpress/asteriscos-wp/wp-includes/template-loader.php(74): include()
#1 /opt/bitnami/apps/wordpress/asteriscos-wp/wp-blog-header.php(19): require_once('/opt/bitnami/ap...')
#2 /opt/bitnami/apps/wordpress/asteriscos-wp/index.php(17): require('/opt/bitnami/ap...')
#3 {main}
  thrown

2019-08-01T09:46:51+00:00 CRITICAL Uncaught Error: Call to undefined function get_field() in /opt/bitnami/apps/wordpress/asteriscos-wp/wp-content/themes/asteriscos/templates/template-home.php:9
Stack trace:
#0 /opt/bitnami/apps/wordpress/asteriscos-wp/wp-includes/template-loader.php(74): include()
#1 /opt/bitnami/apps/wordpress/asteriscos-wp/wp-blog-header.php(19): require_once('/opt/bitnami/ap...')
#2 /opt/bitnami/apps/wordpress/asteriscos-wp/index.php(17): require('/opt/bitnami/ap...')
#3 {main}
  thrown

2019-08-01T09:56:43+00:00 CRITICAL Uncaught Error: Call to undefined function get_field() in /opt/bitnami/apps/wordpress/asteriscos-wp/wp-content/themes/asteriscos/templates/template-volutario.php:9
Stack trace:
#0 /opt/bitnami/apps/wordpress/asteriscos-wp/wp-includes/template-loader.php(74): include()
#1 /opt/bitnami/apps/wordpress/asteriscos-wp/wp-blog-header.php(19): require_once('/opt/bitnami/ap...')
#2 /opt/bitnami/apps/wordpress/asteriscos-wp/index.php(17): require('/opt/bitnami/ap...')
#3 {main}
  thrown

2019-08-01T10:12:31+00:00 CRITICAL Uncaught Error: Call to undefined function get_field() in /opt/bitnami/apps/wordpress/asteriscos-wp/wp-content/themes/asteriscos/templates/template-home.php:9
Stack trace:
#0 /opt/bitnami/apps/wordpress/asteriscos-wp/wp-includes/template-loader.php(74): include()
#1 /opt/bitnami/apps/wordpress/asteriscos-wp/wp-blog-header.php(19): require_once('/opt/bitnami/ap...')
#2 /opt/bitnami/apps/wordpress/asteriscos-wp/index.php(17): require('/opt/bitnami/ap...')
#3 {main}
  thrown

2019-08-01T10:27:30+00:00 CRITICAL Uncaught Error: Call to undefined function get_field() in /opt/bitnami/apps/wordpress/asteriscos-wp/wp-content/themes/asteriscos/templates/template-volutario.php:9
Stack trace:
#0 /opt/bitnami/apps/wordpress/asteriscos-wp/wp-includes/template-loader.php(74): include()
#1 /opt/bitnami/apps/wordpress/asteriscos-wp/wp-blog-header.php(19): require_once('/opt/bitnami/ap...')
#2 /opt/bitnami/apps/wordpress/asteriscos-wp/index.php(17): require('/opt/bitnami/ap...')
#3 {main}
  thrown

2019-08-01T10:39:56+00:00 CRITICAL Uncaught Error: Call to undefined function get_field() in /opt/bitnami/apps/wordpress/asteriscos-wp/wp-content/themes/asteriscos/templates/template-home.php:9
Stack trace:
#0 /opt/bitnami/apps/wordpress/asteriscos-wp/wp-includes/template-loader.php(74): include()
#1 /opt/bitnami/apps/wordpress/asteriscos-wp/wp-blog-header.php(19): require_once('/opt/bitnami/ap...')
#2 /opt/bitnami/apps/wordpress/asteriscos-wp/index.php(17): require('/opt/bitnami/ap...')
#3 {main}
  thrown

2019-08-01T10:45:55+00:00 CRITICAL Uncaught Error: Call to undefined function get_field() in /opt/bitnami/apps/wordpress/asteriscos-wp/wp-content/themes/asteriscos/templates/template-volutario.php:9
Stack trace:
#0 /opt/bitnami/apps/wordpress/asteriscos-wp/wp-includes/template-loader.php(74): include()
#1 /opt/bitnami/apps/wordpress/asteriscos-wp/wp-blog-header.php(19): require_once('/opt/bitnami/ap...')
#2 /opt/bitnami/apps/wordpress/asteriscos-wp/index.php(17): require('/opt/bitnami/ap...')
#3 {main}
  thrown

2019-08-01T10:57:12+00:00 CRITICAL Uncaught Error: Call to undefined function get_field() in /opt/bitnami/apps/wordpress/asteriscos-wp/wp-content/themes/asteriscos/templates/template-volutario.php:9
Stack trace:
#0 /opt/bitnami/apps/wordpress/asteriscos-wp/wp-includes/template-loader.php(74): include()
#1 /opt/bitnami/apps/wordpress/asteriscos-wp/wp-blog-header.php(19): require_once('/opt/bitnami/ap...')
#2 /opt/bitnami/apps/wordpress/asteriscos-wp/index.php(17): require('/opt/bitnami/ap...')
#3 {main}
  thrown

2019-08-01T12:08:54+00:00 CRITICAL Uncaught Error: Call to undefined function get_field() in /opt/bitnami/apps/wordpress/asteriscos-wp/wp-content/themes/asteriscos/templates/template-home.php:9
Stack trace:
#0 /opt/bitnami/apps/wordpress/asteriscos-wp/wp-includes/template-loader.php(74): include()
#1 /opt/bitnami/apps/wordpress/asteriscos-wp/wp-blog-header.php(19): require_once('/opt/bitnami/ap...')
#2 /opt/bitnami/apps/wordpress/asteriscos-wp/index.php(17): require('/opt/bitnami/ap...')
#3 {main}
  thrown

2019-08-01T12:10:04+00:00 CRITICAL Uncaught Error: Call to undefined function get_field() in /opt/bitnami/apps/wordpress/asteriscos-wp/wp-content/themes/asteriscos/templates/template-home.php:9
Stack trace:
#0 /opt/bitnami/apps/wordpress/asteriscos-wp/wp-includes/template-loader.php(74): include()
#1 /opt/bitnami/apps/wordpress/asteriscos-wp/wp-blog-header.php(19): require_once('/opt/bitnami/ap...')
#2 /opt/bitnami/apps/wordpress/asteriscos-wp/index.php(17): require('/opt/bitnami/ap...')
#3 {main}
  thrown

2019-08-01T12:10:41+00:00 CRITICAL Uncaught Error: Call to undefined function get_field() in /opt/bitnami/apps/wordpress/asteriscos-wp/wp-content/themes/asteriscos/templates/template-home.php:9
Stack trace:
#0 /opt/bitnami/apps/wordpress/asteriscos-wp/wp-includes/template-loader.php(74): include()
#1 /opt/bitnami/apps/wordpress/asteriscos-wp/wp-blog-header.php(19): require_once('/opt/bitnami/ap...')
#2 /opt/bitnami/apps/wordpress/asteriscos-wp/index.php(17): require('/opt/bitnami/ap...')
#3 {main}
  thrown

2019-08-01T12:11:15+00:00 CRITICAL Uncaught Error: Call to undefined function get_field() in /opt/bitnami/apps/wordpress/asteriscos-wp/wp-content/themes/asteriscos/templates/template-home.php:9
Stack trace:
#0 /opt/bitnami/apps/wordpress/asteriscos-wp/wp-includes/template-loader.php(74): include()
#1 /opt/bitnami/apps/wordpress/asteriscos-wp/wp-blog-header.php(19): require_once('/opt/bitnami/ap...')
#2 /opt/bitnami/apps/wordpress/asteriscos-wp/index.php(17): require('/opt/bitnami/ap...')
#3 {main}
  thrown

2019-08-01T12:11:20+00:00 CRITICAL Uncaught Error: Call to undefined function get_field() in /opt/bitnami/apps/wordpress/asteriscos-wp/wp-content/themes/asteriscos/templates/template-home.php:9
Stack trace:
#0 /opt/bitnami/apps/wordpress/asteriscos-wp/wp-includes/template-loader.php(74): include()
#1 /opt/bitnami/apps/wordpress/asteriscos-wp/wp-blog-header.php(19): require_once('/opt/bitnami/ap...')
#2 /opt/bitnami/apps/wordpress/asteriscos-wp/index.php(17): require('/opt/bitnami/ap...')
#3 {main}
  thrown

2019-08-01T12:11:30+00:00 CRITICAL Uncaught Error: Call to undefined function get_field() in /opt/bitnami/apps/wordpress/asteriscos-wp/wp-content/themes/asteriscos/templates/template-home.php:9
Stack trace:
#0 /opt/bitnami/apps/wordpress/asteriscos-wp/wp-includes/template-loader.php(74): include()
#1 /opt/bitnami/apps/wordpress/asteriscos-wp/wp-blog-header.php(19): require_once('/opt/bitnami/ap...')
#2 /opt/bitnami/apps/wordpress/asteriscos-wp/index.php(17): require('/opt/bitnami/ap...')
#3 {main}
  thrown

2019-08-01T12:11:41+00:00 CRITICAL Uncaught Error: Call to undefined function get_field() in /opt/bitnami/apps/wordpress/asteriscos-wp/wp-content/themes/asteriscos/templates/template-home.php:9
Stack trace:
#0 /opt/bitnami/apps/wordpress/asteriscos-wp/wp-includes/template-loader.php(74): include()
#1 /opt/bitnami/apps/wordpress/asteriscos-wp/wp-blog-header.php(19): require_once('/opt/bitnami/ap...')
#2 /opt/bitnami/apps/wordpress/asteriscos-wp/index.php(17): require('/opt/bitnami/ap...')
#3 {main}
  thrown

2019-08-01T12:12:08+00:00 CRITICAL Uncaught Error: Call to undefined function get_field() in /opt/bitnami/apps/wordpress/asteriscos-wp/wp-content/themes/asteriscos/templates/template-home.php:9
Stack trace:
#0 /opt/bitnami/apps/wordpress/asteriscos-wp/wp-includes/template-loader.php(74): include()
#1 /opt/bitnami/apps/wordpress/asteriscos-wp/wp-blog-header.php(19): require_once('/opt/bitnami/ap...')
#2 /opt/bitnami/apps/wordpress/asteriscos-wp/index.php(17): require('/opt/bitnami/ap...')
#3 {main}
  thrown

2019-08-01T12:13:35+00:00 CRITICAL Uncaught Error: Call to undefined function get_field() in /opt/bitnami/apps/wordpress/asteriscos-wp/wp-content/themes/asteriscos/templates/template-home.php:9
Stack trace:
#0 /opt/bitnami/apps/wordpress/asteriscos-wp/wp-includes/template-loader.php(74): include()
#1 /opt/bitnami/apps/wordpress/asteriscos-wp/wp-blog-header.php(19): require_once('/opt/bitnami/ap...')
#2 /opt/bitnami/apps/wordpress/asteriscos-wp/index.php(17): require('/opt/bitnami/ap...')
#3 {main}
  thrown

2019-08-01T12:14:20+00:00 CRITICAL Uncaught Error: Call to undefined function get_field() in /opt/bitnami/apps/wordpress/asteriscos-wp/wp-content/themes/asteriscos/templates/template-home.php:9
Stack trace:
#0 /opt/bitnami/apps/wordpress/asteriscos-wp/wp-includes/template-loader.php(74): include()
#1 /opt/bitnami/apps/wordpress/asteriscos-wp/wp-blog-header.php(19): require_once('/opt/bitnami/ap...')
#2 /opt/bitnami/apps/wordpress/asteriscos-wp/index.php(17): require('/opt/bitnami/ap...')
#3 {main}
  thrown

2019-08-01T12:14:26+00:00 CRITICAL Uncaught Error: Call to undefined function get_field() in /opt/bitnami/apps/wordpress/asteriscos-wp/wp-content/themes/asteriscos/templates/template-home.php:9
Stack trace:
#0 /opt/bitnami/apps/wordpress/asteriscos-wp/wp-includes/template-loader.php(74): include()
#1 /opt/bitnami/apps/wordpress/asteriscos-wp/wp-blog-header.php(19): require_once('/opt/bitnami/ap...')
#2 /opt/bitnami/apps/wordpress/asteriscos-wp/index.php(17): require('/opt/bitnami/ap...')
#3 {main}
  thrown

2019-08-01T12:15:32+00:00 CRITICAL Uncaught Error: Call to undefined function get_field() in /opt/bitnami/apps/wordpress/asteriscos-wp/wp-content/themes/asteriscos/templates/template-home.php:9
Stack trace:
#0 /opt/bitnami/apps/wordpress/asteriscos-wp/wp-includes/template-loader.php(74): include()
#1 /opt/bitnami/apps/wordpress/asteriscos-wp/wp-blog-header.php(19): require_once('/opt/bitnami/ap...')
#2 /opt/bitnami/apps/wordpress/asteriscos-wp/index.php(17): require('/opt/bitnami/ap...')
#3 {main}
  thrown

2019-08-01T12:16:25+00:00 CRITICAL Uncaught Error: Call to undefined function get_field() in /opt/bitnami/apps/wordpress/asteriscos-wp/wp-content/themes/asteriscos/templates/template-home.php:9
Stack trace:
#0 /opt/bitnami/apps/wordpress/asteriscos-wp/wp-includes/template-loader.php(74): include()
#1 /opt/bitnami/apps/wordpress/asteriscos-wp/wp-blog-header.php(19): require_once('/opt/bitnami/ap...')
#2 /opt/bitnami/apps/wordpress/asteriscos-wp/index.php(17): require('/opt/bitnami/ap...')
#3 {main}
  thrown

2019-08-01T12:16:43+00:00 CRITICAL Uncaught Error: Call to undefined function get_field() in /opt/bitnami/apps/wordpress/asteriscos-wp/wp-content/themes/asteriscos/templates/template-home.php:9
Stack trace:
#0 /opt/bitnami/apps/wordpress/asteriscos-wp/wp-includes/template-loader.php(74): include()
#1 /opt/bitnami/apps/wordpress/asteriscos-wp/wp-blog-header.php(19): require_once('/opt/bitnami/ap...')
#2 /opt/bitnami/apps/wordpress/asteriscos-wp/index.php(17): require('/opt/bitnami/ap...')
#3 {main}
  thrown

2019-08-01T12:17:01+00:00 CRITICAL Uncaught Error: Call to undefined function get_field() in /opt/bitnami/apps/wordpress/asteriscos-wp/wp-content/themes/asteriscos/templates/template-home.php:9
Stack trace:
#0 /opt/bitnami/apps/wordpress/asteriscos-wp/wp-includes/template-loader.php(74): include()
#1 /opt/bitnami/apps/wordpress/asteriscos-wp/wp-blog-header.php(19): require_once('/opt/bitnami/ap...')
#2 /opt/bitnami/apps/wordpress/asteriscos-wp/index.php(17): require('/opt/bitnami/ap...')
#3 {main}
  thrown

2019-08-01T12:17:03+00:00 CRITICAL Uncaught Error: Call to undefined function get_field() in /opt/bitnami/apps/wordpress/asteriscos-wp/wp-content/themes/asteriscos/templates/template-home.php:9
Stack trace:
#0 /opt/bitnami/apps/wordpress/asteriscos-wp/wp-includes/template-loader.php(74): include()
#1 /opt/bitnami/apps/wordpress/asteriscos-wp/wp-blog-header.php(19): require_once('/opt/bitnami/ap...')
#2 /opt/bitnami/apps/wordpress/asteriscos-wp/index.php(17): require('/opt/bitnami/ap...')
#3 {main}
  thrown

2019-08-01T12:17:10+00:00 CRITICAL Uncaught Error: Call to undefined function get_field() in /opt/bitnami/apps/wordpress/asteriscos-wp/wp-content/themes/asteriscos/templates/template-home.php:9
Stack trace:
#0 /opt/bitnami/apps/wordpress/asteriscos-wp/wp-includes/template-loader.php(74): include()
#1 /opt/bitnami/apps/wordpress/asteriscos-wp/wp-blog-header.php(19): require_once('/opt/bitnami/ap...')
#2 /opt/bitnami/apps/wordpress/asteriscos-wp/index.php(17): require('/opt/bitnami/ap...')
#3 {main}
  thrown

2019-08-01T12:17:15+00:00 CRITICAL Uncaught Error: Call to undefined function get_field() in /opt/bitnami/apps/wordpress/asteriscos-wp/wp-content/themes/asteriscos/templates/template-home.php:9
Stack trace:
#0 /opt/bitnami/apps/wordpress/asteriscos-wp/wp-includes/template-loader.php(74): include()
#1 /opt/bitnami/apps/wordpress/asteriscos-wp/wp-blog-header.php(19): require_once('/opt/bitnami/ap...')
#2 /opt/bitnami/apps/wordpress/asteriscos-wp/index.php(17): require('/opt/bitnami/ap...')
#3 {main}
  thrown

2019-08-01T12:17:32+00:00 CRITICAL Uncaught Error: Call to undefined function get_field() in /opt/bitnami/apps/wordpress/asteriscos-wp/wp-content/themes/asteriscos/templates/template-home.php:9
Stack trace:
#0 /opt/bitnami/apps/wordpress/asteriscos-wp/wp-includes/template-loader.php(74): include()
#1 /opt/bitnami/apps/wordpress/asteriscos-wp/wp-blog-header.php(19): require_once('/opt/bitnami/ap...')
#2 /opt/bitnami/apps/wordpress/asteriscos-wp/index.php(17): require('/opt/bitnami/ap...')
#3 {main}
  thrown

2019-08-01T12:17:43+00:00 CRITICAL Uncaught Error: Call to undefined function get_field() in /opt/bitnami/apps/wordpress/asteriscos-wp/wp-content/themes/asteriscos/templates/template-index-grid.php:9
Stack trace:
#0 /opt/bitnami/apps/wordpress/asteriscos-wp/wp-includes/template-loader.php(74): include()
#1 /opt/bitnami/apps/wordpress/asteriscos-wp/wp-blog-header.php(19): require_once('/opt/bitnami/ap...')
#2 /opt/bitnami/apps/wordpress/asteriscos-wp/index.php(17): require('/opt/bitnami/ap...')
#3 {main}
  thrown

2019-08-01T12:18:37+00:00 CRITICAL Uncaught Error: Call to undefined function get_field() in /opt/bitnami/apps/wordpress/asteriscos-wp/wp-content/themes/asteriscos/templates/template-home.php:9
Stack trace:
#0 /opt/bitnami/apps/wordpress/asteriscos-wp/wp-includes/template-loader.php(74): include()
#1 /opt/bitnami/apps/wordpress/asteriscos-wp/wp-blog-header.php(19): require_once('/opt/bitnami/ap...')
#2 /opt/bitnami/apps/wordpress/asteriscos-wp/index.php(17): require('/opt/bitnami/ap...')
#3 {main}
  thrown

2019-08-01T12:19:07+00:00 CRITICAL Uncaught Error: Call to undefined function get_field() in /opt/bitnami/apps/wordpress/asteriscos-wp/wp-content/themes/asteriscos/templates/template-home.php:9
Stack trace:
#0 /opt/bitnami/apps/wordpress/asteriscos-wp/wp-includes/template-loader.php(74): include()
#1 /opt/bitnami/apps/wordpress/asteriscos-wp/wp-blog-header.php(19): require_once('/opt/bitnami/ap...')
#2 /opt/bitnami/apps/wordpress/asteriscos-wp/index.php(17): require('/opt/bitnami/ap...')
#3 {main}
  thrown

2019-08-01T12:19:09+00:00 CRITICAL Uncaught Error: Call to undefined function get_field() in /opt/bitnami/apps/wordpress/asteriscos-wp/wp-content/themes/asteriscos/templates/template-home.php:9
Stack trace:
#0 /opt/bitnami/apps/wordpress/asteriscos-wp/wp-includes/template-loader.php(74): include()
#1 /opt/bitnami/apps/wordpress/asteriscos-wp/wp-blog-header.php(19): require_once('/opt/bitnami/ap...')
#2 /opt/bitnami/apps/wordpress/asteriscos-wp/index.php(17): require('/opt/bitnami/ap...')
#3 {main}
  thrown

2019-08-01T12:34:25+00:00 CRITICAL Uncaught Error: Call to undefined function get_field() in /opt/bitnami/apps/wordpress/asteriscos-wp/wp-content/themes/asteriscos/templates/template-home.php:9
Stack trace:
#0 /opt/bitnami/apps/wordpress/asteriscos-wp/wp-includes/template-loader.php(74): include()
#1 /opt/bitnami/apps/wordpress/asteriscos-wp/wp-blog-header.php(19): require_once('/opt/bitnami/ap...')
#2 /opt/bitnami/apps/wordpress/asteriscos-wp/index.php(17): require('/opt/bitnami/ap...')
#3 {main}
  thrown

2019-08-01T14:18:22+00:00 CRITICAL Uncaught Error: Call to undefined function get_field() in /opt/bitnami/apps/wordpress/asteriscos-wp/wp-content/themes/asteriscos/templates/template-item.php:9
Stack trace:
#0 /opt/bitnami/apps/wordpress/asteriscos-wp/wp-includes/template-loader.php(74): include()
#1 /opt/bitnami/apps/wordpress/asteriscos-wp/wp-blog-header.php(19): require_once('/opt/bitnami/ap...')
#2 /opt/bitnami/apps/wordpress/asteriscos-wp/index.php(17): require('/opt/bitnami/ap...')
#3 {main}
  thrown

2019-08-01T14:33:17+00:00 CRITICAL Uncaught Error: Call to undefined function get_field() in /opt/bitnami/apps/wordpress/asteriscos-wp/wp-content/themes/asteriscos/templates/template-item.php:9
Stack trace:
#0 /opt/bitnami/apps/wordpress/asteriscos-wp/wp-includes/template-loader.php(74): include()
#1 /opt/bitnami/apps/wordpress/asteriscos-wp/wp-blog-header.php(19): require_once('/opt/bitnami/ap...')
#2 /opt/bitnami/apps/wordpress/asteriscos-wp/index.php(17): require('/opt/bitnami/ap...')
#3 {main}
  thrown

2019-08-01T14:58:42+00:00 CRITICAL Uncaught Error: Call to undefined function get_field() in /opt/bitnami/apps/wordpress/asteriscos-wp/wp-content/themes/asteriscos/templates/template-volutario.php:9
Stack trace:
#0 /opt/bitnami/apps/wordpress/asteriscos-wp/wp-includes/template-loader.php(74): include()
#1 /opt/bitnami/apps/wordpress/asteriscos-wp/wp-blog-header.php(19): require_once('/opt/bitnami/ap...')
#2 /opt/bitnami/apps/wordpress/asteriscos-wp/index.php(17): require('/opt/bitnami/ap...')
#3 {main}
  thrown

2019-08-01T15:04:03+00:00 CRITICAL Uncaught Error: Call to undefined function get_field() in /opt/bitnami/apps/wordpress/asteriscos-wp/wp-content/themes/asteriscos/templates/template-home.php:9
Stack trace:
#0 /opt/bitnami/apps/wordpress/asteriscos-wp/wp-includes/template-loader.php(74): include()
#1 /opt/bitnami/apps/wordpress/asteriscos-wp/wp-blog-header.php(19): require_once('/opt/bitnami/ap...')
#2 /opt/bitnami/apps/wordpress/asteriscos-wp/index.php(17): require('/opt/bitnami/ap...')
#3 {main}
  thrown

2019-08-01T15:08:09+00:00 CRITICAL Uncaught Error: Call to undefined function get_field() in /opt/bitnami/apps/wordpress/asteriscos-wp/wp-content/themes/asteriscos/templates/template-home.php:9
Stack trace:
#0 /opt/bitnami/apps/wordpress/asteriscos-wp/wp-includes/template-loader.php(74): include()
#1 /opt/bitnami/apps/wordpress/asteriscos-wp/wp-blog-header.php(19): require_once('/opt/bitnami/ap...')
#2 /opt/bitnami/apps/wordpress/asteriscos-wp/index.php(17): require('/opt/bitnami/ap...')
#3 {main}
  thrown

2019-08-01T15:08:56+00:00 CRITICAL Uncaught Error: Call to undefined function get_field() in /opt/bitnami/apps/wordpress/asteriscos-wp/wp-content/themes/asteriscos/templates/template-home.php:9
Stack trace:
#0 /opt/bitnami/apps/wordpress/asteriscos-wp/wp-includes/template-loader.php(74): include()
#1 /opt/bitnami/apps/wordpress/asteriscos-wp/wp-blog-header.php(19): require_once('/opt/bitnami/ap...')
#2 /opt/bitnami/apps/wordpress/asteriscos-wp/index.php(17): require('/opt/bitnami/ap...')
#3 {main}
  thrown

2019-08-01T15:08:58+00:00 CRITICAL Uncaught Error: Call to undefined function get_field() in /opt/bitnami/apps/wordpress/asteriscos-wp/wp-content/themes/asteriscos/templates/template-home.php:9
Stack trace:
#0 /opt/bitnami/apps/wordpress/asteriscos-wp/wp-includes/template-loader.php(74): include()
#1 /opt/bitnami/apps/wordpress/asteriscos-wp/wp-blog-header.php(19): require_once('/opt/bitnami/ap...')
#2 /opt/bitnami/apps/wordpress/asteriscos-wp/index.php(17): require('/opt/bitnami/ap...')
#3 {main}
  thrown

2019-08-01T15:09:33+00:00 CRITICAL Uncaught Error: Call to undefined function get_field() in /opt/bitnami/apps/wordpress/asteriscos-wp/wp-content/themes/asteriscos/templates/template-home.php:9
Stack trace:
#0 /opt/bitnami/apps/wordpress/asteriscos-wp/wp-includes/template-loader.php(74): include()
#1 /opt/bitnami/apps/wordpress/asteriscos-wp/wp-blog-header.php(19): require_once('/opt/bitnami/ap...')
#2 /opt/bitnami/apps/wordpress/asteriscos-wp/index.php(17): require('/opt/bitnami/ap...')
#3 {main}
  thrown

2019-08-01T15:09:44+00:00 CRITICAL Uncaught Error: Call to undefined function get_field() in /opt/bitnami/apps/wordpress/asteriscos-wp/wp-content/themes/asteriscos/templates/template-index-grid.php:9
Stack trace:
#0 /opt/bitnami/apps/wordpress/asteriscos-wp/wp-includes/template-loader.php(74): include()
#1 /opt/bitnami/apps/wordpress/asteriscos-wp/wp-blog-header.php(19): require_once('/opt/bitnami/ap...')
#2 /opt/bitnami/apps/wordpress/asteriscos-wp/index.php(17): require('/opt/bitnami/ap...')
#3 {main}
  thrown

2019-08-01T15:10:34+00:00 CRITICAL Uncaught Error: Call to undefined function get_field() in /opt/bitnami/apps/wordpress/asteriscos-wp/wp-content/themes/asteriscos/templates/template-home.php:9
Stack trace:
#0 /opt/bitnami/apps/wordpress/asteriscos-wp/wp-includes/template-loader.php(74): include()
#1 /opt/bitnami/apps/wordpress/asteriscos-wp/wp-blog-header.php(19): require_once('/opt/bitnami/ap...')
#2 /opt/bitnami/apps/wordpress/asteriscos-wp/index.php(17): require('/opt/bitnami/ap...')
#3 {main}
  thrown

2019-08-01T15:10:37+00:00 CRITICAL Uncaught Error: Call to undefined function get_field() in /opt/bitnami/apps/wordpress/asteriscos-wp/wp-content/themes/asteriscos/templates/template-home.php:9
Stack trace:
#0 /opt/bitnami/apps/wordpress/asteriscos-wp/wp-includes/template-loader.php(74): include()
#1 /opt/bitnami/apps/wordpress/asteriscos-wp/wp-blog-header.php(19): require_once('/opt/bitnami/ap...')
#2 /opt/bitnami/apps/wordpress/asteriscos-wp/index.php(17): require('/opt/bitnami/ap...')
#3 {main}
  thrown

2019-08-01T15:11:25+00:00 CRITICAL Uncaught Error: Call to undefined function get_field() in /opt/bitnami/apps/wordpress/asteriscos-wp/wp-content/themes/asteriscos/templates/template-home.php:9
Stack trace:
#0 /opt/bitnami/apps/wordpress/asteriscos-wp/wp-includes/template-loader.php(74): include()
#1 /opt/bitnami/apps/wordpress/asteriscos-wp/wp-blog-header.php(19): require_once('/opt/bitnami/ap...')
#2 /opt/bitnami/apps/wordpress/asteriscos-wp/index.php(17): require('/opt/bitnami/ap...')
#3 {main}
  thrown

2019-08-01T15:11:32+00:00 CRITICAL Uncaught Error: Call to undefined function get_field() in /opt/bitnami/apps/wordpress/asteriscos-wp/wp-content/themes/asteriscos/templates/template-index-grid.php:9
Stack trace:
#0 /opt/bitnami/apps/wordpress/asteriscos-wp/wp-includes/template-loader.php(74): include()
#1 /opt/bitnami/apps/wordpress/asteriscos-wp/wp-blog-header.php(19): require_once('/opt/bitnami/ap...')
#2 /opt/bitnami/apps/wordpress/asteriscos-wp/index.php(17): require('/opt/bitnami/ap...')
#3 {main}
  thrown

2019-08-01T15:14:55+00:00 CRITICAL Uncaught Error: Call to undefined function get_field() in /opt/bitnami/apps/wordpress/asteriscos-wp/wp-content/themes/asteriscos/templates/template-index-grid.php:9
Stack trace:
#0 /opt/bitnami/apps/wordpress/asteriscos-wp/wp-includes/template-loader.php(74): include()
#1 /opt/bitnami/apps/wordpress/asteriscos-wp/wp-blog-header.php(19): require_once('/opt/bitnami/ap...')
#2 /opt/bitnami/apps/wordpress/asteriscos-wp/index.php(17): require('/opt/bitnami/ap...')
#3 {main}
  thrown

2019-08-01T15:15:10+00:00 CRITICAL Uncaught Error: Call to undefined function get_field() in /opt/bitnami/apps/wordpress/asteriscos-wp/wp-content/themes/asteriscos/templates/template-home.php:9
Stack trace:
#0 /opt/bitnami/apps/wordpress/asteriscos-wp/wp-includes/template-loader.php(74): include()
#1 /opt/bitnami/apps/wordpress/asteriscos-wp/wp-blog-header.php(19): require_once('/opt/bitnami/ap...')
#2 /opt/bitnami/apps/wordpress/asteriscos-wp/index.php(17): require('/opt/bitnami/ap...')
#3 {main}
  thrown

2019-08-01T15:15:15+00:00 CRITICAL Uncaught Error: Call to undefined function get_field() in /opt/bitnami/apps/wordpress/asteriscos-wp/wp-content/themes/asteriscos/templates/template-home.php:9
Stack trace:
#0 /opt/bitnami/apps/wordpress/asteriscos-wp/wp-includes/template-loader.php(74): include()
#1 /opt/bitnami/apps/wordpress/asteriscos-wp/wp-blog-header.php(19): require_once('/opt/bitnami/ap...')
#2 /opt/bitnami/apps/wordpress/asteriscos-wp/index.php(17): require('/opt/bitnami/ap...')
#3 {main}
  thrown

2019-08-01T15:15:17+00:00 CRITICAL Uncaught Error: Call to undefined function get_field() in /opt/bitnami/apps/wordpress/asteriscos-wp/wp-content/themes/asteriscos/templates/template-home.php:9
Stack trace:
#0 /opt/bitnami/apps/wordpress/asteriscos-wp/wp-includes/template-loader.php(74): include()
#1 /opt/bitnami/apps/wordpress/asteriscos-wp/wp-blog-header.php(19): require_once('/opt/bitnami/ap...')
#2 /opt/bitnami/apps/wordpress/asteriscos-wp/index.php(17): require('/opt/bitnami/ap...')
#3 {main}
  thrown

2019-08-01T15:15:19+00:00 CRITICAL Uncaught Error: Call to undefined function get_field() in /opt/bitnami/apps/wordpress/asteriscos-wp/wp-content/themes/asteriscos/templates/template-index-grid.php:9
Stack trace:
#0 /opt/bitnami/apps/wordpress/asteriscos-wp/wp-includes/template-loader.php(74): include()
#1 /opt/bitnami/apps/wordpress/asteriscos-wp/wp-blog-header.php(19): require_once('/opt/bitnami/ap...')
#2 /opt/bitnami/apps/wordpress/asteriscos-wp/index.php(17): require('/opt/bitnami/ap...')
#3 {main}
  thrown

2019-08-01T15:18:45+00:00 CRITICAL Uncaught Error: Call to undefined function get_field() in /opt/bitnami/apps/wordpress/asteriscos-wp/wp-content/themes/asteriscos/templates/template-home.php:9
Stack trace:
#0 /opt/bitnami/apps/wordpress/asteriscos-wp/wp-includes/template-loader.php(74): include()
#1 /opt/bitnami/apps/wordpress/asteriscos-wp/wp-blog-header.php(19): require_once('/opt/bitnami/ap...')
#2 /opt/bitnami/apps/wordpress/asteriscos-wp/index.php(17): require('/opt/bitnami/ap...')
#3 {main}
  thrown

2019-08-01T15:23:39+00:00 CRITICAL Uncaught Error: Call to undefined function get_field() in /opt/bitnami/apps/wordpress/asteriscos-wp/wp-content/themes/asteriscos/templates/template-index-grid.php:9
Stack trace:
#0 /opt/bitnami/apps/wordpress/asteriscos-wp/wp-includes/template-loader.php(74): include()
#1 /opt/bitnami/apps/wordpress/asteriscos-wp/wp-blog-header.php(19): require_once('/opt/bitnami/ap...')
#2 /opt/bitnami/apps/wordpress/asteriscos-wp/index.php(17): require('/opt/bitnami/ap...')
#3 {main}
  thrown

2019-08-01T15:24:07+00:00 CRITICAL Uncaught Error: Call to undefined function get_field() in /opt/bitnami/apps/wordpress/asteriscos-wp/wp-content/themes/asteriscos/templates/template-index-grid.php:9
Stack trace:
#0 /opt/bitnami/apps/wordpress/asteriscos-wp/wp-includes/template-loader.php(74): include()
#1 /opt/bitnami/apps/wordpress/asteriscos-wp/wp-blog-header.php(19): require_once('/opt/bitnami/ap...')
#2 /opt/bitnami/apps/wordpress/asteriscos-wp/index.php(17): require('/opt/bitnami/ap...')
#3 {main}
  thrown

2019-08-01T15:24:41+00:00 CRITICAL Uncaught Error: Call to undefined function get_field() in /opt/bitnami/apps/wordpress/asteriscos-wp/wp-content/themes/asteriscos/templates/template-index-grid.php:9
Stack trace:
#0 /opt/bitnami/apps/wordpress/asteriscos-wp/wp-includes/template-loader.php(74): include()
#1 /opt/bitnami/apps/wordpress/asteriscos-wp/wp-blog-header.php(19): require_once('/opt/bitnami/ap...')
#2 /opt/bitnami/apps/wordpress/asteriscos-wp/index.php(17): require('/opt/bitnami/ap...')
#3 {main}
  thrown

2019-08-01T15:24:45+00:00 CRITICAL Uncaught Error: Call to undefined function get_field() in /opt/bitnami/apps/wordpress/asteriscos-wp/wp-content/themes/asteriscos/templates/template-index-grid.php:9
Stack trace:
#0 /opt/bitnami/apps/wordpress/asteriscos-wp/wp-includes/template-loader.php(74): include()
#1 /opt/bitnami/apps/wordpress/asteriscos-wp/wp-blog-header.php(19): require_once('/opt/bitnami/ap...')
#2 /opt/bitnami/apps/wordpress/asteriscos-wp/index.php(17): require('/opt/bitnami/ap...')
#3 {main}
  thrown

2019-08-01T15:24:46+00:00 CRITICAL Uncaught Error: Call to undefined function get_field() in /opt/bitnami/apps/wordpress/asteriscos-wp/wp-content/themes/asteriscos/templates/template-home.php:9
Stack trace:
#0 /opt/bitnami/apps/wordpress/asteriscos-wp/wp-includes/template-loader.php(74): include()
#1 /opt/bitnami/apps/wordpress/asteriscos-wp/wp-blog-header.php(19): require_once('/opt/bitnami/ap...')
#2 /opt/bitnami/apps/wordpress/asteriscos-wp/index.php(17): require('/opt/bitnami/ap...')
#3 {main}
  thrown

2019-08-01T15:44:21+00:00 CRITICAL Uncaught Error: Call to undefined function get_field() in /opt/bitnami/apps/wordpress/asteriscos-wp/wp-content/themes/asteriscos/templates/template-home.php:9
Stack trace:
#0 /opt/bitnami/apps/wordpress/asteriscos-wp/wp-includes/template-loader.php(74): include()
#1 /opt/bitnami/apps/wordpress/asteriscos-wp/wp-blog-header.php(19): require_once('/opt/bitnami/ap...')
#2 /opt/bitnami/apps/wordpress/asteriscos-wp/index.php(17): require('/opt/bitnami/ap...')
#3 {main}
  thrown

2019-08-01T15:44:29+00:00 CRITICAL Uncaught Error: Call to undefined function get_field() in /opt/bitnami/apps/wordpress/asteriscos-wp/wp-content/themes/asteriscos/templates/template-home.php:9
Stack trace:
#0 /opt/bitnami/apps/wordpress/asteriscos-wp/wp-includes/template-loader.php(74): include()
#1 /opt/bitnami/apps/wordpress/asteriscos-wp/wp-blog-header.php(19): require_once('/opt/bitnami/ap...')
#2 /opt/bitnami/apps/wordpress/asteriscos-wp/index.php(17): require('/opt/bitnami/ap...')
#3 {main}
  thrown

2019-08-01T15:44:30+00:00 CRITICAL Uncaught Error: Call to undefined function get_field() in /opt/bitnami/apps/wordpress/asteriscos-wp/wp-content/themes/asteriscos/templates/template-home.php:9
Stack trace:
#0 /opt/bitnami/apps/wordpress/asteriscos-wp/wp-includes/template-loader.php(74): include()
#1 /opt/bitnami/apps/wordpress/asteriscos-wp/wp-blog-header.php(19): require_once('/opt/bitnami/ap...')
#2 /opt/bitnami/apps/wordpress/asteriscos-wp/index.php(17): require('/opt/bitnami/ap...')
#3 {main}
  thrown

2019-08-01T16:00:25+00:00 CRITICAL Uncaught Error: Call to undefined function get_field() in /opt/bitnami/apps/wordpress/asteriscos-wp/wp-content/themes/asteriscos/templates/template-volutario.php:9
Stack trace:
#0 /opt/bitnami/apps/wordpress/asteriscos-wp/wp-includes/template-loader.php(74): include()
#1 /opt/bitnami/apps/wordpress/asteriscos-wp/wp-blog-header.php(19): require_once('/opt/bitnami/ap...')
#2 /opt/bitnami/apps/wordpress/asteriscos-wp/index.php(17): require('/opt/bitnami/ap...')
#3 {main}
  thrown

2019-08-01T16:17:44+00:00 CRITICAL Uncaught Error: Call to undefined function get_field() in /opt/bitnami/apps/wordpress/asteriscos-wp/wp-content/themes/asteriscos/templates/template-volutario.php:9
Stack trace:
#0 /opt/bitnami/apps/wordpress/asteriscos-wp/wp-includes/template-loader.php(74): include()
#1 /opt/bitnami/apps/wordpress/asteriscos-wp/wp-blog-header.php(19): require_once('/opt/bitnami/ap...')
#2 /opt/bitnami/apps/wordpress/asteriscos-wp/index.php(17): require('/opt/bitnami/ap...')
#3 {main}
  thrown

2019-08-01T16:50:19+00:00 CRITICAL Uncaught Error: Call to undefined function get_field() in /opt/bitnami/apps/wordpress/asteriscos-wp/wp-content/themes/asteriscos/templates/template-item.php:9
Stack trace:
#0 /opt/bitnami/apps/wordpress/asteriscos-wp/wp-includes/template-loader.php(74): include()
#1 /opt/bitnami/apps/wordpress/asteriscos-wp/wp-blog-header.php(19): require_once('/opt/bitnami/ap...')
#2 /opt/bitnami/apps/wordpress/asteriscos-wp/index.php(17): require('/opt/bitnami/ap...')
#3 {main}
  thrown

2019-08-01T17:01:15+00:00 CRITICAL Uncaught Error: Call to undefined function get_field() in /opt/bitnami/apps/wordpress/asteriscos-wp/wp-content/themes/asteriscos/templates/template-item.php:9
Stack trace:
#0 /opt/bitnami/apps/wordpress/asteriscos-wp/wp-includes/template-loader.php(74): include()
#1 /opt/bitnami/apps/wordpress/asteriscos-wp/wp-blog-header.php(19): require_once('/opt/bitnami/ap...')
#2 /opt/bitnami/apps/wordpress/asteriscos-wp/index.php(17): require('/opt/bitnami/ap...')
#3 {main}
  thrown

2019-08-01T17:35:38+00:00 CRITICAL Uncaught Error: Call to undefined function get_field() in /opt/bitnami/apps/wordpress/asteriscos-wp/wp-content/themes/asteriscos/templates/template-home.php:9
Stack trace:
#0 /opt/bitnami/apps/wordpress/asteriscos-wp/wp-includes/template-loader.php(74): include()
#1 /opt/bitnami/apps/wordpress/asteriscos-wp/wp-blog-header.php(19): require_once('/opt/bitnami/ap...')
#2 /opt/bitnami/apps/wordpress/asteriscos-wp/index.php(17): require('/opt/bitnami/ap...')
#3 {main}
  thrown

2019-08-01T17:41:24+00:00 CRITICAL Uncaught Error: Call to undefined function get_field() in /opt/bitnami/apps/wordpress/asteriscos-wp/wp-content/themes/asteriscos/templates/template-volutario.php:9
Stack trace:
#0 /opt/bitnami/apps/wordpress/asteriscos-wp/wp-includes/template-loader.php(74): include()
#1 /opt/bitnami/apps/wordpress/asteriscos-wp/wp-blog-header.php(19): require_once('/opt/bitnami/ap...')
#2 /opt/bitnami/apps/wordpress/asteriscos-wp/index.php(17): require('/opt/bitnami/ap...')
#3 {main}
  thrown

2019-08-01T18:22:31+00:00 CRITICAL Uncaught Error: Call to undefined function get_field() in /opt/bitnami/apps/wordpress/asteriscos-wp/wp-content/themes/asteriscos/templates/template-home.php:9
Stack trace:
#0 /opt/bitnami/apps/wordpress/asteriscos-wp/wp-includes/template-loader.php(74): include()
#1 /opt/bitnami/apps/wordpress/asteriscos-wp/wp-blog-header.php(19): require_once('/opt/bitnami/ap...')
#2 /opt/bitnami/apps/wordpress/asteriscos-wp/index.php(17): require('/opt/bitnami/ap...')
#3 {main}
  thrown

2019-08-01T18:22:40+00:00 CRITICAL Uncaught Error: Call to undefined function get_field() in /opt/bitnami/apps/wordpress/asteriscos-wp/wp-content/themes/asteriscos/templates/template-home.php:9
Stack trace:
#0 /opt/bitnami/apps/wordpress/asteriscos-wp/wp-includes/template-loader.php(74): include()
#1 /opt/bitnami/apps/wordpress/asteriscos-wp/wp-blog-header.php(19): require_once('/opt/bitnami/ap...')
#2 /opt/bitnami/apps/wordpress/asteriscos-wp/index.php(17): require('/opt/bitnami/ap...')
#3 {main}
  thrown

2019-08-01T18:22:41+00:00 CRITICAL Uncaught Error: Call to undefined function get_field() in /opt/bitnami/apps/wordpress/asteriscos-wp/wp-content/themes/asteriscos/templates/template-home.php:9
Stack trace:
#0 /opt/bitnami/apps/wordpress/asteriscos-wp/wp-includes/template-loader.php(74): include()
#1 /opt/bitnami/apps/wordpress/asteriscos-wp/wp-blog-header.php(19): require_once('/opt/bitnami/ap...')
#2 /opt/bitnami/apps/wordpress/asteriscos-wp/index.php(17): require('/opt/bitnami/ap...')
#3 {main}
  thrown

2019-08-01T18:23:49+00:00 CRITICAL Uncaught Error: Call to undefined function get_field() in /opt/bitnami/apps/wordpress/asteriscos-wp/wp-content/themes/asteriscos/templates/template-index-grid.php:9
Stack trace:
#0 /opt/bitnami/apps/wordpress/asteriscos-wp/wp-includes/template-loader.php(74): include()
#1 /opt/bitnami/apps/wordpress/asteriscos-wp/wp-blog-header.php(19): require_once('/opt/bitnami/ap...')
#2 /opt/bitnami/apps/wordpress/asteriscos-wp/index.php(17): require('/opt/bitnami/ap...')
#3 {main}
  thrown

2019-08-01T18:23:52+00:00 CRITICAL Uncaught Error: Call to undefined function get_field() in /opt/bitnami/apps/wordpress/asteriscos-wp/wp-content/themes/asteriscos/templates/template-home.php:9
Stack trace:
#0 /opt/bitnami/apps/wordpress/asteriscos-wp/wp-includes/template-loader.php(74): include()
#1 /opt/bitnami/apps/wordpress/asteriscos-wp/wp-blog-header.php(19): require_once('/opt/bitnami/ap...')
#2 /opt/bitnami/apps/wordpress/asteriscos-wp/index.php(17): require('/opt/bitnami/ap...')
#3 {main}
  thrown

2019-08-01T18:24:47+00:00 CRITICAL Uncaught Error: Call to undefined function get_field() in /opt/bitnami/apps/wordpress/asteriscos-wp/wp-content/themes/asteriscos/templates/template-index-grid.php:9
Stack trace:
#0 /opt/bitnami/apps/wordpress/asteriscos-wp/wp-includes/template-loader.php(74): include()
#1 /opt/bitnami/apps/wordpress/asteriscos-wp/wp-blog-header.php(19): require_once('/opt/bitnami/ap...')
#2 /opt/bitnami/apps/wordpress/asteriscos-wp/index.php(17): require('/opt/bitnami/ap...')
#3 {main}
  thrown

2019-08-01T18:24:50+00:00 CRITICAL Uncaught Error: Call to undefined function get_field() in /opt/bitnami/apps/wordpress/asteriscos-wp/wp-content/themes/asteriscos/templates/template-home.php:9
Stack trace:
#0 /opt/bitnami/apps/wordpress/asteriscos-wp/wp-includes/template-loader.php(74): include()
#1 /opt/bitnami/apps/wordpress/asteriscos-wp/wp-blog-header.php(19): require_once('/opt/bitnami/ap...')
#2 /opt/bitnami/apps/wordpress/asteriscos-wp/index.php(17): require('/opt/bitnami/ap...')
#3 {main}
  thrown

2019-08-01T19:12:38+00:00 CRITICAL Uncaught Error: Call to undefined function get_field() in /opt/bitnami/apps/wordpress/asteriscos-wp/wp-content/themes/asteriscos/templates/template-home.php:9
Stack trace:
#0 /opt/bitnami/apps/wordpress/asteriscos-wp/wp-includes/template-loader.php(74): include()
#1 /opt/bitnami/apps/wordpress/asteriscos-wp/wp-blog-header.php(19): require_once('/opt/bitnami/ap...')
#2 /opt/bitnami/apps/wordpress/asteriscos-wp/index.php(17): require('/opt/bitnami/ap...')
#3 {main}
  thrown

2019-08-01T19:12:47+00:00 CRITICAL Uncaught Error: Call to undefined function get_field() in /opt/bitnami/apps/wordpress/asteriscos-wp/wp-content/themes/asteriscos/templates/template-home.php:9
Stack trace:
#0 /opt/bitnami/apps/wordpress/asteriscos-wp/wp-includes/template-loader.php(74): include()
#1 /opt/bitnami/apps/wordpress/asteriscos-wp/wp-blog-header.php(19): require_once('/opt/bitnami/ap...')
#2 /opt/bitnami/apps/wordpress/asteriscos-wp/index.php(17): require('/opt/bitnami/ap...')
#3 {main}
  thrown

2019-08-01T19:12:48+00:00 CRITICAL Uncaught Error: Call to undefined function get_field() in /opt/bitnami/apps/wordpress/asteriscos-wp/wp-content/themes/asteriscos/templates/template-home.php:9
Stack trace:
#0 /opt/bitnami/apps/wordpress/asteriscos-wp/wp-includes/template-loader.php(74): include()
#1 /opt/bitnami/apps/wordpress/asteriscos-wp/wp-blog-header.php(19): require_once('/opt/bitnami/ap...')
#2 /opt/bitnami/apps/wordpress/asteriscos-wp/index.php(17): require('/opt/bitnami/ap...')
#3 {main}
  thrown

2019-08-01T19:30:47+00:00 CRITICAL Uncaught Error: Call to undefined function get_field() in /opt/bitnami/apps/wordpress/asteriscos-wp/wp-content/themes/asteriscos/templates/template-home.php:9
Stack trace:
#0 /opt/bitnami/apps/wordpress/asteriscos-wp/wp-includes/template-loader.php(74): include()
#1 /opt/bitnami/apps/wordpress/asteriscos-wp/wp-blog-header.php(19): require_once('/opt/bitnami/ap...')
#2 /opt/bitnami/apps/wordpress/asteriscos-wp/index.php(17): require('/opt/bitnami/ap...')
#3 {main}
  thrown

2019-08-01T19:39:01+00:00 CRITICAL Uncaught Error: Call to undefined function get_field() in /opt/bitnami/apps/wordpress/asteriscos-wp/wp-content/themes/asteriscos/templates/template-noticias.php:10
Stack trace:
#0 /opt/bitnami/apps/wordpress/asteriscos-wp/wp-includes/template-loader.php(74): include()
#1 /opt/bitnami/apps/wordpress/asteriscos-wp/wp-blog-header.php(19): require_once('/opt/bitnami/ap...')
#2 /opt/bitnami/apps/wordpress/asteriscos-wp/index.php(17): require('/opt/bitnami/ap...')
#3 {main}
  thrown

2019-08-01T20:32:33+00:00 CRITICAL Uncaught Error: Call to undefined function get_field() in /opt/bitnami/apps/wordpress/asteriscos-wp/wp-content/themes/asteriscos/templates/template-home.php:9
Stack trace:
#0 /opt/bitnami/apps/wordpress/asteriscos-wp/wp-includes/template-loader.php(74): include()
#1 /opt/bitnami/apps/wordpress/asteriscos-wp/wp-blog-header.php(19): require_once('/opt/bitnami/ap...')
#2 /opt/bitnami/apps/wordpress/asteriscos-wp/index.php(17): require('/opt/bitnami/ap...')
#3 {main}
  thrown

2019-08-01T20:55:53+00:00 CRITICAL Uncaught Error: Call to undefined function get_field() in /opt/bitnami/apps/wordpress/asteriscos-wp/wp-content/themes/asteriscos/templates/template-item.php:9
Stack trace:
#0 /opt/bitnami/apps/wordpress/asteriscos-wp/wp-includes/template-loader.php(74): include()
#1 /opt/bitnami/apps/wordpress/asteriscos-wp/wp-blog-header.php(19): require_once('/opt/bitnami/ap...')
#2 /opt/bitnami/apps/wordpress/asteriscos-wp/index.php(17): require('/opt/bitnami/ap...')
#3 {main}
  thrown

2019-08-01T21:20:45+00:00 CRITICAL Uncaught Error: Call to undefined function get_field() in /opt/bitnami/apps/wordpress/asteriscos-wp/wp-content/themes/asteriscos/templates/template-home.php:9
Stack trace:
#0 /opt/bitnami/apps/wordpress/asteriscos-wp/wp-includes/template-loader.php(74): include()
#1 /opt/bitnami/apps/wordpress/asteriscos-wp/wp-blog-header.php(19): require_once('/opt/bitnami/ap...')
#2 /opt/bitnami/apps/wordpress/asteriscos-wp/index.php(17): require('/opt/bitnami/ap...')
#3 {main}
  thrown

2019-08-01T21:45:04+00:00 CRITICAL Uncaught Error: Call to undefined function get_field() in /opt/bitnami/apps/wordpress/asteriscos-wp/wp-content/themes/asteriscos/templates/template-item.php:9
Stack trace:
#0 /opt/bitnami/apps/wordpress/asteriscos-wp/wp-includes/template-loader.php(74): include()
#1 /opt/bitnami/apps/wordpress/asteriscos-wp/wp-blog-header.php(19): require_once('/opt/bitnami/ap...')
#2 /opt/bitnami/apps/wordpress/asteriscos-wp/index.php(17): require('/opt/bitnami/ap...')
#3 {main}
  thrown

2019-08-01T21:54:19+00:00 CRITICAL Uncaught Error: Call to undefined function get_field() in /opt/bitnami/apps/wordpress/asteriscos-wp/wp-content/themes/asteriscos/templates/template-noticias.php:10
Stack trace:
#0 /opt/bitnami/apps/wordpress/asteriscos-wp/wp-includes/template-loader.php(74): include()
#1 /opt/bitnami/apps/wordpress/asteriscos-wp/wp-blog-header.php(19): require_once('/opt/bitnami/ap...')
#2 /opt/bitnami/apps/wordpress/asteriscos-wp/index.php(17): require('/opt/bitnami/ap...')
#3 {main}
  thrown

2019-08-01T22:29:36+00:00 CRITICAL Uncaught Error: Call to undefined function get_field() in /opt/bitnami/apps/wordpress/asteriscos-wp/wp-content/themes/asteriscos/templates/template-volutario.php:9
Stack trace:
#0 /opt/bitnami/apps/wordpress/asteriscos-wp/wp-includes/template-loader.php(74): include()
#1 /opt/bitnami/apps/wordpress/asteriscos-wp/wp-blog-header.php(19): require_once('/opt/bitnami/ap...')
#2 /opt/bitnami/apps/wordpress/asteriscos-wp/index.php(17): require('/opt/bitnami/ap...')
#3 {main}
  thrown

2019-08-01T23:21:58+00:00 CRITICAL Uncaught Error: Call to undefined function get_field() in /opt/bitnami/apps/wordpress/asteriscos-wp/wp-content/themes/asteriscos/templates/template-home.php:9
Stack trace:
#0 /opt/bitnami/apps/wordpress/asteriscos-wp/wp-includes/template-loader.php(74): include()
#1 /opt/bitnami/apps/wordpress/asteriscos-wp/wp-blog-header.php(19): require_once('/opt/bitnami/ap...')
#2 /opt/bitnami/apps/wordpress/asteriscos-wp/index.php(17): require('/opt/bitnami/ap...')
#3 {main}
  thrown

2019-08-01T23:22:54+00:00 CRITICAL Uncaught Error: Call to undefined function get_field() in /opt/bitnami/apps/wordpress/asteriscos-wp/wp-content/themes/asteriscos/templates/template-volutario.php:9
Stack trace:
#0 /opt/bitnami/apps/wordpress/asteriscos-wp/wp-includes/template-loader.php(74): include()
#1 /opt/bitnami/apps/wordpress/asteriscos-wp/wp-blog-header.php(19): require_once('/opt/bitnami/ap...')
#2 /opt/bitnami/apps/wordpress/asteriscos-wp/index.php(17): require('/opt/bitnami/ap...')
#3 {main}
  thrown

2019-08-01T23:43:42+00:00 CRITICAL Uncaught Error: Call to undefined function get_field() in /opt/bitnami/apps/wordpress/asteriscos-wp/wp-content/themes/asteriscos/templates/template-volutario.php:9
Stack trace:
#0 /opt/bitnami/apps/wordpress/asteriscos-wp/wp-includes/template-loader.php(74): include()
#1 /opt/bitnami/apps/wordpress/asteriscos-wp/wp-blog-header.php(19): require_once('/opt/bitnami/ap...')
#2 /opt/bitnami/apps/wordpress/asteriscos-wp/index.php(17): require('/opt/bitnami/ap...')
#3 {main}
  thrown

