2019-08-13T00:54:22+00:00 CRITICAL Uncaught Error: Call to undefined function get_field() in /opt/bitnami/apps/wordpress/asteriscos-wp/wp-content/themes/asteriscos/templates/template-index-grid.php:9
Stack trace:
#0 /opt/bitnami/apps/wordpress/asteriscos-wp/wp-includes/template-loader.php(74): include()
#1 /opt/bitnami/apps/wordpress/asteriscos-wp/wp-blog-header.php(19): require_once('/opt/bitnami/ap...')
#2 /opt/bitnami/apps/wordpress/asteriscos-wp/index.php(17): require('/opt/bitnami/ap...')
#3 {main}
  thrown

2019-08-13T01:00:25+00:00 CRITICAL Uncaught Error: Call to undefined function get_field() in /opt/bitnami/apps/wordpress/asteriscos-wp/wp-content/themes/asteriscos/templates/template-volutario.php:9
Stack trace:
#0 /opt/bitnami/apps/wordpress/asteriscos-wp/wp-includes/template-loader.php(74): include()
#1 /opt/bitnami/apps/wordpress/asteriscos-wp/wp-blog-header.php(19): require_once('/opt/bitnami/ap...')
#2 /opt/bitnami/apps/wordpress/asteriscos-wp/index.php(17): require('/opt/bitnami/ap...')
#3 {main}
  thrown

2019-08-13T01:03:25+00:00 CRITICAL Uncaught Error: Call to undefined function get_field() in /opt/bitnami/apps/wordpress/asteriscos-wp/wp-content/themes/asteriscos/templates/template-item.php:9
Stack trace:
#0 /opt/bitnami/apps/wordpress/asteriscos-wp/wp-includes/template-loader.php(74): include()
#1 /opt/bitnami/apps/wordpress/asteriscos-wp/wp-blog-header.php(19): require_once('/opt/bitnami/ap...')
#2 /opt/bitnami/apps/wordpress/asteriscos-wp/index.php(17): require('/opt/bitnami/ap...')
#3 {main}
  thrown

2019-08-13T01:05:11+00:00 CRITICAL Uncaught Error: Call to undefined function get_field() in /opt/bitnami/apps/wordpress/asteriscos-wp/wp-content/themes/asteriscos/templates/template-item.php:9
Stack trace:
#0 /opt/bitnami/apps/wordpress/asteriscos-wp/wp-includes/template-loader.php(74): include()
#1 /opt/bitnami/apps/wordpress/asteriscos-wp/wp-blog-header.php(19): require_once('/opt/bitnami/ap...')
#2 /opt/bitnami/apps/wordpress/asteriscos-wp/index.php(17): require('/opt/bitnami/ap...')
#3 {main}
  thrown

2019-08-13T01:24:37+00:00 CRITICAL Uncaught Error: Call to undefined function get_field() in /opt/bitnami/apps/wordpress/asteriscos-wp/wp-content/themes/asteriscos/templates/template-noticias.php:10
Stack trace:
#0 /opt/bitnami/apps/wordpress/asteriscos-wp/wp-includes/template-loader.php(74): include()
#1 /opt/bitnami/apps/wordpress/asteriscos-wp/wp-blog-header.php(19): require_once('/opt/bitnami/ap...')
#2 /opt/bitnami/apps/wordpress/asteriscos-wp/index.php(17): require('/opt/bitnami/ap...')
#3 {main}
  thrown

2019-08-13T01:44:57+00:00 CRITICAL Uncaught Error: Call to undefined function get_field() in /opt/bitnami/apps/wordpress/asteriscos-wp/wp-content/themes/asteriscos/templates/template-noticias.php:10
Stack trace:
#0 /opt/bitnami/apps/wordpress/asteriscos-wp/wp-includes/template-loader.php(74): include()
#1 /opt/bitnami/apps/wordpress/asteriscos-wp/wp-blog-header.php(19): require_once('/opt/bitnami/ap...')
#2 /opt/bitnami/apps/wordpress/asteriscos-wp/index.php(17): require('/opt/bitnami/ap...')
#3 {main}
  thrown

2019-08-13T03:29:19+00:00 CRITICAL Uncaught Error: Call to undefined function get_field() in /opt/bitnami/apps/wordpress/asteriscos-wp/wp-content/themes/asteriscos/templates/template-item.php:9
Stack trace:
#0 /opt/bitnami/apps/wordpress/asteriscos-wp/wp-includes/template-loader.php(74): include()
#1 /opt/bitnami/apps/wordpress/asteriscos-wp/wp-blog-header.php(19): require_once('/opt/bitnami/ap...')
#2 /opt/bitnami/apps/wordpress/asteriscos-wp/index.php(17): require('/opt/bitnami/ap...')
#3 {main}
  thrown

2019-08-13T03:47:04+00:00 CRITICAL Uncaught Error: Call to undefined function get_field() in /opt/bitnami/apps/wordpress/asteriscos-wp/wp-content/themes/asteriscos/templates/template-home.php:9
Stack trace:
#0 /opt/bitnami/apps/wordpress/asteriscos-wp/wp-includes/template-loader.php(74): include()
#1 /opt/bitnami/apps/wordpress/asteriscos-wp/wp-blog-header.php(19): require_once('/opt/bitnami/ap...')
#2 /opt/bitnami/apps/wordpress/asteriscos-wp/index.php(17): require('/opt/bitnami/ap...')
#3 {main}
  thrown

2019-08-13T05:15:07+00:00 CRITICAL Uncaught Error: Call to undefined function get_field() in /opt/bitnami/apps/wordpress/asteriscos-wp/wp-content/themes/asteriscos/templates/template-volutario.php:9
Stack trace:
#0 /opt/bitnami/apps/wordpress/asteriscos-wp/wp-includes/template-loader.php(74): include()
#1 /opt/bitnami/apps/wordpress/asteriscos-wp/wp-blog-header.php(19): require_once('/opt/bitnami/ap...')
#2 /opt/bitnami/apps/wordpress/asteriscos-wp/index.php(17): require('/opt/bitnami/ap...')
#3 {main}
  thrown

2019-08-13T05:27:25+00:00 CRITICAL Uncaught Error: Call to undefined function get_field() in /opt/bitnami/apps/wordpress/asteriscos-wp/wp-content/themes/asteriscos/templates/template-index-grid.php:9
Stack trace:
#0 /opt/bitnami/apps/wordpress/asteriscos-wp/wp-includes/template-loader.php(74): include()
#1 /opt/bitnami/apps/wordpress/asteriscos-wp/wp-blog-header.php(19): require_once('/opt/bitnami/ap...')
#2 /opt/bitnami/apps/wordpress/asteriscos-wp/index.php(17): require('/opt/bitnami/ap...')
#3 {main}
  thrown

2019-08-13T05:33:32+00:00 CRITICAL Uncaught Error: Call to undefined function get_field() in /opt/bitnami/apps/wordpress/asteriscos-wp/wp-content/themes/asteriscos/templates/template-home.php:9
Stack trace:
#0 /opt/bitnami/apps/wordpress/asteriscos-wp/wp-includes/template-loader.php(74): include()
#1 /opt/bitnami/apps/wordpress/asteriscos-wp/wp-blog-header.php(19): require_once('/opt/bitnami/ap...')
#2 /opt/bitnami/apps/wordpress/asteriscos-wp/index.php(17): require('/opt/bitnami/ap...')
#3 {main}
  thrown

2019-08-13T05:34:34+00:00 CRITICAL Uncaught Error: Call to undefined function get_field() in /opt/bitnami/apps/wordpress/asteriscos-wp/wp-content/themes/asteriscos/templates/template-noticias.php:10
Stack trace:
#0 /opt/bitnami/apps/wordpress/asteriscos-wp/wp-includes/template-loader.php(74): include()
#1 /opt/bitnami/apps/wordpress/asteriscos-wp/wp-blog-header.php(19): require_once('/opt/bitnami/ap...')
#2 /opt/bitnami/apps/wordpress/asteriscos-wp/index.php(17): require('/opt/bitnami/ap...')
#3 {main}
  thrown

2019-08-13T06:27:26+00:00 CRITICAL Uncaught Error: Call to undefined function get_field() in /opt/bitnami/apps/wordpress/asteriscos-wp/wp-content/themes/asteriscos/templates/template-volutario.php:9
Stack trace:
#0 /opt/bitnami/apps/wordpress/asteriscos-wp/wp-includes/template-loader.php(74): include()
#1 /opt/bitnami/apps/wordpress/asteriscos-wp/wp-blog-header.php(19): require_once('/opt/bitnami/ap...')
#2 /opt/bitnami/apps/wordpress/asteriscos-wp/index.php(17): require('/opt/bitnami/ap...')
#3 {main}
  thrown

2019-08-13T06:42:31+00:00 CRITICAL Uncaught Error: Call to undefined function get_field() in /opt/bitnami/apps/wordpress/asteriscos-wp/wp-content/themes/asteriscos/templates/template-volutario.php:9
Stack trace:
#0 /opt/bitnami/apps/wordpress/asteriscos-wp/wp-includes/template-loader.php(74): include()
#1 /opt/bitnami/apps/wordpress/asteriscos-wp/wp-blog-header.php(19): require_once('/opt/bitnami/ap...')
#2 /opt/bitnami/apps/wordpress/asteriscos-wp/index.php(17): require('/opt/bitnami/ap...')
#3 {main}
  thrown

2019-08-13T08:24:25+00:00 CRITICAL Uncaught Error: Call to undefined function get_field() in /opt/bitnami/apps/wordpress/asteriscos-wp/wp-content/themes/asteriscos/templates/template-home.php:9
Stack trace:
#0 /opt/bitnami/apps/wordpress/asteriscos-wp/wp-includes/template-loader.php(74): include()
#1 /opt/bitnami/apps/wordpress/asteriscos-wp/wp-blog-header.php(19): require_once('/opt/bitnami/ap...')
#2 /opt/bitnami/apps/wordpress/asteriscos-wp/index.php(17): require('/opt/bitnami/ap...')
#3 {main}
  thrown

2019-08-13T08:24:25+00:00 CRITICAL Uncaught Error: Call to undefined function get_field() in /opt/bitnami/apps/wordpress/asteriscos-wp/wp-content/themes/asteriscos/templates/template-home.php:9
Stack trace:
#0 /opt/bitnami/apps/wordpress/asteriscos-wp/wp-includes/template-loader.php(74): include()
#1 /opt/bitnami/apps/wordpress/asteriscos-wp/wp-blog-header.php(19): require_once('/opt/bitnami/ap...')
#2 /opt/bitnami/apps/wordpress/asteriscos-wp/index.php(17): require('/opt/bitnami/ap...')
#3 {main}
  thrown

2019-08-13T08:36:29+00:00 CRITICAL Uncaught Error: Call to undefined function get_field() in /opt/bitnami/apps/wordpress/asteriscos-wp/wp-content/themes/asteriscos/templates/template-volutario.php:9
Stack trace:
#0 /opt/bitnami/apps/wordpress/asteriscos-wp/wp-includes/template-loader.php(74): include()
#1 /opt/bitnami/apps/wordpress/asteriscos-wp/wp-blog-header.php(19): require_once('/opt/bitnami/ap...')
#2 /opt/bitnami/apps/wordpress/asteriscos-wp/index.php(17): require('/opt/bitnami/ap...')
#3 {main}
  thrown

2019-08-13T09:34:51+00:00 CRITICAL Uncaught Error: Call to undefined function get_field() in /opt/bitnami/apps/wordpress/asteriscos-wp/wp-content/themes/asteriscos/templates/template-home.php:9
Stack trace:
#0 /opt/bitnami/apps/wordpress/asteriscos-wp/wp-includes/template-loader.php(74): include()
#1 /opt/bitnami/apps/wordpress/asteriscos-wp/wp-blog-header.php(19): require_once('/opt/bitnami/ap...')
#2 /opt/bitnami/apps/wordpress/asteriscos-wp/index.php(17): require('/opt/bitnami/ap...')
#3 {main}
  thrown

2019-08-13T09:37:01+00:00 CRITICAL Uncaught Error: Call to undefined function get_field() in /opt/bitnami/apps/wordpress/asteriscos-wp/wp-content/themes/asteriscos/templates/template-item.php:9
Stack trace:
#0 /opt/bitnami/apps/wordpress/asteriscos-wp/wp-includes/template-loader.php(74): include()
#1 /opt/bitnami/apps/wordpress/asteriscos-wp/wp-blog-header.php(19): require_once('/opt/bitnami/ap...')
#2 /opt/bitnami/apps/wordpress/asteriscos-wp/index.php(17): require('/opt/bitnami/ap...')
#3 {main}
  thrown

2019-08-13T09:37:59+00:00 CRITICAL Uncaught Error: Call to undefined function get_field() in /opt/bitnami/apps/wordpress/asteriscos-wp/wp-content/themes/asteriscos/templates/template-home.php:9
Stack trace:
#0 /opt/bitnami/apps/wordpress/asteriscos-wp/wp-includes/template-loader.php(74): include()
#1 /opt/bitnami/apps/wordpress/asteriscos-wp/wp-blog-header.php(19): require_once('/opt/bitnami/ap...')
#2 /opt/bitnami/apps/wordpress/asteriscos-wp/index.php(17): require('/opt/bitnami/ap...')
#3 {main}
  thrown

2019-08-13T09:39:46+00:00 CRITICAL Uncaught Error: Call to undefined function get_field() in /opt/bitnami/apps/wordpress/asteriscos-wp/wp-content/themes/asteriscos/templates/template-home.php:9
Stack trace:
#0 /opt/bitnami/apps/wordpress/asteriscos-wp/wp-includes/template-loader.php(74): include()
#1 /opt/bitnami/apps/wordpress/asteriscos-wp/wp-blog-header.php(19): require_once('/opt/bitnami/ap...')
#2 /opt/bitnami/apps/wordpress/asteriscos-wp/index.php(17): require('/opt/bitnami/ap...')
#3 {main}
  thrown

2019-08-13T09:49:36+00:00 CRITICAL Uncaught Error: Call to undefined function get_field() in /opt/bitnami/apps/wordpress/asteriscos-wp/wp-content/themes/asteriscos/templates/template-home.php:9
Stack trace:
#0 /opt/bitnami/apps/wordpress/asteriscos-wp/wp-includes/template-loader.php(74): include()
#1 /opt/bitnami/apps/wordpress/asteriscos-wp/wp-blog-header.php(19): require_once('/opt/bitnami/ap...')
#2 /opt/bitnami/apps/wordpress/asteriscos-wp/index.php(17): require('/opt/bitnami/ap...')
#3 {main}
  thrown

2019-08-13T09:49:49+00:00 CRITICAL Uncaught Error: Call to undefined function get_field() in /opt/bitnami/apps/wordpress/asteriscos-wp/wp-content/themes/asteriscos/templates/template-index-grid.php:9
Stack trace:
#0 /opt/bitnami/apps/wordpress/asteriscos-wp/wp-includes/template-loader.php(74): include()
#1 /opt/bitnami/apps/wordpress/asteriscos-wp/wp-blog-header.php(19): require_once('/opt/bitnami/ap...')
#2 /opt/bitnami/apps/wordpress/asteriscos-wp/index.php(17): require('/opt/bitnami/ap...')
#3 {main}
  thrown

2019-08-13T09:49:52+00:00 CRITICAL Uncaught Error: Call to undefined function get_field() in /opt/bitnami/apps/wordpress/asteriscos-wp/wp-content/themes/asteriscos/templates/template-index-grid.php:9
Stack trace:
#0 /opt/bitnami/apps/wordpress/asteriscos-wp/wp-includes/template-loader.php(74): include()
#1 /opt/bitnami/apps/wordpress/asteriscos-wp/wp-blog-header.php(19): require_once('/opt/bitnami/ap...')
#2 /opt/bitnami/apps/wordpress/asteriscos-wp/index.php(17): require('/opt/bitnami/ap...')
#3 {main}
  thrown

2019-08-13T09:49:53+00:00 CRITICAL Uncaught Error: Call to undefined function get_field() in /opt/bitnami/apps/wordpress/asteriscos-wp/wp-content/themes/asteriscos/templates/template-home.php:9
Stack trace:
#0 /opt/bitnami/apps/wordpress/asteriscos-wp/wp-includes/template-loader.php(74): include()
#1 /opt/bitnami/apps/wordpress/asteriscos-wp/wp-blog-header.php(19): require_once('/opt/bitnami/ap...')
#2 /opt/bitnami/apps/wordpress/asteriscos-wp/index.php(17): require('/opt/bitnami/ap...')
#3 {main}
  thrown

2019-08-13T09:51:10+00:00 CRITICAL Uncaught Error: Call to undefined function get_field() in /opt/bitnami/apps/wordpress/asteriscos-wp/wp-content/themes/asteriscos/templates/template-index-grid.php:9
Stack trace:
#0 /opt/bitnami/apps/wordpress/asteriscos-wp/wp-includes/template-loader.php(74): include()
#1 /opt/bitnami/apps/wordpress/asteriscos-wp/wp-blog-header.php(19): require_once('/opt/bitnami/ap...')
#2 /opt/bitnami/apps/wordpress/asteriscos-wp/index.php(17): require('/opt/bitnami/ap...')
#3 {main}
  thrown

2019-08-13T09:51:13+00:00 CRITICAL Uncaught Error: Call to undefined function get_field() in /opt/bitnami/apps/wordpress/asteriscos-wp/wp-content/themes/asteriscos/templates/template-index-grid.php:9
Stack trace:
#0 /opt/bitnami/apps/wordpress/asteriscos-wp/wp-includes/template-loader.php(74): include()
#1 /opt/bitnami/apps/wordpress/asteriscos-wp/wp-blog-header.php(19): require_once('/opt/bitnami/ap...')
#2 /opt/bitnami/apps/wordpress/asteriscos-wp/index.php(17): require('/opt/bitnami/ap...')
#3 {main}
  thrown

2019-08-13T10:01:04+00:00 CRITICAL Uncaught Error: Call to undefined function get_field() in /opt/bitnami/apps/wordpress/asteriscos-wp/wp-content/themes/asteriscos/templates/template-home.php:9
Stack trace:
#0 /opt/bitnami/apps/wordpress/asteriscos-wp/wp-includes/template-loader.php(74): include()
#1 /opt/bitnami/apps/wordpress/asteriscos-wp/wp-blog-header.php(19): require_once('/opt/bitnami/ap...')
#2 /opt/bitnami/apps/wordpress/asteriscos-wp/index.php(17): require('/opt/bitnami/ap...')
#3 {main}
  thrown

2019-08-13T10:01:27+00:00 CRITICAL Uncaught Error: Call to undefined function get_field() in /opt/bitnami/apps/wordpress/asteriscos-wp/wp-content/themes/asteriscos/templates/template-item.php:9
Stack trace:
#0 /opt/bitnami/apps/wordpress/asteriscos-wp/wp-includes/template-loader.php(74): include()
#1 /opt/bitnami/apps/wordpress/asteriscos-wp/wp-blog-header.php(19): require_once('/opt/bitnami/ap...')
#2 /opt/bitnami/apps/wordpress/asteriscos-wp/index.php(17): require('/opt/bitnami/ap...')
#3 {main}
  thrown

2019-08-13T10:01:30+00:00 CRITICAL Uncaught Error: Call to undefined function get_field() in /opt/bitnami/apps/wordpress/asteriscos-wp/wp-content/themes/asteriscos/templates/template-home.php:9
Stack trace:
#0 /opt/bitnami/apps/wordpress/asteriscos-wp/wp-includes/template-loader.php(74): include()
#1 /opt/bitnami/apps/wordpress/asteriscos-wp/wp-blog-header.php(19): require_once('/opt/bitnami/ap...')
#2 /opt/bitnami/apps/wordpress/asteriscos-wp/index.php(17): require('/opt/bitnami/ap...')
#3 {main}
  thrown

2019-08-13T10:01:55+00:00 CRITICAL Uncaught Error: Call to undefined function get_field() in /opt/bitnami/apps/wordpress/asteriscos-wp/wp-content/themes/asteriscos/templates/template-home.php:9
Stack trace:
#0 /opt/bitnami/apps/wordpress/asteriscos-wp/wp-includes/template-loader.php(74): include()
#1 /opt/bitnami/apps/wordpress/asteriscos-wp/wp-blog-header.php(19): require_once('/opt/bitnami/ap...')
#2 /opt/bitnami/apps/wordpress/asteriscos-wp/index.php(17): require('/opt/bitnami/ap...')
#3 {main}
  thrown

2019-08-13T10:02:02+00:00 CRITICAL Uncaught Error: Call to undefined function get_field() in /opt/bitnami/apps/wordpress/asteriscos-wp/wp-content/themes/asteriscos/templates/template-index-grid.php:9
Stack trace:
#0 /opt/bitnami/apps/wordpress/asteriscos-wp/wp-includes/template-loader.php(74): include()
#1 /opt/bitnami/apps/wordpress/asteriscos-wp/wp-blog-header.php(19): require_once('/opt/bitnami/ap...')
#2 /opt/bitnami/apps/wordpress/asteriscos-wp/index.php(17): require('/opt/bitnami/ap...')
#3 {main}
  thrown

2019-08-13T10:02:05+00:00 CRITICAL Uncaught Error: Call to undefined function get_field() in /opt/bitnami/apps/wordpress/asteriscos-wp/wp-content/themes/asteriscos/templates/template-index-grid.php:9
Stack trace:
#0 /opt/bitnami/apps/wordpress/asteriscos-wp/wp-includes/template-loader.php(74): include()
#1 /opt/bitnami/apps/wordpress/asteriscos-wp/wp-blog-header.php(19): require_once('/opt/bitnami/ap...')
#2 /opt/bitnami/apps/wordpress/asteriscos-wp/index.php(17): require('/opt/bitnami/ap...')
#3 {main}
  thrown

2019-08-13T10:02:08+00:00 CRITICAL Uncaught Error: Call to undefined function get_field() in /opt/bitnami/apps/wordpress/asteriscos-wp/wp-content/themes/asteriscos/templates/template-index-grid.php:9
Stack trace:
#0 /opt/bitnami/apps/wordpress/asteriscos-wp/wp-includes/template-loader.php(74): include()
#1 /opt/bitnami/apps/wordpress/asteriscos-wp/wp-blog-header.php(19): require_once('/opt/bitnami/ap...')
#2 /opt/bitnami/apps/wordpress/asteriscos-wp/index.php(17): require('/opt/bitnami/ap...')
#3 {main}
  thrown

2019-08-13T10:02:11+00:00 CRITICAL Uncaught Error: Call to undefined function get_field() in /opt/bitnami/apps/wordpress/asteriscos-wp/wp-content/themes/asteriscos/templates/template-index-grid.php:9
Stack trace:
#0 /opt/bitnami/apps/wordpress/asteriscos-wp/wp-includes/template-loader.php(74): include()
#1 /opt/bitnami/apps/wordpress/asteriscos-wp/wp-blog-header.php(19): require_once('/opt/bitnami/ap...')
#2 /opt/bitnami/apps/wordpress/asteriscos-wp/index.php(17): require('/opt/bitnami/ap...')
#3 {main}
  thrown

2019-08-13T10:02:15+00:00 CRITICAL Uncaught Error: Call to undefined function get_field() in /opt/bitnami/apps/wordpress/asteriscos-wp/wp-content/themes/asteriscos/templates/template-index-grid.php:9
Stack trace:
#0 /opt/bitnami/apps/wordpress/asteriscos-wp/wp-includes/template-loader.php(74): include()
#1 /opt/bitnami/apps/wordpress/asteriscos-wp/wp-blog-header.php(19): require_once('/opt/bitnami/ap...')
#2 /opt/bitnami/apps/wordpress/asteriscos-wp/index.php(17): require('/opt/bitnami/ap...')
#3 {main}
  thrown

2019-08-13T10:02:16+00:00 CRITICAL Uncaught Error: Call to undefined function get_field() in /opt/bitnami/apps/wordpress/asteriscos-wp/wp-content/themes/asteriscos/templates/template-index-grid.php:9
Stack trace:
#0 /opt/bitnami/apps/wordpress/asteriscos-wp/wp-includes/template-loader.php(74): include()
#1 /opt/bitnami/apps/wordpress/asteriscos-wp/wp-blog-header.php(19): require_once('/opt/bitnami/ap...')
#2 /opt/bitnami/apps/wordpress/asteriscos-wp/index.php(17): require('/opt/bitnami/ap...')
#3 {main}
  thrown

2019-08-13T10:02:18+00:00 CRITICAL Uncaught Error: Call to undefined function get_field() in /opt/bitnami/apps/wordpress/asteriscos-wp/wp-content/themes/asteriscos/templates/template-index-grid.php:9
Stack trace:
#0 /opt/bitnami/apps/wordpress/asteriscos-wp/wp-includes/template-loader.php(74): include()
#1 /opt/bitnami/apps/wordpress/asteriscos-wp/wp-blog-header.php(19): require_once('/opt/bitnami/ap...')
#2 /opt/bitnami/apps/wordpress/asteriscos-wp/index.php(17): require('/opt/bitnami/ap...')
#3 {main}
  thrown

2019-08-13T10:02:19+00:00 CRITICAL Uncaught Error: Call to undefined function get_field() in /opt/bitnami/apps/wordpress/asteriscos-wp/wp-content/themes/asteriscos/templates/template-index-grid.php:9
Stack trace:
#0 /opt/bitnami/apps/wordpress/asteriscos-wp/wp-includes/template-loader.php(74): include()
#1 /opt/bitnami/apps/wordpress/asteriscos-wp/wp-blog-header.php(19): require_once('/opt/bitnami/ap...')
#2 /opt/bitnami/apps/wordpress/asteriscos-wp/index.php(17): require('/opt/bitnami/ap...')
#3 {main}
  thrown

2019-08-13T10:02:20+00:00 CRITICAL Uncaught Error: Call to undefined function get_field() in /opt/bitnami/apps/wordpress/asteriscos-wp/wp-content/themes/asteriscos/templates/template-index-grid.php:9
Stack trace:
#0 /opt/bitnami/apps/wordpress/asteriscos-wp/wp-includes/template-loader.php(74): include()
#1 /opt/bitnami/apps/wordpress/asteriscos-wp/wp-blog-header.php(19): require_once('/opt/bitnami/ap...')
#2 /opt/bitnami/apps/wordpress/asteriscos-wp/index.php(17): require('/opt/bitnami/ap...')
#3 {main}
  thrown

2019-08-13T10:02:23+00:00 CRITICAL Uncaught Error: Call to undefined function get_field() in /opt/bitnami/apps/wordpress/asteriscos-wp/wp-content/themes/asteriscos/templates/template-index-grid.php:9
Stack trace:
#0 /opt/bitnami/apps/wordpress/asteriscos-wp/wp-includes/template-loader.php(74): include()
#1 /opt/bitnami/apps/wordpress/asteriscos-wp/wp-blog-header.php(19): require_once('/opt/bitnami/ap...')
#2 /opt/bitnami/apps/wordpress/asteriscos-wp/index.php(17): require('/opt/bitnami/ap...')
#3 {main}
  thrown

2019-08-13T10:02:27+00:00 CRITICAL Uncaught Error: Call to undefined function get_field() in /opt/bitnami/apps/wordpress/asteriscos-wp/wp-content/themes/asteriscos/templates/template-index-grid.php:9
Stack trace:
#0 /opt/bitnami/apps/wordpress/asteriscos-wp/wp-includes/template-loader.php(74): include()
#1 /opt/bitnami/apps/wordpress/asteriscos-wp/wp-blog-header.php(19): require_once('/opt/bitnami/ap...')
#2 /opt/bitnami/apps/wordpress/asteriscos-wp/index.php(17): require('/opt/bitnami/ap...')
#3 {main}
  thrown

2019-08-13T10:02:42+00:00 CRITICAL Uncaught Error: Call to undefined function get_field() in /opt/bitnami/apps/wordpress/asteriscos-wp/wp-content/themes/asteriscos/templates/template-home.php:9
Stack trace:
#0 /opt/bitnami/apps/wordpress/asteriscos-wp/wp-includes/template-loader.php(74): include()
#1 /opt/bitnami/apps/wordpress/asteriscos-wp/wp-blog-header.php(19): require_once('/opt/bitnami/ap...')
#2 /opt/bitnami/apps/wordpress/asteriscos-wp/index.php(17): require('/opt/bitnami/ap...')
#3 {main}
  thrown

2019-08-13T10:04:11+00:00 CRITICAL Uncaught Error: Call to undefined function get_field() in /opt/bitnami/apps/wordpress/asteriscos-wp/wp-content/themes/asteriscos/templates/template-home.php:9
Stack trace:
#0 /opt/bitnami/apps/wordpress/asteriscos-wp/wp-includes/template-loader.php(74): include()
#1 /opt/bitnami/apps/wordpress/asteriscos-wp/wp-blog-header.php(19): require_once('/opt/bitnami/ap...')
#2 /opt/bitnami/apps/wordpress/asteriscos-wp/index.php(17): require('/opt/bitnami/ap...')
#3 {main}
  thrown

2019-08-13T10:06:49+00:00 CRITICAL Uncaught Error: Call to undefined function get_field() in /opt/bitnami/apps/wordpress/asteriscos-wp/wp-content/themes/asteriscos/templates/template-volutario.php:9
Stack trace:
#0 /opt/bitnami/apps/wordpress/asteriscos-wp/wp-includes/template-loader.php(74): include()
#1 /opt/bitnami/apps/wordpress/asteriscos-wp/wp-blog-header.php(19): require_once('/opt/bitnami/ap...')
#2 /opt/bitnami/apps/wordpress/asteriscos-wp/index.php(17): require('/opt/bitnami/ap...')
#3 {main}
  thrown

2019-08-13T10:40:45+00:00 CRITICAL Uncaught Error: Call to undefined function get_field() in /opt/bitnami/apps/wordpress/asteriscos-wp/wp-content/themes/asteriscos/templates/template-noticias.php:10
Stack trace:
#0 /opt/bitnami/apps/wordpress/asteriscos-wp/wp-includes/template-loader.php(74): include()
#1 /opt/bitnami/apps/wordpress/asteriscos-wp/wp-blog-header.php(19): require_once('/opt/bitnami/ap...')
#2 /opt/bitnami/apps/wordpress/asteriscos-wp/index.php(17): require('/opt/bitnami/ap...')
#3 {main}
  thrown

2019-08-13T10:41:43+00:00 CRITICAL Uncaught Error: Call to undefined function get_field() in /opt/bitnami/apps/wordpress/asteriscos-wp/wp-content/themes/asteriscos/templates/template-item.php:9
Stack trace:
#0 /opt/bitnami/apps/wordpress/asteriscos-wp/wp-includes/template-loader.php(74): include()
#1 /opt/bitnami/apps/wordpress/asteriscos-wp/wp-blog-header.php(19): require_once('/opt/bitnami/ap...')
#2 /opt/bitnami/apps/wordpress/asteriscos-wp/index.php(17): require('/opt/bitnami/ap...')
#3 {main}
  thrown

2019-08-13T11:14:08+00:00 CRITICAL Uncaught Error: Call to undefined function get_field() in /opt/bitnami/apps/wordpress/asteriscos-wp/wp-content/themes/asteriscos/templates/template-home.php:9
Stack trace:
#0 /opt/bitnami/apps/wordpress/asteriscos-wp/wp-includes/template-loader.php(74): include()
#1 /opt/bitnami/apps/wordpress/asteriscos-wp/wp-blog-header.php(19): require_once('/opt/bitnami/ap...')
#2 /opt/bitnami/apps/wordpress/asteriscos-wp/index.php(17): require('/opt/bitnami/ap...')
#3 {main}
  thrown

2019-08-13T11:42:27+00:00 CRITICAL Uncaught Error: Call to undefined function get_field() in /opt/bitnami/apps/wordpress/asteriscos-wp/wp-content/themes/asteriscos/templates/template-home.php:9
Stack trace:
#0 /opt/bitnami/apps/wordpress/asteriscos-wp/wp-includes/template-loader.php(74): include()
#1 /opt/bitnami/apps/wordpress/asteriscos-wp/wp-blog-header.php(19): require_once('/opt/bitnami/ap...')
#2 /opt/bitnami/apps/wordpress/asteriscos-wp/index.php(17): require('/opt/bitnami/ap...')
#3 {main}
  thrown

2019-08-13T11:48:24+00:00 CRITICAL Uncaught Error: Call to undefined function get_field() in /opt/bitnami/apps/wordpress/asteriscos-wp/wp-content/themes/asteriscos/templates/template-volutario.php:9
Stack trace:
#0 /opt/bitnami/apps/wordpress/asteriscos-wp/wp-includes/template-loader.php(74): include()
#1 /opt/bitnami/apps/wordpress/asteriscos-wp/wp-blog-header.php(19): require_once('/opt/bitnami/ap...')
#2 /opt/bitnami/apps/wordpress/asteriscos-wp/index.php(17): require('/opt/bitnami/ap...')
#3 {main}
  thrown

2019-08-13T11:57:04+00:00 CRITICAL Uncaught Error: Call to undefined function get_field() in /opt/bitnami/apps/wordpress/asteriscos-wp/wp-content/themes/asteriscos/templates/template-item.php:9
Stack trace:
#0 /opt/bitnami/apps/wordpress/asteriscos-wp/wp-includes/template-loader.php(74): include()
#1 /opt/bitnami/apps/wordpress/asteriscos-wp/wp-blog-header.php(19): require_once('/opt/bitnami/ap...')
#2 /opt/bitnami/apps/wordpress/asteriscos-wp/index.php(17): require('/opt/bitnami/ap...')
#3 {main}
  thrown

2019-08-13T12:50:25+00:00 CRITICAL Uncaught Error: Call to undefined function get_field() in /opt/bitnami/apps/wordpress/asteriscos-wp/wp-content/themes/asteriscos/templates/template-index-grid.php:9
Stack trace:
#0 /opt/bitnami/apps/wordpress/asteriscos-wp/wp-includes/template-loader.php(74): include()
#1 /opt/bitnami/apps/wordpress/asteriscos-wp/wp-blog-header.php(19): require_once('/opt/bitnami/ap...')
#2 /opt/bitnami/apps/wordpress/asteriscos-wp/index.php(17): require('/opt/bitnami/ap...')
#3 {main}
  thrown

2019-08-13T13:17:56+00:00 CRITICAL Uncaught Error: Call to undefined function get_field() in /opt/bitnami/apps/wordpress/asteriscos-wp/wp-content/themes/asteriscos/templates/template-item.php:9
Stack trace:
#0 /opt/bitnami/apps/wordpress/asteriscos-wp/wp-includes/template-loader.php(74): include()
#1 /opt/bitnami/apps/wordpress/asteriscos-wp/wp-blog-header.php(19): require_once('/opt/bitnami/ap...')
#2 /opt/bitnami/apps/wordpress/asteriscos-wp/index.php(17): require('/opt/bitnami/ap...')
#3 {main}
  thrown

2019-08-13T15:39:50+00:00 CRITICAL Uncaught Error: Call to undefined function get_field() in /opt/bitnami/apps/wordpress/asteriscos-wp/wp-content/themes/asteriscos/templates/template-index-grid.php:9
Stack trace:
#0 /opt/bitnami/apps/wordpress/asteriscos-wp/wp-includes/template-loader.php(74): include()
#1 /opt/bitnami/apps/wordpress/asteriscos-wp/wp-blog-header.php(19): require_once('/opt/bitnami/ap...')
#2 /opt/bitnami/apps/wordpress/asteriscos-wp/index.php(17): require('/opt/bitnami/ap...')
#3 {main}
  thrown

2019-08-13T16:38:46+00:00 CRITICAL Uncaught Error: Call to undefined function get_field() in /opt/bitnami/apps/wordpress/asteriscos-wp/wp-content/themes/asteriscos/templates/template-volutario.php:9
Stack trace:
#0 /opt/bitnami/apps/wordpress/asteriscos-wp/wp-includes/template-loader.php(74): include()
#1 /opt/bitnami/apps/wordpress/asteriscos-wp/wp-blog-header.php(19): require_once('/opt/bitnami/ap...')
#2 /opt/bitnami/apps/wordpress/asteriscos-wp/index.php(17): require('/opt/bitnami/ap...')
#3 {main}
  thrown

2019-08-13T17:28:52+00:00 CRITICAL Uncaught Error: Call to undefined function get_field() in /opt/bitnami/apps/wordpress/asteriscos-wp/wp-content/themes/asteriscos/templates/template-volutario.php:9
Stack trace:
#0 /opt/bitnami/apps/wordpress/asteriscos-wp/wp-includes/template-loader.php(74): include()
#1 /opt/bitnami/apps/wordpress/asteriscos-wp/wp-blog-header.php(19): require_once('/opt/bitnami/ap...')
#2 /opt/bitnami/apps/wordpress/asteriscos-wp/index.php(17): require('/opt/bitnami/ap...')
#3 {main}
  thrown

2019-08-13T17:30:51+00:00 CRITICAL Uncaught Error: Call to undefined function get_field() in /opt/bitnami/apps/wordpress/asteriscos-wp/wp-content/themes/asteriscos/templates/template-item.php:9
Stack trace:
#0 /opt/bitnami/apps/wordpress/asteriscos-wp/wp-includes/template-loader.php(74): include()
#1 /opt/bitnami/apps/wordpress/asteriscos-wp/wp-blog-header.php(19): require_once('/opt/bitnami/ap...')
#2 /opt/bitnami/apps/wordpress/asteriscos-wp/index.php(17): require('/opt/bitnami/ap...')
#3 {main}
  thrown

2019-08-13T17:54:26+00:00 CRITICAL Uncaught Error: Call to undefined function get_field() in /opt/bitnami/apps/wordpress/asteriscos-wp/wp-content/themes/asteriscos/templates/template-home.php:9
Stack trace:
#0 /opt/bitnami/apps/wordpress/asteriscos-wp/wp-includes/template-loader.php(74): include()
#1 /opt/bitnami/apps/wordpress/asteriscos-wp/wp-blog-header.php(19): require_once('/opt/bitnami/ap...')
#2 /opt/bitnami/apps/wordpress/asteriscos-wp/index.php(17): require('/opt/bitnami/ap...')
#3 {main}
  thrown

2019-08-13T17:58:35+00:00 CRITICAL Uncaught Error: Call to undefined function get_field() in /opt/bitnami/apps/wordpress/asteriscos-wp/wp-content/themes/asteriscos/templates/template-home.php:9
Stack trace:
#0 /opt/bitnami/apps/wordpress/asteriscos-wp/wp-includes/template-loader.php(74): include()
#1 /opt/bitnami/apps/wordpress/asteriscos-wp/wp-blog-header.php(19): require_once('/opt/bitnami/ap...')
#2 /opt/bitnami/apps/wordpress/asteriscos-wp/index.php(17): require('/opt/bitnami/ap...')
#3 {main}
  thrown

2019-08-13T17:58:51+00:00 CRITICAL Uncaught Error: Call to undefined function get_field() in /opt/bitnami/apps/wordpress/asteriscos-wp/wp-content/themes/asteriscos/templates/template-home.php:9
Stack trace:
#0 /opt/bitnami/apps/wordpress/asteriscos-wp/wp-includes/template-loader.php(74): include()
#1 /opt/bitnami/apps/wordpress/asteriscos-wp/wp-blog-header.php(19): require_once('/opt/bitnami/ap...')
#2 /opt/bitnami/apps/wordpress/asteriscos-wp/index.php(17): require('/opt/bitnami/ap...')
#3 {main}
  thrown

2019-08-13T18:01:15+00:00 CRITICAL Uncaught Error: Call to undefined function get_field() in /opt/bitnami/apps/wordpress/asteriscos-wp/wp-content/themes/asteriscos/templates/template-home.php:9
Stack trace:
#0 /opt/bitnami/apps/wordpress/asteriscos-wp/wp-includes/template-loader.php(74): include()
#1 /opt/bitnami/apps/wordpress/asteriscos-wp/wp-blog-header.php(19): require_once('/opt/bitnami/ap...')
#2 /opt/bitnami/apps/wordpress/asteriscos-wp/index.php(17): require('/opt/bitnami/ap...')
#3 {main}
  thrown

2019-08-13T18:17:35+00:00 CRITICAL Uncaught Error: Call to undefined function get_field() in /opt/bitnami/apps/wordpress/asteriscos-wp/wp-content/themes/asteriscos/templates/template-home.php:9
Stack trace:
#0 /opt/bitnami/apps/wordpress/asteriscos-wp/wp-includes/template-loader.php(74): include()
#1 /opt/bitnami/apps/wordpress/asteriscos-wp/wp-blog-header.php(19): require_once('/opt/bitnami/ap...')
#2 /opt/bitnami/apps/wordpress/asteriscos-wp/index.php(17): require('/opt/bitnami/ap...')
#3 {main}
  thrown

2019-08-13T18:22:01+00:00 CRITICAL Uncaught Error: Call to undefined function get_field() in /opt/bitnami/apps/wordpress/asteriscos-wp/wp-content/themes/asteriscos/templates/template-item.php:9
Stack trace:
#0 /opt/bitnami/apps/wordpress/asteriscos-wp/wp-includes/template-loader.php(74): include()
#1 /opt/bitnami/apps/wordpress/asteriscos-wp/wp-blog-header.php(19): require_once('/opt/bitnami/ap...')
#2 /opt/bitnami/apps/wordpress/asteriscos-wp/index.php(17): require('/opt/bitnami/ap...')
#3 {main}
  thrown

2019-08-13T18:36:25+00:00 CRITICAL Uncaught Error: Call to undefined function get_field() in /opt/bitnami/apps/wordpress/asteriscos-wp/wp-content/themes/asteriscos/templates/template-noticias.php:10
Stack trace:
#0 /opt/bitnami/apps/wordpress/asteriscos-wp/wp-includes/template-loader.php(74): include()
#1 /opt/bitnami/apps/wordpress/asteriscos-wp/wp-blog-header.php(19): require_once('/opt/bitnami/ap...')
#2 /opt/bitnami/apps/wordpress/asteriscos-wp/index.php(17): require('/opt/bitnami/ap...')
#3 {main}
  thrown

2019-08-13T18:58:05+00:00 CRITICAL Uncaught Error: Call to undefined function get_field() in /opt/bitnami/apps/wordpress/asteriscos-wp/wp-content/themes/asteriscos/templates/template-noticias.php:10
Stack trace:
#0 /opt/bitnami/apps/wordpress/asteriscos-wp/wp-includes/template-loader.php(74): include()
#1 /opt/bitnami/apps/wordpress/asteriscos-wp/wp-blog-header.php(19): require_once('/opt/bitnami/ap...')
#2 /opt/bitnami/apps/wordpress/asteriscos-wp/index.php(17): require('/opt/bitnami/ap...')
#3 {main}
  thrown

2019-08-13T19:08:37+00:00 CRITICAL Uncaught Error: Call to undefined function get_field() in /opt/bitnami/apps/wordpress/asteriscos-wp/wp-content/themes/asteriscos/templates/template-volutario.php:9
Stack trace:
#0 /opt/bitnami/apps/wordpress/asteriscos-wp/wp-includes/template-loader.php(74): include()
#1 /opt/bitnami/apps/wordpress/asteriscos-wp/wp-blog-header.php(19): require_once('/opt/bitnami/ap...')
#2 /opt/bitnami/apps/wordpress/asteriscos-wp/index.php(17): require('/opt/bitnami/ap...')
#3 {main}
  thrown

2019-08-13T19:09:26+00:00 CRITICAL Uncaught Error: Call to undefined function get_field() in /opt/bitnami/apps/wordpress/asteriscos-wp/wp-content/themes/asteriscos/templates/template-home.php:9
Stack trace:
#0 /opt/bitnami/apps/wordpress/asteriscos-wp/wp-includes/template-loader.php(74): include()
#1 /opt/bitnami/apps/wordpress/asteriscos-wp/wp-blog-header.php(19): require_once('/opt/bitnami/ap...')
#2 /opt/bitnami/apps/wordpress/asteriscos-wp/index.php(17): require('/opt/bitnami/ap...')
#3 {main}
  thrown

2019-08-13T19:53:05+00:00 CRITICAL Uncaught Error: Call to undefined function get_field() in /opt/bitnami/apps/wordpress/asteriscos-wp/wp-content/themes/asteriscos/templates/template-index-grid.php:9
Stack trace:
#0 /opt/bitnami/apps/wordpress/asteriscos-wp/wp-includes/template-loader.php(74): include()
#1 /opt/bitnami/apps/wordpress/asteriscos-wp/wp-blog-header.php(19): require_once('/opt/bitnami/ap...')
#2 /opt/bitnami/apps/wordpress/asteriscos-wp/index.php(17): require('/opt/bitnami/ap...')
#3 {main}
  thrown

2019-08-13T19:59:39+00:00 CRITICAL Uncaught Error: Call to undefined function get_field() in /opt/bitnami/apps/wordpress/asteriscos-wp/wp-content/themes/asteriscos/templates/template-home.php:9
Stack trace:
#0 /opt/bitnami/apps/wordpress/asteriscos-wp/wp-includes/template-loader.php(74): include()
#1 /opt/bitnami/apps/wordpress/asteriscos-wp/wp-blog-header.php(19): require_once('/opt/bitnami/ap...')
#2 /opt/bitnami/apps/wordpress/asteriscos-wp/index.php(17): require('/opt/bitnami/ap...')
#3 {main}
  thrown

2019-08-13T20:16:13+00:00 CRITICAL Uncaught Error: Call to undefined function get_field() in /opt/bitnami/apps/wordpress/asteriscos-wp/wp-content/themes/asteriscos/templates/template-home.php:9
Stack trace:
#0 /opt/bitnami/apps/wordpress/asteriscos-wp/wp-includes/template-loader.php(74): include()
#1 /opt/bitnami/apps/wordpress/asteriscos-wp/wp-blog-header.php(19): require_once('/opt/bitnami/ap...')
#2 /opt/bitnami/apps/wordpress/asteriscos-wp/index.php(17): require('/opt/bitnami/ap...')
#3 {main}
  thrown

2019-08-13T20:17:06+00:00 CRITICAL Uncaught Error: Call to undefined function get_field() in /opt/bitnami/apps/wordpress/asteriscos-wp/wp-content/themes/asteriscos/templates/template-item.php:9
Stack trace:
#0 /opt/bitnami/apps/wordpress/asteriscos-wp/wp-includes/template-loader.php(74): include()
#1 /opt/bitnami/apps/wordpress/asteriscos-wp/wp-blog-header.php(19): require_once('/opt/bitnami/ap...')
#2 /opt/bitnami/apps/wordpress/asteriscos-wp/index.php(17): require('/opt/bitnami/ap...')
#3 {main}
  thrown

2019-08-13T20:44:30+00:00 CRITICAL Uncaught Error: Call to undefined function get_field() in /opt/bitnami/apps/wordpress/asteriscos-wp/wp-content/themes/asteriscos/templates/template-volutario.php:9
Stack trace:
#0 /opt/bitnami/apps/wordpress/asteriscos-wp/wp-includes/template-loader.php(74): include()
#1 /opt/bitnami/apps/wordpress/asteriscos-wp/wp-blog-header.php(19): require_once('/opt/bitnami/ap...')
#2 /opt/bitnami/apps/wordpress/asteriscos-wp/index.php(17): require('/opt/bitnami/ap...')
#3 {main}
  thrown

2019-08-13T21:14:46+00:00 CRITICAL Uncaught Error: Call to undefined function get_field() in /opt/bitnami/apps/wordpress/asteriscos-wp/wp-content/themes/asteriscos/templates/template-volutario.php:9
Stack trace:
#0 /opt/bitnami/apps/wordpress/asteriscos-wp/wp-includes/template-loader.php(74): include()
#1 /opt/bitnami/apps/wordpress/asteriscos-wp/wp-blog-header.php(19): require_once('/opt/bitnami/ap...')
#2 /opt/bitnami/apps/wordpress/asteriscos-wp/index.php(17): require('/opt/bitnami/ap...')
#3 {main}
  thrown

2019-08-13T21:21:41+00:00 CRITICAL Uncaught Error: Call to undefined function get_field() in /opt/bitnami/apps/wordpress/asteriscos-wp/wp-content/themes/asteriscos/templates/template-item.php:9
Stack trace:
#0 /opt/bitnami/apps/wordpress/asteriscos-wp/wp-includes/template-loader.php(74): include()
#1 /opt/bitnami/apps/wordpress/asteriscos-wp/wp-blog-header.php(19): require_once('/opt/bitnami/ap...')
#2 /opt/bitnami/apps/wordpress/asteriscos-wp/index.php(17): require('/opt/bitnami/ap...')
#3 {main}
  thrown

2019-08-13T22:01:18+00:00 CRITICAL Uncaught Error: Call to undefined function get_field() in /opt/bitnami/apps/wordpress/asteriscos-wp/wp-content/themes/asteriscos/templates/template-item.php:9
Stack trace:
#0 /opt/bitnami/apps/wordpress/asteriscos-wp/wp-includes/template-loader.php(74): include()
#1 /opt/bitnami/apps/wordpress/asteriscos-wp/wp-blog-header.php(19): require_once('/opt/bitnami/ap...')
#2 /opt/bitnami/apps/wordpress/asteriscos-wp/index.php(17): require('/opt/bitnami/ap...')
#3 {main}
  thrown

2019-08-13T22:13:20+00:00 CRITICAL Uncaught Error: Call to undefined function get_field() in /opt/bitnami/apps/wordpress/asteriscos-wp/wp-content/themes/asteriscos/templates/template-home.php:9
Stack trace:
#0 /opt/bitnami/apps/wordpress/asteriscos-wp/wp-includes/template-loader.php(74): include()
#1 /opt/bitnami/apps/wordpress/asteriscos-wp/wp-blog-header.php(19): require_once('/opt/bitnami/ap...')
#2 /opt/bitnami/apps/wordpress/asteriscos-wp/index.php(17): require('/opt/bitnami/ap...')
#3 {main}
  thrown

2019-08-13T22:13:49+00:00 CRITICAL Uncaught Error: Call to undefined function get_field() in /opt/bitnami/apps/wordpress/asteriscos-wp/wp-content/themes/asteriscos/templates/template-home.php:9
Stack trace:
#0 /opt/bitnami/apps/wordpress/asteriscos-wp/wp-includes/template-loader.php(74): include()
#1 /opt/bitnami/apps/wordpress/asteriscos-wp/wp-blog-header.php(19): require_once('/opt/bitnami/ap...')
#2 /opt/bitnami/apps/wordpress/asteriscos-wp/index.php(17): require('/opt/bitnami/ap...')
#3 {main}
  thrown

2019-08-13T22:14:08+00:00 CRITICAL Uncaught Error: Call to undefined function get_field() in /opt/bitnami/apps/wordpress/asteriscos-wp/wp-content/themes/asteriscos/templates/template-index-grid.php:9
Stack trace:
#0 /opt/bitnami/apps/wordpress/asteriscos-wp/wp-includes/template-loader.php(74): include()
#1 /opt/bitnami/apps/wordpress/asteriscos-wp/wp-blog-header.php(19): require_once('/opt/bitnami/ap...')
#2 /opt/bitnami/apps/wordpress/asteriscos-wp/index.php(17): require('/opt/bitnami/ap...')
#3 {main}
  thrown

2019-08-13T22:22:16+00:00 CRITICAL Uncaught Error: Call to undefined function get_field() in /opt/bitnami/apps/wordpress/asteriscos-wp/wp-content/themes/asteriscos/templates/template-volutario.php:9
Stack trace:
#0 /opt/bitnami/apps/wordpress/asteriscos-wp/wp-includes/template-loader.php(74): include()
#1 /opt/bitnami/apps/wordpress/asteriscos-wp/wp-blog-header.php(19): require_once('/opt/bitnami/ap...')
#2 /opt/bitnami/apps/wordpress/asteriscos-wp/index.php(17): require('/opt/bitnami/ap...')
#3 {main}
  thrown

2019-08-13T22:34:02+00:00 CRITICAL Uncaught Error: Call to undefined function get_field() in /opt/bitnami/apps/wordpress/asteriscos-wp/wp-content/themes/asteriscos/templates/template-item.php:9
Stack trace:
#0 /opt/bitnami/apps/wordpress/asteriscos-wp/wp-includes/template-loader.php(74): include()
#1 /opt/bitnami/apps/wordpress/asteriscos-wp/wp-blog-header.php(19): require_once('/opt/bitnami/ap...')
#2 /opt/bitnami/apps/wordpress/asteriscos-wp/index.php(17): require('/opt/bitnami/ap...')
#3 {main}
  thrown

2019-08-13T22:34:16+00:00 CRITICAL Uncaught Error: Call to undefined function get_field() in /opt/bitnami/apps/wordpress/asteriscos-wp/wp-content/themes/asteriscos/templates/template-item.php:9
Stack trace:
#0 /opt/bitnami/apps/wordpress/asteriscos-wp/wp-includes/template-loader.php(74): include()
#1 /opt/bitnami/apps/wordpress/asteriscos-wp/wp-blog-header.php(19): require_once('/opt/bitnami/ap...')
#2 /opt/bitnami/apps/wordpress/asteriscos-wp/index.php(17): require('/opt/bitnami/ap...')
#3 {main}
  thrown

2019-08-13T22:43:15+00:00 CRITICAL Uncaught Error: Call to undefined function get_field() in /opt/bitnami/apps/wordpress/asteriscos-wp/wp-content/themes/asteriscos/templates/template-volutario.php:9
Stack trace:
#0 /opt/bitnami/apps/wordpress/asteriscos-wp/wp-includes/template-loader.php(74): include()
#1 /opt/bitnami/apps/wordpress/asteriscos-wp/wp-blog-header.php(19): require_once('/opt/bitnami/ap...')
#2 /opt/bitnami/apps/wordpress/asteriscos-wp/index.php(17): require('/opt/bitnami/ap...')
#3 {main}
  thrown

