2019-08-10T00:10:09+00:00 CRITICAL Uncaught Error: Call to undefined function get_field() in /opt/bitnami/apps/wordpress/asteriscos-wp/wp-content/themes/asteriscos/templates/template-home.php:9
Stack trace:
#0 /opt/bitnami/apps/wordpress/asteriscos-wp/wp-includes/template-loader.php(74): include()
#1 /opt/bitnami/apps/wordpress/asteriscos-wp/wp-blog-header.php(19): require_once('/opt/bitnami/ap...')
#2 /opt/bitnami/apps/wordpress/asteriscos-wp/index.php(17): require('/opt/bitnami/ap...')
#3 {main}
  thrown

2019-08-10T00:10:14+00:00 CRITICAL Uncaught Error: Call to undefined function get_field() in /opt/bitnami/apps/wordpress/asteriscos-wp/wp-content/themes/asteriscos/templates/template-index-grid.php:9
Stack trace:
#0 /opt/bitnami/apps/wordpress/asteriscos-wp/wp-includes/template-loader.php(74): include()
#1 /opt/bitnami/apps/wordpress/asteriscos-wp/wp-blog-header.php(19): require_once('/opt/bitnami/ap...')
#2 /opt/bitnami/apps/wordpress/asteriscos-wp/index.php(17): require('/opt/bitnami/ap...')
#3 {main}
  thrown

2019-08-10T00:43:43+00:00 CRITICAL Uncaught Error: Call to undefined function get_field() in /opt/bitnami/apps/wordpress/asteriscos-wp/wp-content/themes/asteriscos/templates/template-noticias.php:10
Stack trace:
#0 /opt/bitnami/apps/wordpress/asteriscos-wp/wp-includes/template-loader.php(74): include()
#1 /opt/bitnami/apps/wordpress/asteriscos-wp/wp-blog-header.php(19): require_once('/opt/bitnami/ap...')
#2 /opt/bitnami/apps/wordpress/asteriscos-wp/index.php(17): require('/opt/bitnami/ap...')
#3 {main}
  thrown

2019-08-10T00:55:58+00:00 CRITICAL Uncaught Error: Call to undefined function get_field() in /opt/bitnami/apps/wordpress/asteriscos-wp/wp-content/themes/asteriscos/templates/template-index-grid.php:9
Stack trace:
#0 /opt/bitnami/apps/wordpress/asteriscos-wp/wp-includes/template-loader.php(74): include()
#1 /opt/bitnami/apps/wordpress/asteriscos-wp/wp-blog-header.php(19): require_once('/opt/bitnami/ap...')
#2 /opt/bitnami/apps/wordpress/asteriscos-wp/index.php(17): require('/opt/bitnami/ap...')
#3 {main}
  thrown

2019-08-10T02:42:29+00:00 CRITICAL Uncaught Error: Call to undefined function get_field() in /opt/bitnami/apps/wordpress/asteriscos-wp/wp-content/themes/asteriscos/templates/template-item.php:9
Stack trace:
#0 /opt/bitnami/apps/wordpress/asteriscos-wp/wp-includes/template-loader.php(74): include()
#1 /opt/bitnami/apps/wordpress/asteriscos-wp/wp-blog-header.php(19): require_once('/opt/bitnami/ap...')
#2 /opt/bitnami/apps/wordpress/asteriscos-wp/index.php(17): require('/opt/bitnami/ap...')
#3 {main}
  thrown

2019-08-10T03:40:41+00:00 CRITICAL Uncaught Error: Call to undefined function get_field() in /opt/bitnami/apps/wordpress/asteriscos-wp/wp-content/themes/asteriscos/templates/template-index-grid.php:9
Stack trace:
#0 /opt/bitnami/apps/wordpress/asteriscos-wp/wp-includes/template-loader.php(74): include()
#1 /opt/bitnami/apps/wordpress/asteriscos-wp/wp-blog-header.php(19): require_once('/opt/bitnami/ap...')
#2 /opt/bitnami/apps/wordpress/asteriscos-wp/index.php(17): require('/opt/bitnami/ap...')
#3 {main}
  thrown

2019-08-10T04:11:33+00:00 CRITICAL Uncaught Error: Call to undefined function get_field() in /opt/bitnami/apps/wordpress/asteriscos-wp/wp-content/themes/asteriscos/templates/template-item.php:9
Stack trace:
#0 /opt/bitnami/apps/wordpress/asteriscos-wp/wp-includes/template-loader.php(74): include()
#1 /opt/bitnami/apps/wordpress/asteriscos-wp/wp-blog-header.php(19): require_once('/opt/bitnami/ap...')
#2 /opt/bitnami/apps/wordpress/asteriscos-wp/index.php(17): require('/opt/bitnami/ap...')
#3 {main}
  thrown

2019-08-10T04:34:32+00:00 CRITICAL Uncaught Error: Call to undefined function get_field() in /opt/bitnami/apps/wordpress/asteriscos-wp/wp-content/themes/asteriscos/templates/template-item.php:9
Stack trace:
#0 /opt/bitnami/apps/wordpress/asteriscos-wp/wp-includes/template-loader.php(74): include()
#1 /opt/bitnami/apps/wordpress/asteriscos-wp/wp-blog-header.php(19): require_once('/opt/bitnami/ap...')
#2 /opt/bitnami/apps/wordpress/asteriscos-wp/index.php(17): require('/opt/bitnami/ap...')
#3 {main}
  thrown

2019-08-10T05:01:29+00:00 CRITICAL Uncaught Error: Call to undefined function get_field() in /opt/bitnami/apps/wordpress/asteriscos-wp/wp-content/themes/asteriscos/templates/template-item.php:9
Stack trace:
#0 /opt/bitnami/apps/wordpress/asteriscos-wp/wp-includes/template-loader.php(74): include()
#1 /opt/bitnami/apps/wordpress/asteriscos-wp/wp-blog-header.php(19): require_once('/opt/bitnami/ap...')
#2 /opt/bitnami/apps/wordpress/asteriscos-wp/index.php(17): require('/opt/bitnami/ap...')
#3 {main}
  thrown

2019-08-10T05:05:25+00:00 CRITICAL Uncaught Error: Call to undefined function get_field() in /opt/bitnami/apps/wordpress/asteriscos-wp/wp-content/themes/asteriscos/templates/template-item.php:9
Stack trace:
#0 /opt/bitnami/apps/wordpress/asteriscos-wp/wp-includes/template-loader.php(74): include()
#1 /opt/bitnami/apps/wordpress/asteriscos-wp/wp-blog-header.php(19): require_once('/opt/bitnami/ap...')
#2 /opt/bitnami/apps/wordpress/asteriscos-wp/index.php(17): require('/opt/bitnami/ap...')
#3 {main}
  thrown

2019-08-10T05:11:50+00:00 CRITICAL Uncaught Error: Call to undefined function get_field() in /opt/bitnami/apps/wordpress/asteriscos-wp/wp-content/themes/asteriscos/templates/template-home.php:9
Stack trace:
#0 /opt/bitnami/apps/wordpress/asteriscos-wp/wp-includes/template-loader.php(74): include()
#1 /opt/bitnami/apps/wordpress/asteriscos-wp/wp-blog-header.php(19): require_once('/opt/bitnami/ap...')
#2 /opt/bitnami/apps/wordpress/asteriscos-wp/index.php(17): require('/opt/bitnami/ap...')
#3 {main}
  thrown

2019-08-10T06:11:12+00:00 CRITICAL Uncaught Error: Call to undefined function get_field() in /opt/bitnami/apps/wordpress/asteriscos-wp/wp-content/themes/asteriscos/templates/template-item.php:9
Stack trace:
#0 /opt/bitnami/apps/wordpress/asteriscos-wp/wp-includes/template-loader.php(74): include()
#1 /opt/bitnami/apps/wordpress/asteriscos-wp/wp-blog-header.php(19): require_once('/opt/bitnami/ap...')
#2 /opt/bitnami/apps/wordpress/asteriscos-wp/index.php(17): require('/opt/bitnami/ap...')
#3 {main}
  thrown

2019-08-10T06:22:27+00:00 CRITICAL Uncaught Error: Call to undefined function get_field() in /opt/bitnami/apps/wordpress/asteriscos-wp/wp-content/themes/asteriscos/templates/template-item.php:9
Stack trace:
#0 /opt/bitnami/apps/wordpress/asteriscos-wp/wp-includes/template-loader.php(74): include()
#1 /opt/bitnami/apps/wordpress/asteriscos-wp/wp-blog-header.php(19): require_once('/opt/bitnami/ap...')
#2 /opt/bitnami/apps/wordpress/asteriscos-wp/index.php(17): require('/opt/bitnami/ap...')
#3 {main}
  thrown

2019-08-10T07:21:50+00:00 CRITICAL Uncaught Error: Call to undefined function get_field() in /opt/bitnami/apps/wordpress/asteriscos-wp/wp-content/themes/asteriscos/templates/template-item.php:9
Stack trace:
#0 /opt/bitnami/apps/wordpress/asteriscos-wp/wp-includes/template-loader.php(74): include()
#1 /opt/bitnami/apps/wordpress/asteriscos-wp/wp-blog-header.php(19): require_once('/opt/bitnami/ap...')
#2 /opt/bitnami/apps/wordpress/asteriscos-wp/index.php(17): require('/opt/bitnami/ap...')
#3 {main}
  thrown

2019-08-10T08:24:29+00:00 CRITICAL Uncaught Error: Call to undefined function get_field() in /opt/bitnami/apps/wordpress/asteriscos-wp/wp-content/themes/asteriscos/templates/template-home.php:9
Stack trace:
#0 /opt/bitnami/apps/wordpress/asteriscos-wp/wp-includes/template-loader.php(74): include()
#1 /opt/bitnami/apps/wordpress/asteriscos-wp/wp-blog-header.php(19): require_once('/opt/bitnami/ap...')
#2 /opt/bitnami/apps/wordpress/asteriscos-wp/index.php(17): require('/opt/bitnami/ap...')
#3 {main}
  thrown

2019-08-10T08:24:29+00:00 CRITICAL Uncaught Error: Call to undefined function get_field() in /opt/bitnami/apps/wordpress/asteriscos-wp/wp-content/themes/asteriscos/templates/template-home.php:9
Stack trace:
#0 /opt/bitnami/apps/wordpress/asteriscos-wp/wp-includes/template-loader.php(74): include()
#1 /opt/bitnami/apps/wordpress/asteriscos-wp/wp-blog-header.php(19): require_once('/opt/bitnami/ap...')
#2 /opt/bitnami/apps/wordpress/asteriscos-wp/index.php(17): require('/opt/bitnami/ap...')
#3 {main}
  thrown

2019-08-10T08:25:53+00:00 CRITICAL Uncaught Error: Call to undefined function get_field() in /opt/bitnami/apps/wordpress/asteriscos-wp/wp-content/themes/asteriscos/templates/template-volutario.php:9
Stack trace:
#0 /opt/bitnami/apps/wordpress/asteriscos-wp/wp-includes/template-loader.php(74): include()
#1 /opt/bitnami/apps/wordpress/asteriscos-wp/wp-blog-header.php(19): require_once('/opt/bitnami/ap...')
#2 /opt/bitnami/apps/wordpress/asteriscos-wp/index.php(17): require('/opt/bitnami/ap...')
#3 {main}
  thrown

2019-08-10T08:28:18+00:00 CRITICAL Uncaught Error: Call to undefined function get_field() in /opt/bitnami/apps/wordpress/asteriscos-wp/wp-content/themes/asteriscos/templates/template-item.php:9
Stack trace:
#0 /opt/bitnami/apps/wordpress/asteriscos-wp/wp-includes/template-loader.php(74): include()
#1 /opt/bitnami/apps/wordpress/asteriscos-wp/wp-blog-header.php(19): require_once('/opt/bitnami/ap...')
#2 /opt/bitnami/apps/wordpress/asteriscos-wp/index.php(17): require('/opt/bitnami/ap...')
#3 {main}
  thrown

2019-08-10T08:32:02+00:00 CRITICAL Uncaught Error: Call to undefined function get_field() in /opt/bitnami/apps/wordpress/asteriscos-wp/wp-content/themes/asteriscos/templates/template-home.php:9
Stack trace:
#0 /opt/bitnami/apps/wordpress/asteriscos-wp/wp-includes/template-loader.php(74): include()
#1 /opt/bitnami/apps/wordpress/asteriscos-wp/wp-blog-header.php(19): require_once('/opt/bitnami/ap...')
#2 /opt/bitnami/apps/wordpress/asteriscos-wp/index.php(17): require('/opt/bitnami/ap...')
#3 {main}
  thrown

2019-08-10T08:53:19+00:00 CRITICAL Uncaught Error: Call to undefined function get_field() in /opt/bitnami/apps/wordpress/asteriscos-wp/wp-content/themes/asteriscos/templates/template-item.php:9
Stack trace:
#0 /opt/bitnami/apps/wordpress/asteriscos-wp/wp-includes/template-loader.php(74): include()
#1 /opt/bitnami/apps/wordpress/asteriscos-wp/wp-blog-header.php(19): require_once('/opt/bitnami/ap...')
#2 /opt/bitnami/apps/wordpress/asteriscos-wp/index.php(17): require('/opt/bitnami/ap...')
#3 {main}
  thrown

2019-08-10T09:01:22+00:00 CRITICAL Uncaught Error: Call to undefined function get_field() in /opt/bitnami/apps/wordpress/asteriscos-wp/wp-content/themes/asteriscos/templates/template-noticias.php:10
Stack trace:
#0 /opt/bitnami/apps/wordpress/asteriscos-wp/wp-includes/template-loader.php(74): include()
#1 /opt/bitnami/apps/wordpress/asteriscos-wp/wp-blog-header.php(19): require_once('/opt/bitnami/ap...')
#2 /opt/bitnami/apps/wordpress/asteriscos-wp/index.php(17): require('/opt/bitnami/ap...')
#3 {main}
  thrown

2019-08-10T09:03:34+00:00 CRITICAL Uncaught Error: Call to undefined function get_field() in /opt/bitnami/apps/wordpress/asteriscos-wp/wp-content/themes/asteriscos/templates/template-volutario.php:9
Stack trace:
#0 /opt/bitnami/apps/wordpress/asteriscos-wp/wp-includes/template-loader.php(74): include()
#1 /opt/bitnami/apps/wordpress/asteriscos-wp/wp-blog-header.php(19): require_once('/opt/bitnami/ap...')
#2 /opt/bitnami/apps/wordpress/asteriscos-wp/index.php(17): require('/opt/bitnami/ap...')
#3 {main}
  thrown

2019-08-10T10:03:28+00:00 CRITICAL Uncaught Error: Call to undefined function get_field() in /opt/bitnami/apps/wordpress/asteriscos-wp/wp-content/themes/asteriscos/templates/template-item.php:9
Stack trace:
#0 /opt/bitnami/apps/wordpress/asteriscos-wp/wp-includes/template-loader.php(74): include()
#1 /opt/bitnami/apps/wordpress/asteriscos-wp/wp-blog-header.php(19): require_once('/opt/bitnami/ap...')
#2 /opt/bitnami/apps/wordpress/asteriscos-wp/index.php(17): require('/opt/bitnami/ap...')
#3 {main}
  thrown

2019-08-10T10:05:58+00:00 CRITICAL Uncaught Error: Call to undefined function get_field() in /opt/bitnami/apps/wordpress/asteriscos-wp/wp-content/themes/asteriscos/templates/template-home.php:9
Stack trace:
#0 /opt/bitnami/apps/wordpress/asteriscos-wp/wp-includes/template-loader.php(74): include()
#1 /opt/bitnami/apps/wordpress/asteriscos-wp/wp-blog-header.php(19): require_once('/opt/bitnami/ap...')
#2 /opt/bitnami/apps/wordpress/asteriscos-wp/index.php(17): require('/opt/bitnami/ap...')
#3 {main}
  thrown

2019-08-10T10:24:36+00:00 CRITICAL Uncaught Error: Call to undefined function get_field() in /opt/bitnami/apps/wordpress/asteriscos-wp/wp-content/themes/asteriscos/templates/template-volutario.php:9
Stack trace:
#0 /opt/bitnami/apps/wordpress/asteriscos-wp/wp-includes/template-loader.php(74): include()
#1 /opt/bitnami/apps/wordpress/asteriscos-wp/wp-blog-header.php(19): require_once('/opt/bitnami/ap...')
#2 /opt/bitnami/apps/wordpress/asteriscos-wp/index.php(17): require('/opt/bitnami/ap...')
#3 {main}
  thrown

2019-08-10T10:36:41+00:00 CRITICAL Uncaught Error: Call to undefined function get_field() in /opt/bitnami/apps/wordpress/asteriscos-wp/wp-content/themes/asteriscos/templates/template-volutario.php:9
Stack trace:
#0 /opt/bitnami/apps/wordpress/asteriscos-wp/wp-includes/template-loader.php(74): include()
#1 /opt/bitnami/apps/wordpress/asteriscos-wp/wp-blog-header.php(19): require_once('/opt/bitnami/ap...')
#2 /opt/bitnami/apps/wordpress/asteriscos-wp/index.php(17): require('/opt/bitnami/ap...')
#3 {main}
  thrown

2019-08-10T10:39:35+00:00 CRITICAL Uncaught Error: Call to undefined function get_field() in /opt/bitnami/apps/wordpress/asteriscos-wp/wp-content/themes/asteriscos/templates/template-home.php:9
Stack trace:
#0 /opt/bitnami/apps/wordpress/asteriscos-wp/wp-includes/template-loader.php(74): include()
#1 /opt/bitnami/apps/wordpress/asteriscos-wp/wp-blog-header.php(19): require_once('/opt/bitnami/ap...')
#2 /opt/bitnami/apps/wordpress/asteriscos-wp/index.php(17): require('/opt/bitnami/ap...')
#3 {main}
  thrown

2019-08-10T10:42:56+00:00 CRITICAL Uncaught Error: Call to undefined function get_field() in /opt/bitnami/apps/wordpress/asteriscos-wp/wp-content/themes/asteriscos/templates/template-item.php:9
Stack trace:
#0 /opt/bitnami/apps/wordpress/asteriscos-wp/wp-includes/template-loader.php(74): include()
#1 /opt/bitnami/apps/wordpress/asteriscos-wp/wp-blog-header.php(19): require_once('/opt/bitnami/ap...')
#2 /opt/bitnami/apps/wordpress/asteriscos-wp/index.php(17): require('/opt/bitnami/ap...')
#3 {main}
  thrown

2019-08-10T10:48:25+00:00 CRITICAL Uncaught Error: Call to undefined function get_field() in /opt/bitnami/apps/wordpress/asteriscos-wp/wp-content/themes/asteriscos/templates/template-item.php:9
Stack trace:
#0 /opt/bitnami/apps/wordpress/asteriscos-wp/wp-includes/template-loader.php(74): include()
#1 /opt/bitnami/apps/wordpress/asteriscos-wp/wp-blog-header.php(19): require_once('/opt/bitnami/ap...')
#2 /opt/bitnami/apps/wordpress/asteriscos-wp/index.php(17): require('/opt/bitnami/ap...')
#3 {main}
  thrown

2019-08-10T11:15:37+00:00 CRITICAL Uncaught Error: Call to undefined function get_field() in /opt/bitnami/apps/wordpress/asteriscos-wp/wp-content/themes/asteriscos/templates/template-home.php:9
Stack trace:
#0 /opt/bitnami/apps/wordpress/asteriscos-wp/wp-includes/template-loader.php(74): include()
#1 /opt/bitnami/apps/wordpress/asteriscos-wp/wp-blog-header.php(19): require_once('/opt/bitnami/ap...')
#2 /opt/bitnami/apps/wordpress/asteriscos-wp/index.php(17): require('/opt/bitnami/ap...')
#3 {main}
  thrown

2019-08-10T11:21:59+00:00 CRITICAL Uncaught Error: Call to undefined function get_field() in /opt/bitnami/apps/wordpress/asteriscos-wp/wp-content/themes/asteriscos/templates/template-noticias.php:10
Stack trace:
#0 /opt/bitnami/apps/wordpress/asteriscos-wp/wp-includes/template-loader.php(74): include()
#1 /opt/bitnami/apps/wordpress/asteriscos-wp/wp-blog-header.php(19): require_once('/opt/bitnami/ap...')
#2 /opt/bitnami/apps/wordpress/asteriscos-wp/index.php(17): require('/opt/bitnami/ap...')
#3 {main}
  thrown

2019-08-10T11:33:32+00:00 CRITICAL Uncaught Error: Call to undefined function get_field() in /opt/bitnami/apps/wordpress/asteriscos-wp/wp-content/themes/asteriscos/templates/template-home.php:9
Stack trace:
#0 /opt/bitnami/apps/wordpress/asteriscos-wp/wp-includes/template-loader.php(74): include()
#1 /opt/bitnami/apps/wordpress/asteriscos-wp/wp-blog-header.php(19): require_once('/opt/bitnami/ap...')
#2 /opt/bitnami/apps/wordpress/asteriscos-wp/index.php(17): require('/opt/bitnami/ap...')
#3 {main}
  thrown

2019-08-10T12:16:42+00:00 CRITICAL Uncaught Error: Call to undefined function get_field() in /opt/bitnami/apps/wordpress/asteriscos-wp/wp-content/themes/asteriscos/templates/template-item.php:9
Stack trace:
#0 /opt/bitnami/apps/wordpress/asteriscos-wp/wp-includes/template-loader.php(74): include()
#1 /opt/bitnami/apps/wordpress/asteriscos-wp/wp-blog-header.php(19): require_once('/opt/bitnami/ap...')
#2 /opt/bitnami/apps/wordpress/asteriscos-wp/index.php(17): require('/opt/bitnami/ap...')
#3 {main}
  thrown

2019-08-10T12:39:54+00:00 CRITICAL Uncaught Error: Call to undefined function get_field() in /opt/bitnami/apps/wordpress/asteriscos-wp/wp-content/themes/asteriscos/templates/template-volutario.php:9
Stack trace:
#0 /opt/bitnami/apps/wordpress/asteriscos-wp/wp-includes/template-loader.php(74): include()
#1 /opt/bitnami/apps/wordpress/asteriscos-wp/wp-blog-header.php(19): require_once('/opt/bitnami/ap...')
#2 /opt/bitnami/apps/wordpress/asteriscos-wp/index.php(17): require('/opt/bitnami/ap...')
#3 {main}
  thrown

2019-08-10T13:02:53+00:00 CRITICAL Uncaught Error: Call to undefined function get_field() in /opt/bitnami/apps/wordpress/asteriscos-wp/wp-content/themes/asteriscos/templates/template-item.php:9
Stack trace:
#0 /opt/bitnami/apps/wordpress/asteriscos-wp/wp-includes/template-loader.php(74): include()
#1 /opt/bitnami/apps/wordpress/asteriscos-wp/wp-blog-header.php(19): require_once('/opt/bitnami/ap...')
#2 /opt/bitnami/apps/wordpress/asteriscos-wp/index.php(17): require('/opt/bitnami/ap...')
#3 {main}
  thrown

2019-08-10T13:09:22+00:00 CRITICAL Uncaught Error: Call to undefined function get_field() in /opt/bitnami/apps/wordpress/asteriscos-wp/wp-content/themes/asteriscos/templates/template-volutario.php:9
Stack trace:
#0 /opt/bitnami/apps/wordpress/asteriscos-wp/wp-includes/template-loader.php(74): include()
#1 /opt/bitnami/apps/wordpress/asteriscos-wp/wp-blog-header.php(19): require_once('/opt/bitnami/ap...')
#2 /opt/bitnami/apps/wordpress/asteriscos-wp/index.php(17): require('/opt/bitnami/ap...')
#3 {main}
  thrown

2019-08-10T13:32:23+00:00 CRITICAL Uncaught Error: Call to undefined function get_field() in /opt/bitnami/apps/wordpress/asteriscos-wp/wp-content/themes/asteriscos/templates/template-home.php:9
Stack trace:
#0 /opt/bitnami/apps/wordpress/asteriscos-wp/wp-includes/template-loader.php(74): include()
#1 /opt/bitnami/apps/wordpress/asteriscos-wp/wp-blog-header.php(19): require_once('/opt/bitnami/ap...')
#2 /opt/bitnami/apps/wordpress/asteriscos-wp/index.php(17): require('/opt/bitnami/ap...')
#3 {main}
  thrown

2019-08-10T13:32:51+00:00 CRITICAL Uncaught Error: Call to undefined function get_field() in /opt/bitnami/apps/wordpress/asteriscos-wp/wp-content/themes/asteriscos/templates/template-volutario.php:9
Stack trace:
#0 /opt/bitnami/apps/wordpress/asteriscos-wp/wp-includes/template-loader.php(74): include()
#1 /opt/bitnami/apps/wordpress/asteriscos-wp/wp-blog-header.php(19): require_once('/opt/bitnami/ap...')
#2 /opt/bitnami/apps/wordpress/asteriscos-wp/index.php(17): require('/opt/bitnami/ap...')
#3 {main}
  thrown

2019-08-10T13:51:37+00:00 CRITICAL Uncaught Error: Call to undefined function get_field() in /opt/bitnami/apps/wordpress/asteriscos-wp/wp-content/themes/asteriscos/templates/template-home.php:9
Stack trace:
#0 /opt/bitnami/apps/wordpress/asteriscos-wp/wp-includes/template-loader.php(74): include()
#1 /opt/bitnami/apps/wordpress/asteriscos-wp/wp-blog-header.php(19): require_once('/opt/bitnami/ap...')
#2 /opt/bitnami/apps/wordpress/asteriscos-wp/index.php(17): require('/opt/bitnami/ap...')
#3 {main}
  thrown

2019-08-10T14:00:42+00:00 CRITICAL Uncaught Error: Call to undefined function get_field() in /opt/bitnami/apps/wordpress/asteriscos-wp/wp-content/themes/asteriscos/templates/template-volutario.php:9
Stack trace:
#0 /opt/bitnami/apps/wordpress/asteriscos-wp/wp-includes/template-loader.php(74): include()
#1 /opt/bitnami/apps/wordpress/asteriscos-wp/wp-blog-header.php(19): require_once('/opt/bitnami/ap...')
#2 /opt/bitnami/apps/wordpress/asteriscos-wp/index.php(17): require('/opt/bitnami/ap...')
#3 {main}
  thrown

2019-08-10T14:12:56+00:00 CRITICAL Uncaught Error: Call to undefined function get_field() in /opt/bitnami/apps/wordpress/asteriscos-wp/wp-content/themes/asteriscos/templates/template-item.php:9
Stack trace:
#0 /opt/bitnami/apps/wordpress/asteriscos-wp/wp-includes/template-loader.php(74): include()
#1 /opt/bitnami/apps/wordpress/asteriscos-wp/wp-blog-header.php(19): require_once('/opt/bitnami/ap...')
#2 /opt/bitnami/apps/wordpress/asteriscos-wp/index.php(17): require('/opt/bitnami/ap...')
#3 {main}
  thrown

2019-08-10T14:13:01+00:00 CRITICAL Uncaught Error: Call to undefined function get_field() in /opt/bitnami/apps/wordpress/asteriscos-wp/wp-content/themes/asteriscos/templates/template-item.php:9
Stack trace:
#0 /opt/bitnami/apps/wordpress/asteriscos-wp/wp-includes/template-loader.php(74): include()
#1 /opt/bitnami/apps/wordpress/asteriscos-wp/wp-blog-header.php(19): require_once('/opt/bitnami/ap...')
#2 /opt/bitnami/apps/wordpress/asteriscos-wp/index.php(17): require('/opt/bitnami/ap...')
#3 {main}
  thrown

2019-08-10T14:22:48+00:00 CRITICAL Uncaught Error: Call to undefined function get_field() in /opt/bitnami/apps/wordpress/asteriscos-wp/wp-content/themes/asteriscos/templates/template-item.php:9
Stack trace:
#0 /opt/bitnami/apps/wordpress/asteriscos-wp/wp-includes/template-loader.php(74): include()
#1 /opt/bitnami/apps/wordpress/asteriscos-wp/wp-blog-header.php(19): require_once('/opt/bitnami/ap...')
#2 /opt/bitnami/apps/wordpress/asteriscos-wp/index.php(17): require('/opt/bitnami/ap...')
#3 {main}
  thrown

2019-08-10T14:31:45+00:00 CRITICAL Uncaught Error: Call to undefined function get_field() in /opt/bitnami/apps/wordpress/asteriscos-wp/wp-content/themes/asteriscos/templates/template-home.php:9
Stack trace:
#0 /opt/bitnami/apps/wordpress/asteriscos-wp/wp-includes/template-loader.php(74): include()
#1 /opt/bitnami/apps/wordpress/asteriscos-wp/wp-blog-header.php(19): require_once('/opt/bitnami/ap...')
#2 /opt/bitnami/apps/wordpress/asteriscos-wp/index.php(17): require('/opt/bitnami/ap...')
#3 {main}
  thrown

2019-08-10T14:38:31+00:00 CRITICAL Uncaught Error: Call to undefined function get_field() in /opt/bitnami/apps/wordpress/asteriscos-wp/wp-content/themes/asteriscos/templates/template-volutario.php:9
Stack trace:
#0 /opt/bitnami/apps/wordpress/asteriscos-wp/wp-includes/template-loader.php(74): include()
#1 /opt/bitnami/apps/wordpress/asteriscos-wp/wp-blog-header.php(19): require_once('/opt/bitnami/ap...')
#2 /opt/bitnami/apps/wordpress/asteriscos-wp/index.php(17): require('/opt/bitnami/ap...')
#3 {main}
  thrown

2019-08-10T14:42:27+00:00 CRITICAL Uncaught Error: Call to undefined function get_field() in /opt/bitnami/apps/wordpress/asteriscos-wp/wp-content/themes/asteriscos/templates/template-item.php:9
Stack trace:
#0 /opt/bitnami/apps/wordpress/asteriscos-wp/wp-includes/template-loader.php(74): include()
#1 /opt/bitnami/apps/wordpress/asteriscos-wp/wp-blog-header.php(19): require_once('/opt/bitnami/ap...')
#2 /opt/bitnami/apps/wordpress/asteriscos-wp/index.php(17): require('/opt/bitnami/ap...')
#3 {main}
  thrown

2019-08-10T14:45:08+00:00 CRITICAL Uncaught Error: Call to undefined function get_field() in /opt/bitnami/apps/wordpress/asteriscos-wp/wp-content/themes/asteriscos/templates/template-volutario.php:9
Stack trace:
#0 /opt/bitnami/apps/wordpress/asteriscos-wp/wp-includes/template-loader.php(74): include()
#1 /opt/bitnami/apps/wordpress/asteriscos-wp/wp-blog-header.php(19): require_once('/opt/bitnami/ap...')
#2 /opt/bitnami/apps/wordpress/asteriscos-wp/index.php(17): require('/opt/bitnami/ap...')
#3 {main}
  thrown

2019-08-10T14:56:28+00:00 CRITICAL Uncaught Error: Call to undefined function get_field() in /opt/bitnami/apps/wordpress/asteriscos-wp/wp-content/themes/asteriscos/templates/template-index-grid.php:9
Stack trace:
#0 /opt/bitnami/apps/wordpress/asteriscos-wp/wp-includes/template-loader.php(74): include()
#1 /opt/bitnami/apps/wordpress/asteriscos-wp/wp-blog-header.php(19): require_once('/opt/bitnami/ap...')
#2 /opt/bitnami/apps/wordpress/asteriscos-wp/index.php(17): require('/opt/bitnami/ap...')
#3 {main}
  thrown

2019-08-10T15:03:08+00:00 CRITICAL Uncaught Error: Call to undefined function get_field() in /opt/bitnami/apps/wordpress/asteriscos-wp/wp-content/themes/asteriscos/templates/template-home.php:9
Stack trace:
#0 /opt/bitnami/apps/wordpress/asteriscos-wp/wp-includes/template-loader.php(74): include()
#1 /opt/bitnami/apps/wordpress/asteriscos-wp/wp-blog-header.php(19): require_once('/opt/bitnami/ap...')
#2 /opt/bitnami/apps/wordpress/asteriscos-wp/index.php(17): require('/opt/bitnami/ap...')
#3 {main}
  thrown

2019-08-10T15:03:19+00:00 CRITICAL Uncaught Error: Call to undefined function get_field() in /opt/bitnami/apps/wordpress/asteriscos-wp/wp-content/themes/asteriscos/templates/template-volutario.php:9
Stack trace:
#0 /opt/bitnami/apps/wordpress/asteriscos-wp/wp-includes/template-loader.php(74): include()
#1 /opt/bitnami/apps/wordpress/asteriscos-wp/wp-blog-header.php(19): require_once('/opt/bitnami/ap...')
#2 /opt/bitnami/apps/wordpress/asteriscos-wp/index.php(17): require('/opt/bitnami/ap...')
#3 {main}
  thrown

2019-08-10T15:13:53+00:00 CRITICAL Uncaught Error: Call to undefined function get_field() in /opt/bitnami/apps/wordpress/asteriscos-wp/wp-content/themes/asteriscos/templates/template-home.php:9
Stack trace:
#0 /opt/bitnami/apps/wordpress/asteriscos-wp/wp-includes/template-loader.php(74): include()
#1 /opt/bitnami/apps/wordpress/asteriscos-wp/wp-blog-header.php(19): require_once('/opt/bitnami/ap...')
#2 /opt/bitnami/apps/wordpress/asteriscos-wp/index.php(17): require('/opt/bitnami/ap...')
#3 {main}
  thrown

2019-08-10T15:17:21+00:00 CRITICAL Uncaught Error: Call to undefined function get_field() in /opt/bitnami/apps/wordpress/asteriscos-wp/wp-content/themes/asteriscos/templates/template-volutario.php:9
Stack trace:
#0 /opt/bitnami/apps/wordpress/asteriscos-wp/wp-includes/template-loader.php(74): include()
#1 /opt/bitnami/apps/wordpress/asteriscos-wp/wp-blog-header.php(19): require_once('/opt/bitnami/ap...')
#2 /opt/bitnami/apps/wordpress/asteriscos-wp/index.php(17): require('/opt/bitnami/ap...')
#3 {main}
  thrown

2019-08-10T15:23:25+00:00 CRITICAL Uncaught Error: Call to undefined function get_field() in /opt/bitnami/apps/wordpress/asteriscos-wp/wp-content/themes/asteriscos/templates/template-home.php:9
Stack trace:
#0 /opt/bitnami/apps/wordpress/asteriscos-wp/wp-includes/template-loader.php(74): include()
#1 /opt/bitnami/apps/wordpress/asteriscos-wp/wp-blog-header.php(19): require_once('/opt/bitnami/ap...')
#2 /opt/bitnami/apps/wordpress/asteriscos-wp/index.php(17): require('/opt/bitnami/ap...')
#3 {main}
  thrown

2019-08-10T15:23:42+00:00 CRITICAL Uncaught Error: Call to undefined function get_field() in /opt/bitnami/apps/wordpress/asteriscos-wp/wp-content/themes/asteriscos/templates/template-volutario.php:9
Stack trace:
#0 /opt/bitnami/apps/wordpress/asteriscos-wp/wp-includes/template-loader.php(74): include()
#1 /opt/bitnami/apps/wordpress/asteriscos-wp/wp-blog-header.php(19): require_once('/opt/bitnami/ap...')
#2 /opt/bitnami/apps/wordpress/asteriscos-wp/index.php(17): require('/opt/bitnami/ap...')
#3 {main}
  thrown

2019-08-10T15:39:55+00:00 CRITICAL Uncaught Error: Call to undefined function get_field() in /opt/bitnami/apps/wordpress/asteriscos-wp/wp-content/themes/asteriscos/templates/template-home.php:9
Stack trace:
#0 /opt/bitnami/apps/wordpress/asteriscos-wp/wp-includes/template-loader.php(74): include()
#1 /opt/bitnami/apps/wordpress/asteriscos-wp/wp-blog-header.php(19): require_once('/opt/bitnami/ap...')
#2 /opt/bitnami/apps/wordpress/asteriscos-wp/index.php(17): require('/opt/bitnami/ap...')
#3 {main}
  thrown

2019-08-10T15:40:33+00:00 CRITICAL Uncaught Error: Call to undefined function get_field() in /opt/bitnami/apps/wordpress/asteriscos-wp/wp-content/themes/asteriscos/templates/template-home.php:9
Stack trace:
#0 /opt/bitnami/apps/wordpress/asteriscos-wp/wp-includes/template-loader.php(74): include()
#1 /opt/bitnami/apps/wordpress/asteriscos-wp/wp-blog-header.php(19): require_once('/opt/bitnami/ap...')
#2 /opt/bitnami/apps/wordpress/asteriscos-wp/index.php(17): require('/opt/bitnami/ap...')
#3 {main}
  thrown

2019-08-10T15:46:02+00:00 CRITICAL Uncaught Error: Call to undefined function get_field() in /opt/bitnami/apps/wordpress/asteriscos-wp/wp-content/themes/asteriscos/templates/template-item.php:9
Stack trace:
#0 /opt/bitnami/apps/wordpress/asteriscos-wp/wp-includes/template-loader.php(74): include()
#1 /opt/bitnami/apps/wordpress/asteriscos-wp/wp-blog-header.php(19): require_once('/opt/bitnami/ap...')
#2 /opt/bitnami/apps/wordpress/asteriscos-wp/index.php(17): require('/opt/bitnami/ap...')
#3 {main}
  thrown

2019-08-10T15:47:29+00:00 CRITICAL Uncaught Error: Call to undefined function get_field() in /opt/bitnami/apps/wordpress/asteriscos-wp/wp-content/themes/asteriscos/templates/template-index-grid.php:9
Stack trace:
#0 /opt/bitnami/apps/wordpress/asteriscos-wp/wp-includes/template-loader.php(74): include()
#1 /opt/bitnami/apps/wordpress/asteriscos-wp/wp-blog-header.php(19): require_once('/opt/bitnami/ap...')
#2 /opt/bitnami/apps/wordpress/asteriscos-wp/index.php(17): require('/opt/bitnami/ap...')
#3 {main}
  thrown

2019-08-10T15:47:31+00:00 CRITICAL Uncaught Error: Call to undefined function get_field() in /opt/bitnami/apps/wordpress/asteriscos-wp/wp-content/themes/asteriscos/templates/template-index-grid.php:9
Stack trace:
#0 /opt/bitnami/apps/wordpress/asteriscos-wp/wp-includes/template-loader.php(74): include()
#1 /opt/bitnami/apps/wordpress/asteriscos-wp/wp-blog-header.php(19): require_once('/opt/bitnami/ap...')
#2 /opt/bitnami/apps/wordpress/asteriscos-wp/index.php(17): require('/opt/bitnami/ap...')
#3 {main}
  thrown

2019-08-10T16:22:50+00:00 CRITICAL Uncaught Error: Call to undefined function get_field() in /opt/bitnami/apps/wordpress/asteriscos-wp/wp-content/themes/asteriscos/templates/template-item.php:9
Stack trace:
#0 /opt/bitnami/apps/wordpress/asteriscos-wp/wp-includes/template-loader.php(74): include()
#1 /opt/bitnami/apps/wordpress/asteriscos-wp/wp-blog-header.php(19): require_once('/opt/bitnami/ap...')
#2 /opt/bitnami/apps/wordpress/asteriscos-wp/index.php(17): require('/opt/bitnami/ap...')
#3 {main}
  thrown

2019-08-10T16:45:22+00:00 CRITICAL Uncaught Error: Call to undefined function get_field() in /opt/bitnami/apps/wordpress/asteriscos-wp/wp-content/themes/asteriscos/templates/template-home.php:9
Stack trace:
#0 /opt/bitnami/apps/wordpress/asteriscos-wp/wp-includes/template-loader.php(74): include()
#1 /opt/bitnami/apps/wordpress/asteriscos-wp/wp-blog-header.php(19): require_once('/opt/bitnami/ap...')
#2 /opt/bitnami/apps/wordpress/asteriscos-wp/index.php(17): require('/opt/bitnami/ap...')
#3 {main}
  thrown

2019-08-10T16:45:22+00:00 CRITICAL Uncaught Error: Call to undefined function get_field() in /opt/bitnami/apps/wordpress/asteriscos-wp/wp-content/themes/asteriscos/templates/template-home.php:9
Stack trace:
#0 /opt/bitnami/apps/wordpress/asteriscos-wp/wp-includes/template-loader.php(74): include()
#1 /opt/bitnami/apps/wordpress/asteriscos-wp/wp-blog-header.php(19): require_once('/opt/bitnami/ap...')
#2 /opt/bitnami/apps/wordpress/asteriscos-wp/index.php(17): require('/opt/bitnami/ap...')
#3 {main}
  thrown

2019-08-10T17:10:01+00:00 CRITICAL Uncaught Error: Call to undefined function get_field() in /opt/bitnami/apps/wordpress/asteriscos-wp/wp-content/themes/asteriscos/templates/template-volutario.php:9
Stack trace:
#0 /opt/bitnami/apps/wordpress/asteriscos-wp/wp-includes/template-loader.php(74): include()
#1 /opt/bitnami/apps/wordpress/asteriscos-wp/wp-blog-header.php(19): require_once('/opt/bitnami/ap...')
#2 /opt/bitnami/apps/wordpress/asteriscos-wp/index.php(17): require('/opt/bitnami/ap...')
#3 {main}
  thrown

2019-08-10T17:57:23+00:00 CRITICAL Uncaught Error: Call to undefined function get_field() in /opt/bitnami/apps/wordpress/asteriscos-wp/wp-content/themes/asteriscos/templates/template-index-grid.php:9
Stack trace:
#0 /opt/bitnami/apps/wordpress/asteriscos-wp/wp-includes/template-loader.php(74): include()
#1 /opt/bitnami/apps/wordpress/asteriscos-wp/wp-blog-header.php(19): require_once('/opt/bitnami/ap...')
#2 /opt/bitnami/apps/wordpress/asteriscos-wp/index.php(17): require('/opt/bitnami/ap...')
#3 {main}
  thrown

2019-08-10T18:06:15+00:00 CRITICAL Uncaught Error: Call to undefined function get_field() in /opt/bitnami/apps/wordpress/asteriscos-wp/wp-content/themes/asteriscos/templates/template-volutario.php:9
Stack trace:
#0 /opt/bitnami/apps/wordpress/asteriscos-wp/wp-includes/template-loader.php(74): include()
#1 /opt/bitnami/apps/wordpress/asteriscos-wp/wp-blog-header.php(19): require_once('/opt/bitnami/ap...')
#2 /opt/bitnami/apps/wordpress/asteriscos-wp/index.php(17): require('/opt/bitnami/ap...')
#3 {main}
  thrown

2019-08-10T18:07:38+00:00 CRITICAL Uncaught Error: Call to undefined function get_field() in /opt/bitnami/apps/wordpress/asteriscos-wp/wp-content/themes/asteriscos/templates/template-item.php:9
Stack trace:
#0 /opt/bitnami/apps/wordpress/asteriscos-wp/wp-includes/template-loader.php(74): include()
#1 /opt/bitnami/apps/wordpress/asteriscos-wp/wp-blog-header.php(19): require_once('/opt/bitnami/ap...')
#2 /opt/bitnami/apps/wordpress/asteriscos-wp/index.php(17): require('/opt/bitnami/ap...')
#3 {main}
  thrown

2019-08-10T18:10:46+00:00 CRITICAL Uncaught Error: Call to undefined function get_field() in /opt/bitnami/apps/wordpress/asteriscos-wp/wp-content/themes/asteriscos/templates/template-item.php:9
Stack trace:
#0 /opt/bitnami/apps/wordpress/asteriscos-wp/wp-includes/template-loader.php(74): include()
#1 /opt/bitnami/apps/wordpress/asteriscos-wp/wp-blog-header.php(19): require_once('/opt/bitnami/ap...')
#2 /opt/bitnami/apps/wordpress/asteriscos-wp/index.php(17): require('/opt/bitnami/ap...')
#3 {main}
  thrown

2019-08-10T18:13:12+00:00 CRITICAL Uncaught Error: Call to undefined function get_field() in /opt/bitnami/apps/wordpress/asteriscos-wp/wp-content/themes/asteriscos/templates/template-noticias.php:10
Stack trace:
#0 /opt/bitnami/apps/wordpress/asteriscos-wp/wp-includes/template-loader.php(74): include()
#1 /opt/bitnami/apps/wordpress/asteriscos-wp/wp-blog-header.php(19): require_once('/opt/bitnami/ap...')
#2 /opt/bitnami/apps/wordpress/asteriscos-wp/index.php(17): require('/opt/bitnami/ap...')
#3 {main}
  thrown

2019-08-10T18:33:22+00:00 CRITICAL Uncaught Error: Call to undefined function get_field() in /opt/bitnami/apps/wordpress/asteriscos-wp/wp-content/themes/asteriscos/templates/template-home.php:9
Stack trace:
#0 /opt/bitnami/apps/wordpress/asteriscos-wp/wp-includes/template-loader.php(74): include()
#1 /opt/bitnami/apps/wordpress/asteriscos-wp/wp-blog-header.php(19): require_once('/opt/bitnami/ap...')
#2 /opt/bitnami/apps/wordpress/asteriscos-wp/index.php(17): require('/opt/bitnami/ap...')
#3 {main}
  thrown

2019-08-10T18:33:35+00:00 CRITICAL Uncaught Error: Call to undefined function get_field() in /opt/bitnami/apps/wordpress/asteriscos-wp/wp-content/themes/asteriscos/templates/template-noticias.php:10
Stack trace:
#0 /opt/bitnami/apps/wordpress/asteriscos-wp/wp-includes/template-loader.php(74): include()
#1 /opt/bitnami/apps/wordpress/asteriscos-wp/wp-blog-header.php(19): require_once('/opt/bitnami/ap...')
#2 /opt/bitnami/apps/wordpress/asteriscos-wp/index.php(17): require('/opt/bitnami/ap...')
#3 {main}
  thrown

2019-08-10T18:56:05+00:00 CRITICAL Uncaught Error: Call to undefined function get_field() in /opt/bitnami/apps/wordpress/asteriscos-wp/wp-content/themes/asteriscos/templates/template-item.php:9
Stack trace:
#0 /opt/bitnami/apps/wordpress/asteriscos-wp/wp-includes/template-loader.php(74): include()
#1 /opt/bitnami/apps/wordpress/asteriscos-wp/wp-blog-header.php(19): require_once('/opt/bitnami/ap...')
#2 /opt/bitnami/apps/wordpress/asteriscos-wp/index.php(17): require('/opt/bitnami/ap...')
#3 {main}
  thrown

2019-08-10T18:56:15+00:00 CRITICAL Uncaught Error: Call to undefined function get_field() in /opt/bitnami/apps/wordpress/asteriscos-wp/wp-content/themes/asteriscos/templates/template-volutario.php:9
Stack trace:
#0 /opt/bitnami/apps/wordpress/asteriscos-wp/wp-includes/template-loader.php(74): include()
#1 /opt/bitnami/apps/wordpress/asteriscos-wp/wp-blog-header.php(19): require_once('/opt/bitnami/ap...')
#2 /opt/bitnami/apps/wordpress/asteriscos-wp/index.php(17): require('/opt/bitnami/ap...')
#3 {main}
  thrown

2019-08-10T19:05:55+00:00 CRITICAL Uncaught Error: Call to undefined function get_field() in /opt/bitnami/apps/wordpress/asteriscos-wp/wp-content/themes/asteriscos/templates/template-home.php:9
Stack trace:
#0 /opt/bitnami/apps/wordpress/asteriscos-wp/wp-includes/template-loader.php(74): include()
#1 /opt/bitnami/apps/wordpress/asteriscos-wp/wp-blog-header.php(19): require_once('/opt/bitnami/ap...')
#2 /opt/bitnami/apps/wordpress/asteriscos-wp/index.php(17): require('/opt/bitnami/ap...')
#3 {main}
  thrown

2019-08-10T19:07:24+00:00 CRITICAL Uncaught Error: Call to undefined function get_field() in /opt/bitnami/apps/wordpress/asteriscos-wp/wp-content/themes/asteriscos/templates/template-home.php:9
Stack trace:
#0 /opt/bitnami/apps/wordpress/asteriscos-wp/wp-includes/template-loader.php(74): include()
#1 /opt/bitnami/apps/wordpress/asteriscos-wp/wp-blog-header.php(19): require_once('/opt/bitnami/ap...')
#2 /opt/bitnami/apps/wordpress/asteriscos-wp/index.php(17): require('/opt/bitnami/ap...')
#3 {main}
  thrown

2019-08-10T19:32:48+00:00 CRITICAL Uncaught Error: Call to undefined function get_field() in /opt/bitnami/apps/wordpress/asteriscos-wp/wp-content/themes/asteriscos/templates/template-volutario.php:9
Stack trace:
#0 /opt/bitnami/apps/wordpress/asteriscos-wp/wp-includes/template-loader.php(74): include()
#1 /opt/bitnami/apps/wordpress/asteriscos-wp/wp-blog-header.php(19): require_once('/opt/bitnami/ap...')
#2 /opt/bitnami/apps/wordpress/asteriscos-wp/index.php(17): require('/opt/bitnami/ap...')
#3 {main}
  thrown

2019-08-10T19:35:15+00:00 CRITICAL Uncaught Error: Call to undefined function get_field() in /opt/bitnami/apps/wordpress/asteriscos-wp/wp-content/themes/asteriscos/templates/template-item.php:9
Stack trace:
#0 /opt/bitnami/apps/wordpress/asteriscos-wp/wp-includes/template-loader.php(74): include()
#1 /opt/bitnami/apps/wordpress/asteriscos-wp/wp-blog-header.php(19): require_once('/opt/bitnami/ap...')
#2 /opt/bitnami/apps/wordpress/asteriscos-wp/index.php(17): require('/opt/bitnami/ap...')
#3 {main}
  thrown

2019-08-10T19:37:08+00:00 CRITICAL Uncaught Error: Call to undefined function get_field() in /opt/bitnami/apps/wordpress/asteriscos-wp/wp-content/themes/asteriscos/templates/template-volutario.php:9
Stack trace:
#0 /opt/bitnami/apps/wordpress/asteriscos-wp/wp-includes/template-loader.php(74): include()
#1 /opt/bitnami/apps/wordpress/asteriscos-wp/wp-blog-header.php(19): require_once('/opt/bitnami/ap...')
#2 /opt/bitnami/apps/wordpress/asteriscos-wp/index.php(17): require('/opt/bitnami/ap...')
#3 {main}
  thrown

2019-08-10T19:49:56+00:00 CRITICAL Uncaught Error: Call to undefined function get_field() in /opt/bitnami/apps/wordpress/asteriscos-wp/wp-content/themes/asteriscos/templates/template-volutario.php:9
Stack trace:
#0 /opt/bitnami/apps/wordpress/asteriscos-wp/wp-includes/template-loader.php(74): include()
#1 /opt/bitnami/apps/wordpress/asteriscos-wp/wp-blog-header.php(19): require_once('/opt/bitnami/ap...')
#2 /opt/bitnami/apps/wordpress/asteriscos-wp/index.php(17): require('/opt/bitnami/ap...')
#3 {main}
  thrown

2019-08-10T20:46:59+00:00 CRITICAL Uncaught Error: Call to undefined function get_field() in /opt/bitnami/apps/wordpress/asteriscos-wp/wp-content/themes/asteriscos/templates/template-home.php:9
Stack trace:
#0 /opt/bitnami/apps/wordpress/asteriscos-wp/wp-includes/template-loader.php(74): include()
#1 /opt/bitnami/apps/wordpress/asteriscos-wp/wp-blog-header.php(19): require_once('/opt/bitnami/ap...')
#2 /opt/bitnami/apps/wordpress/asteriscos-wp/index.php(17): require('/opt/bitnami/ap...')
#3 {main}
  thrown

2019-08-10T21:01:20+00:00 CRITICAL Uncaught Error: Call to undefined function get_field() in /opt/bitnami/apps/wordpress/asteriscos-wp/wp-content/themes/asteriscos/templates/template-item.php:9
Stack trace:
#0 /opt/bitnami/apps/wordpress/asteriscos-wp/wp-includes/template-loader.php(74): include()
#1 /opt/bitnami/apps/wordpress/asteriscos-wp/wp-blog-header.php(19): require_once('/opt/bitnami/ap...')
#2 /opt/bitnami/apps/wordpress/asteriscos-wp/index.php(17): require('/opt/bitnami/ap...')
#3 {main}
  thrown

2019-08-10T21:33:18+00:00 CRITICAL Uncaught Error: Call to undefined function get_field() in /opt/bitnami/apps/wordpress/asteriscos-wp/wp-content/themes/asteriscos/templates/template-index-grid.php:9
Stack trace:
#0 /opt/bitnami/apps/wordpress/asteriscos-wp/wp-includes/template-loader.php(74): include()
#1 /opt/bitnami/apps/wordpress/asteriscos-wp/wp-blog-header.php(19): require_once('/opt/bitnami/ap...')
#2 /opt/bitnami/apps/wordpress/asteriscos-wp/index.php(17): require('/opt/bitnami/ap...')
#3 {main}
  thrown

2019-08-10T21:40:29+00:00 CRITICAL Uncaught Error: Call to undefined function get_field() in /opt/bitnami/apps/wordpress/asteriscos-wp/wp-content/themes/asteriscos/templates/template-home.php:9
Stack trace:
#0 /opt/bitnami/apps/wordpress/asteriscos-wp/wp-includes/template-loader.php(74): include()
#1 /opt/bitnami/apps/wordpress/asteriscos-wp/wp-blog-header.php(19): require_once('/opt/bitnami/ap...')
#2 /opt/bitnami/apps/wordpress/asteriscos-wp/index.php(17): require('/opt/bitnami/ap...')
#3 {main}
  thrown

2019-08-10T22:11:43+00:00 CRITICAL Uncaught Error: Call to undefined function get_field() in /opt/bitnami/apps/wordpress/asteriscos-wp/wp-content/themes/asteriscos/templates/template-item.php:9
Stack trace:
#0 /opt/bitnami/apps/wordpress/asteriscos-wp/wp-includes/template-loader.php(74): include()
#1 /opt/bitnami/apps/wordpress/asteriscos-wp/wp-blog-header.php(19): require_once('/opt/bitnami/ap...')
#2 /opt/bitnami/apps/wordpress/asteriscos-wp/index.php(17): require('/opt/bitnami/ap...')
#3 {main}
  thrown

2019-08-10T22:29:23+00:00 CRITICAL Uncaught Error: Call to undefined function get_field() in /opt/bitnami/apps/wordpress/asteriscos-wp/wp-content/themes/asteriscos/templates/template-home.php:9
Stack trace:
#0 /opt/bitnami/apps/wordpress/asteriscos-wp/wp-includes/template-loader.php(74): include()
#1 /opt/bitnami/apps/wordpress/asteriscos-wp/wp-blog-header.php(19): require_once('/opt/bitnami/ap...')
#2 /opt/bitnami/apps/wordpress/asteriscos-wp/index.php(17): require('/opt/bitnami/ap...')
#3 {main}
  thrown

2019-08-10T22:46:09+00:00 CRITICAL Uncaught Error: Call to undefined function get_field() in /opt/bitnami/apps/wordpress/asteriscos-wp/wp-content/themes/asteriscos/templates/template-home.php:9
Stack trace:
#0 /opt/bitnami/apps/wordpress/asteriscos-wp/wp-includes/template-loader.php(74): include()
#1 /opt/bitnami/apps/wordpress/asteriscos-wp/wp-blog-header.php(19): require_once('/opt/bitnami/ap...')
#2 /opt/bitnami/apps/wordpress/asteriscos-wp/index.php(17): require('/opt/bitnami/ap...')
#3 {main}
  thrown

2019-08-10T23:22:11+00:00 CRITICAL Uncaught Error: Call to undefined function get_field() in /opt/bitnami/apps/wordpress/asteriscos-wp/wp-content/themes/asteriscos/templates/template-item.php:9
Stack trace:
#0 /opt/bitnami/apps/wordpress/asteriscos-wp/wp-includes/template-loader.php(74): include()
#1 /opt/bitnami/apps/wordpress/asteriscos-wp/wp-blog-header.php(19): require_once('/opt/bitnami/ap...')
#2 /opt/bitnami/apps/wordpress/asteriscos-wp/index.php(17): require('/opt/bitnami/ap...')
#3 {main}
  thrown

2019-08-10T23:50:20+00:00 CRITICAL Uncaught Error: Call to undefined function get_field() in /opt/bitnami/apps/wordpress/asteriscos-wp/wp-content/themes/asteriscos/templates/template-index-grid.php:9
Stack trace:
#0 /opt/bitnami/apps/wordpress/asteriscos-wp/wp-includes/template-loader.php(74): include()
#1 /opt/bitnami/apps/wordpress/asteriscos-wp/wp-blog-header.php(19): require_once('/opt/bitnami/ap...')
#2 /opt/bitnami/apps/wordpress/asteriscos-wp/index.php(17): require('/opt/bitnami/ap...')
#3 {main}
  thrown

